Log file open, 12/31/18 16:44:49
LogWindows: Failed to load 'aqProf.dll' (GetLastError=126)
LogWindows: File 'aqProf.dll' does not exist
LogWindows: Failed to load 'VSPerf140.dll' (GetLastError=126)
LogWindows: File 'VSPerf140.dll' does not exist
LogWindows: Failed to load 'VtuneApi.dll' (GetLastError=126)
LogWindows: File 'VtuneApi.dll' does not exist
LogWindows: Failed to load 'VtuneApi32e.dll' (GetLastError=126)
LogWindows: File 'VtuneApi32e.dll' does not exist
LogInit: Display: Running engine for game: BeamBlaster
LogPlatformFile: Not using cached read wrapper
LogTaskGraph: Started task graph with 5 named threads and 23 total threads with 3 sets of task threads.
LogStats: Stats thread started at 0.274686
LogD3D11RHI: Loaded GFSDK_Aftermath_Lib.x64.dll
LogICUInternationalization: Display: ICU TimeZone Detection - Raw Offset: +7:00, Platform Override: ''
LogPluginManager: Mounting plugin Paper2D
LogPluginManager: Mounting plugin AISupport
LogPluginManager: Mounting plugin LightPropagationVolume
LogPluginManager: Mounting plugin CLionSourceCodeAccess
LogPluginManager: Mounting plugin CodeLiteSourceCodeAccess
LogPluginManager: Mounting plugin GitSourceControl
LogPluginManager: Mounting plugin KDevelopSourceCodeAccess
LogPluginManager: Mounting plugin NullSourceCodeAccess
LogPluginManager: Mounting plugin PerforceSourceControl
LogPluginManager: Mounting plugin SubversionSourceControl
LogPluginManager: Mounting plugin UObjectPlugin
LogPluginManager: Mounting plugin VisualStudioCodeSourceCodeAccess
LogPluginManager: Mounting plugin VisualStudioSourceCodeAccess
LogPluginManager: Mounting plugin XCodeSourceCodeAccess
LogPluginManager: Mounting plugin AssetManagerEditor
LogPluginManager: Mounting plugin CryptoKeys
LogPluginManager: Mounting plugin DataValidation
LogPluginManager: Mounting plugin FacialAnimation
LogPluginManager: Mounting plugin GameplayTagsEditor
LogPluginManager: Mounting plugin MacGraphicsSwitching
LogPluginManager: Mounting plugin MeshEditor
LogPluginManager: Mounting plugin MobileLauncherProfileWizard
LogPluginManager: Mounting plugin PluginBrowser
LogPluginManager: Mounting plugin SpeedTreeImporter
LogPluginManager: Mounting plugin DatasmithContent
LogPluginManager: Mounting plugin AlembicImporter
LogPluginManager: Mounting plugin AppleImageUtils
LogPluginManager: Mounting plugin AppleVision
LogPluginManager: Mounting plugin BackChannel
LogPluginManager: Mounting plugin CharacterAI
LogPluginManager: Mounting plugin GeometryCache
LogPluginManager: Mounting plugin HTML5Networking
LogPluginManager: Mounting plugin ProxyLODPlugin
LogPluginManager: Mounting plugin MagicLeap
LogPluginManager: Mounting plugin MagicLeapEmulator
LogPluginManager: Mounting plugin MagicLeapMedia
LogPluginManager: Mounting plugin AndroidMedia
LogPluginManager: Mounting plugin AvfMedia
LogPluginManager: Mounting plugin ImgMedia
LogPluginManager: Mounting plugin LinearTimecode
LogPluginManager: Mounting plugin MediaCompositing
LogPluginManager: Mounting plugin MediaPlayerEditor
LogPluginManager: Mounting plugin WmfMedia
LogPluginManager: Mounting plugin TcpMessaging
LogPluginManager: Mounting plugin UdpMessaging
LogPluginManager: Mounting plugin ActorSequence
LogPluginManager: Mounting plugin LevelSequenceEditor
LogPluginManager: Mounting plugin MatineeToLevelSequence
LogPluginManager: Mounting plugin NetcodeUnitTest
LogPluginManager: Mounting plugin NUTUnrealEngine4
LogPluginManager: Mounting plugin OnlineSubsystemGooglePlay
LogPluginManager: Mounting plugin OnlineSubsystemIOS
LogPluginManager: Mounting plugin OnlineSubsystem
LogPluginManager: Mounting plugin OnlineSubsystemNull
LogPluginManager: Mounting plugin OnlineSubsystemUtils
LogPluginManager: Mounting plugin LauncherChunkInstaller
LogPluginManager: Mounting plugin AndroidDeviceProfileSelector
LogPluginManager: Mounting plugin AndroidMoviePlayer
LogPluginManager: Mounting plugin AndroidPermission
LogPluginManager: Mounting plugin AppleMoviePlayer
LogPluginManager: Mounting plugin ArchVisCharacter
LogPluginManager: Mounting plugin AudioCapture
LogPluginManager: Mounting plugin CableComponent
LogPluginManager: Mounting plugin CustomMeshComponent
LogPluginManager: Mounting plugin EditableMesh
LogPluginManager: Mounting plugin ExampleDeviceProfileSelector
LogPluginManager: Mounting plugin GoogleCloudMessaging
LogPluginManager: Mounting plugin ImmediatePhysics
LogPluginManager: Mounting plugin IOSDeviceProfileSelector
LogPluginManager: Mounting plugin LinuxDeviceProfileSelector
LogPluginManager: Mounting plugin LocationServicesBPLibrary
LogPluginManager: Mounting plugin MobilePatchingUtils
LogPluginManager: Mounting plugin OculusVR
LogPluginManager: Plugin shader directory ../../../Engine/Plugins/Runtime/Oculus/OculusVR/Shaders found
LogPluginManager: Mapping shader source directory ../../../Engine/Plugins/Runtime/Oculus/OculusVR/Shaders to virtual directory /Plugin/OculusVR
LogPluginManager: Mounting plugin PhysXVehicles
LogPluginManager: Mounting plugin ProceduralMeshComponent
LogPluginManager: Mounting plugin RuntimePhysXCooking
LogPluginManager: Mounting plugin SteamVR
LogPluginManager: Mounting plugin WindowsMoviePlayer
LogStreaming: Display: Took  0.077s to configure plugins.
LogInit: Using libcurl 7.55.1-DEV
LogInit:  - built for x86_64-pc-win32
LogInit:  - supports SSL with OpenSSL/1.0.2h
LogInit:  - supports HTTP deflate (compression) using libz 1.2.8
LogInit:  - other features:
LogInit:      CURL_VERSION_SSL
LogInit:      CURL_VERSION_LIBZ
LogInit:      CURL_VERSION_IPV6
LogInit:      CURL_VERSION_ASYNCHDNS
LogInit:      CURL_VERSION_LARGEFILE
LogInit:      CURL_VERSION_IDN
LogInit:  CurlRequestOptions (configurable via config and command line):
LogInit:  - bVerifyPeer = false  - Libcurl will NOT verify peer certificate
LogInit:  - bUseHttpProxy = false  - Libcurl will NOT use HTTP proxy
LogInit:  - bDontReuseConnections = false  - Libcurl will reuse connections
LogInit:  - CertBundlePath = nullptr  - Libcurl will use whatever was configured at build time.
LogInit:  - MaxHostConnections = 16  - Libcurl will limit the number of connections to a host
LogInit:  - LocalHostAddr = Default
LogInit:  - BufferSize = 65536
LogInit: WinSock: version 1.1 (2.2), MaxSocks=32767, MaxUdp=65467
LogInit: Build: ++UE4+Release-4.20-CL-4369336
LogInit: Engine Version: 4.20.3-4369336+++UE4+Release-4.20
LogInit: Compatible Engine Version: 4.20.0-4212847+++UE4+Release-4.20
LogInit: Net CL: 4212847
LogInit: OS: Windows 10 (), CPU: Intel(R) Core(TM) i7-7700HQ CPU @ 2.80GHz, GPU: Intel(R) HD Graphics 630
LogInit: Compiled (64-bit): Sep 17 2018 12:26:19
LogInit: Compiled with Visual C++: 19.13.26129.00
LogInit: Build Configuration: Development
LogInit: Branch Name: ++UE4+Release-4.20
LogInit: Command Line: 
LogInit: Base Directory: D:/Unreal Engine/UE_4.20/Engine/Binaries/Win64/
LogInit: Installed Engine Build: 1
LogDevObjectVersion: Number of dev versions registered: 20
LogDevObjectVersion:   Dev-Blueprints (B0D832E4-1F89-4F0D-ACCF-7EB736FD4AA2): 10
LogDevObjectVersion:   Dev-Build (E1C64328-A22C-4D53-A36C-8E866417BD8C): 0
LogDevObjectVersion:   Dev-Core (375EC13C-06E4-48FB-B500-84F0262A717E): 2
LogDevObjectVersion:   Dev-Editor (E4B068ED-F494-42E9-A231-DA0B2E46BB41): 24
LogDevObjectVersion:   Dev-Framework (CFFC743F-43B0-4480-9391-14DF171D2073): 34
LogDevObjectVersion:   Dev-Mobile (B02B49B5-BB20-44E9-A304-32B752E40360): 2
LogDevObjectVersion:   Dev-Networking (A4E4105C-59A1-49B5-A7C5-40C4547EDFEE): 0
LogDevObjectVersion:   Dev-Online (39C831C9-5AE6-47DC-9A44-9C173E1C8E7C): 0
LogDevObjectVersion:   Dev-Physics (78F01B33-EBEA-4F98-B9B4-84EACCB95AA2): 0
LogDevObjectVersion:   Dev-Platform (6631380F-2D4D-43E0-8009-CF276956A95A): 0
LogDevObjectVersion:   Dev-Rendering (12F88B9F-8875-4AFC-A67C-D90C383ABD29): 26
LogDevObjectVersion:   Dev-Sequencer (7B5AE74C-D270-4C10-A958-57980B212A5A): 9
LogDevObjectVersion:   Dev-VR (D7296918-1DD6-4BDD-9DE2-64A83CC13884): 2
LogDevObjectVersion:   Dev-LoadTimes (C2A15278-BFE7-4AFE-6C17-90FF531DF755): 1
LogDevObjectVersion:   Private-Geometry (6EACA3D4-40EC-4CC1-B786-8BED09428FC5): 3
LogDevObjectVersion:   Dev-AnimPhys (29E575DD-E0A3-4627-9D10-D276232CDCEA): 17
LogDevObjectVersion:   Dev-ReflectionCapture (6B266CEC-1EC7-4B8F-A30B-E4D90942FC07): 1
LogDevObjectVersion:   Dev-Automation (0DF73D61-A23F-47EA-B727-89E90C41499A): 1
LogDevObjectVersion:   FortniteMain (601D1886-AC64-4F84-AA16-D3DE0DEAC7D6): 12
LogDevObjectVersion:   Dev-Enterprise (9DFFBCD6-494F-0158-E221-12823C92A888): 1
LogStreaming: Display: Took  0.000s to delete old logs.
LogInit: Presizing for max 8388607 objects, including 0 objects not considered by GC, pre-allocating 0 bytes for permanent pool.
LogInit: Object subsystem initialized
[2018.12.31-09.44.49:875][  0]LogInit: Selected Device Profile: [Windows]
[2018.12.31-09.44.49:875][  0]LogInit: Applying CVar settings loaded from the selected device profile: [Windows]
[2018.12.31-09.44.49:903][  0]LogHAL: Display: Platform has ~ 16 GB [17093570560 / 17179869184 / 16], which maps to Larger [LargestMinGB=32, LargerMinGB=12, DefaultMinGB=8, SmallerMinGB=6, SmallestMinGB=0)
[2018.12.31-09.44.49:903][  0]LogInit: Setting Device Profile CVar: [[r.Vulkan.UseRealUBs:1]]
[2018.12.31-09.44.49:903][  0]LogInit: Going up to parent DeviceProfile []
[2018.12.31-09.44.49:903][  0]LogInit: Computer: DESKTOP-FE30NHD
[2018.12.31-09.44.49:903][  0]LogInit: User: paulk
[2018.12.31-09.44.49:903][  0]LogInit: CPU Page size=4096, Cores=4
[2018.12.31-09.44.49:903][  0]LogInit: High frequency timer resolution =2.742191 MHz
[2018.12.31-09.44.49:904][  0]LogMemory: Memory total: Physical=15.9GB (16GB approx)
[2018.12.31-09.44.49:904][  0]LogMemory: Platform Memory Stats for Windows
[2018.12.31-09.44.49:904][  0]LogMemory: Process Physical Memory: 99.38 MB used, 99.38 MB peak
[2018.12.31-09.44.49:904][  0]LogMemory: Process Virtual Memory: 91.04 MB used, 91.04 MB peak
[2018.12.31-09.44.49:904][  0]LogMemory: Physical Memory: 5869.11 MB used,  10432.59 MB free, 16301.70 MB total
[2018.12.31-09.44.49:904][  0]LogMemory: Virtual Memory: 4645.70 MB used,  10432.59 MB free, 134217728.00 MB total
[2018.12.31-09.44.49:922][  0]LogInit: Using OS detected language (en-US).
[2018.12.31-09.44.49:923][  0]LogInit: Using OS detected locale (en-US).
[2018.12.31-09.44.49:923][  0]LogTextLocalizationManager: No specific localization for 'en-US' exists, so the 'en' localization will be used.
[2018.12.31-09.44.50:261][  0]LogStreaming: Display: Took  0.339s to InitEngineTextLocalization.
[2018.12.31-09.44.50:261][  0]LogInit: Setting process to per monitor DPI aware
[2018.12.31-09.44.50:298][  0]LogSlate: New Slate User Created.  User Index 0, Is Virtual User: 0
[2018.12.31-09.44.50:299][  0]LogSlate: Slate User Registered.  User Index 0, Is Virtual User: 0
[2018.12.31-09.44.50:485][  0]LogHMD: Failed to initialize OpenVR with code 110
[2018.12.31-09.44.50:485][  0]LogD3D11RHI: D3D11 adapters:
[2018.12.31-09.44.50:556][  0]LogD3D11RHI:    0. 'NVIDIA GeForce GTX 1050 Ti' (Feature Level 11_0)
[2018.12.31-09.44.50:556][  0]LogD3D11RHI:       4021/0/8150 MB DedicatedVideo/DedicatedSystem/SharedSystem, Outputs:1, VendorId:0x10de
[2018.12.31-09.44.50:568][  0]LogD3D11RHI:    1. 'Intel(R) HD Graphics 630' (Feature Level 11_0)
[2018.12.31-09.44.50:568][  0]LogD3D11RHI:       128/0/8150 MB DedicatedVideo/DedicatedSystem/SharedSystem, Outputs:0, VendorId:0x8086
[2018.12.31-09.44.50:570][  0]LogD3D11RHI:    2. 'Microsoft Basic Render Driver' (Feature Level 11_0)
[2018.12.31-09.44.50:570][  0]LogD3D11RHI:       0/0/8150 MB DedicatedVideo/DedicatedSystem/SharedSystem, Outputs:0, VendorId:0x1414
[2018.12.31-09.44.50:570][  0]LogD3D11RHI: Chosen D3D11 Adapter: 0
[2018.12.31-09.44.50:597][  0]LogD3D11RHI: Creating new Direct3DDevice
[2018.12.31-09.44.50:597][  0]LogD3D11RHI:     GPU DeviceId: 0x1c8c (for the marketing name, search the web for "GPU Device Id")
[2018.12.31-09.44.50:597][  0]LogWindows: EnumDisplayDevices:
[2018.12.31-09.44.50:597][  0]LogWindows:    0. 'Intel(R) HD Graphics 630' (P:1 D:1)
[2018.12.31-09.44.50:597][  0]LogWindows:    1. 'Intel(R) HD Graphics 630' (P:0 D:0)
[2018.12.31-09.44.50:598][  0]LogWindows:    2. 'Intel(R) HD Graphics 630' (P:0 D:0)
[2018.12.31-09.44.50:598][  0]LogWindows: DebugString: PrimaryIsNotTheChoosenAdapter PrimaryIsNotTheChoosenAdapter PrimaryIsNotTheChoosenAdapter FoundDriverCount:0 
[2018.12.31-09.44.50:598][  0]LogD3D11RHI:     Adapter Name: NVIDIA GeForce GTX 1050 Ti
[2018.12.31-09.44.50:598][  0]LogD3D11RHI:   Driver Version: Unknown (internal:Unknown, unified:Unknown)
[2018.12.31-09.44.50:598][  0]LogD3D11RHI:      Driver Date: Unknown
[2018.12.31-09.44.50:598][  0]LogRHI: Texture pool is 2814 MB (70% of 4021 MB)
[2018.12.31-09.44.50:635][  0]LogD3D11RHI: Async texture creation enabled
[2018.12.31-09.44.50:652][  0]LogD3D11RHI: GPU Timing Frequency: 1000.000000 (Debug: 2 2)
[2018.12.31-09.44.50:653][  0]LogShaderCompilers: Guid format shader working directory is -33 characters bigger than the processId version (../../../../../Project Tower Defense 1/GitHub2/Keng/Unreal Engine 4/BeamBlaster/Intermediate/Shaders/WorkingDirectory/1924/).
[2018.12.31-09.44.50:653][  0]LogShaderCompilers: Cleaned the shader compiler working directory 'C:/Users/paulk/AppData/Local/Temp/UnrealShaderWorkingDir/D9D9B6594957A6F934F0109A44E08529/'.
[2018.12.31-09.44.50:899][  0]LogTemp: Display: Loaded TP AllDesktopTargetPlatform
[2018.12.31-09.44.50:910][  0]LogTemp: Display: Loaded TP MacClientTargetPlatform
[2018.12.31-09.44.50:921][  0]LogTemp: Display: Loaded TP MacNoEditorTargetPlatform
[2018.12.31-09.44.50:932][  0]LogTemp: Display: Loaded TP MacServerTargetPlatform
[2018.12.31-09.44.50:944][  0]LogTemp: Display: Loaded TP MacTargetPlatform
[2018.12.31-09.44.50:955][  0]LogTemp: Display: Loaded TP WindowsClientTargetPlatform
[2018.12.31-09.44.50:966][  0]LogTemp: Display: Loaded TP WindowsNoEditorTargetPlatform
[2018.12.31-09.44.50:977][  0]LogTemp: Display: Loaded TP WindowsServerTargetPlatform
[2018.12.31-09.44.50:982][  0]LogTemp: Display: Loaded TP WindowsTargetPlatform
[2018.12.31-09.44.51:049][  0]LogTemp: Display: Loaded TP AndroidTargetPlatform
[2018.12.31-09.44.51:049][  0]LogTemp: Display: Loaded TP AndroidTargetPlatform
[2018.12.31-09.44.51:049][  0]LogTemp: Display: Loaded TP AndroidTargetPlatform
[2018.12.31-09.44.51:049][  0]LogTemp: Display: Loaded TP AndroidTargetPlatform
[2018.12.31-09.44.51:049][  0]LogTemp: Display: Loaded TP AndroidTargetPlatform
[2018.12.31-09.44.51:049][  0]LogTemp: Display: Loaded TP AndroidTargetPlatform
[2018.12.31-09.44.51:049][  0]LogTemp: Display: Loaded TP AndroidTargetPlatform
[2018.12.31-09.44.51:049][  0]LogTemp: Display: Loaded TP AndroidTargetPlatform
[2018.12.31-09.44.51:049][  0]LogTemp: Display: Loaded TP AndroidTargetPlatform
[2018.12.31-09.44.51:049][  0]LogTemp: Display: Loaded TP AndroidTargetPlatform
[2018.12.31-09.44.51:049][  0]LogTemp: Display: Loaded TP AndroidTargetPlatform
[2018.12.31-09.44.51:049][  0]LogTemp: Display: Loaded TP AndroidTargetPlatform
[2018.12.31-09.44.51:049][  0]LogTemp: Display: Loaded TP AndroidTargetPlatform
[2018.12.31-09.44.51:049][  0]LogTemp: Display: Loaded TP AndroidTargetPlatform
[2018.12.31-09.44.51:049][  0]LogTemp: Display: Loaded TP AndroidTargetPlatform
[2018.12.31-09.44.51:049][  0]LogTemp: Display: Loaded TP AndroidTargetPlatform
[2018.12.31-09.44.51:049][  0]LogTemp: Display: Loaded TP AndroidTargetPlatform
[2018.12.31-09.44.51:049][  0]LogTemp: Display: Loaded TP AndroidTargetPlatform
[2018.12.31-09.44.51:050][  0]LogTemp: Display: Loaded TP HTML5TargetPlatform
[2018.12.31-09.44.51:108][  0]LogTemp: Display: Loaded TP IOSTargetPlatform
[2018.12.31-09.44.51:108][  0]LogTemp: Display: Loaded TP IOSTargetPlatform
[2018.12.31-09.44.51:132][  0]LogTemp: Display: Loaded TP TVOSTargetPlatform
[2018.12.31-09.44.51:132][  0]LogTemp: Display: Loaded TP TVOSTargetPlatform
[2018.12.31-09.44.51:143][  0]LogTemp: Display: Loaded TP LinuxClientTargetPlatform
[2018.12.31-09.44.51:154][  0]LogTemp: Display: Loaded TP LinuxNoEditorTargetPlatform
[2018.12.31-09.44.51:165][  0]LogTemp: Display: Loaded TP LinuxServerTargetPlatform
[2018.12.31-09.44.51:176][  0]LogTemp: Display: Loaded TP LinuxTargetPlatform
[2018.12.31-09.44.51:184][  0]LogTemp: Display: Loaded TP LuminTargetPlatform
[2018.12.31-09.44.51:184][  0]LogTargetPlatformManager: Display: Building Assets For Windows
[2018.12.31-09.44.51:226][  0]LogXGEController: Cannot use XGE Controller as Incredibuild is not installed on this machine.
[2018.12.31-09.44.51:226][  0]LogShaderCompilers: Cannot use XGE Shader Compiler as Incredibuild is not installed on this machine.
[2018.12.31-09.44.51:226][  0]LogShaderCompilers: Display: Using Local Shader Compiler.
[2018.12.31-09.44.51:883][  0]LogDerivedDataCache: Display: Max Cache Size: 512 MB
[2018.12.31-09.44.51:933][  0]LogDerivedDataCache: Loaded boot cache 0.05s 71MB C:/Users/paulk/AppData/Local/UnrealEngine/4.20/DerivedDataCache/Boot.ddc.
[2018.12.31-09.44.51:934][  0]LogDerivedDataCache: Display: Loaded Boot cache: C:/Users/paulk/AppData/Local/UnrealEngine/4.20/DerivedDataCache/Boot.ddc
[2018.12.31-09.44.51:934][  0]LogDerivedDataCache: FDerivedDataBackendGraph:  Pak pak cache file ../../../../../Project Tower Defense 1/GitHub2/Keng/Unreal Engine 4/BeamBlaster/DerivedDataCache/DDC.ddp not found, will not use a pak cache.
[2018.12.31-09.44.51:934][  0]LogDerivedDataCache: Unable to find inner node Pak for hierarchical cache Hierarchy.
[2018.12.31-09.44.51:934][  0]LogDerivedDataCache: FDerivedDataBackendGraph:  CompressedPak pak cache file ../../../../../Project Tower Defense 1/GitHub2/Keng/Unreal Engine 4/BeamBlaster/DerivedDataCache/Compressed.ddp not found, will not use a pak cache.
[2018.12.31-09.44.51:934][  0]LogDerivedDataCache: Unable to find inner node CompressedPak for hierarchical cache Hierarchy.
[2018.12.31-09.44.51:946][  0]LogDerivedDataCache: Display: Pak cache opened for reading ../../../Engine/DerivedDataCache/Compressed.ddp.
[2018.12.31-09.44.51:958][  0]LogDerivedDataCache: Using Local data cache path C:/Users/paulk/AppData/Local/UnrealEngine/Common/DerivedDataCache: Writable
[2018.12.31-09.44.51:958][  0]LogDerivedDataCache: Shared data cache path not found in *engine.ini, will not use an Shared cache.
[2018.12.31-09.44.51:958][  0]LogDerivedDataCache: Unable to find inner node Shared for hierarchical cache Hierarchy.
[2018.12.31-09.44.51:975][  0]LogMaterial: Verifying Global Shaders for PCD3D_SM5
[2018.12.31-09.44.51:976][  0]LogSlate: Using FreeType 2.6.0
[2018.12.31-09.44.51:977][  0]LogSlate: SlateFontServices - WITH_FREETYPE: 1, WITH_HARFBUZZ: 1
[2018.12.31-09.44.52:045][  0]LogAssetRegistry: FAssetRegistry took 0.0257 seconds to start up
[2018.12.31-09.44.52:320][  0]LogInit: Selected Device Profile: [Windows]
[2018.12.31-09.44.52:438][  0]LogSimplygon: Simplygon DLL not present - disabling.
[2018.12.31-09.44.52:441][  0]LogMeshReduction: Using SimplygonSwarm for distributed automatic mesh merging
[2018.12.31-09.44.52:441][  0]LogMeshReduction: Using ProxyLODMeshReduction for automatic mesh merging
[2018.12.31-09.44.52:441][  0]LogMeshReduction: Using QuadricMeshReduction for automatic static mesh reduction
[2018.12.31-09.44.52:441][  0]LogMeshReduction: No automatic skeletal mesh reduction module available
[2018.12.31-09.44.52:455][  0]LogNetVersion: BeamBlaster 1.0.0, NetCL: 4212847, EngineNetVer: 5, GameNetVer: 0 (Checksum: 3485648170)
[2018.12.31-09.44.52:899][  0]LogPackageLocalizationCache: Processed 11 localized package path(s) for 2 prioritized culture(s) in 0.078312 seconds
[2018.12.31-09.44.52:905][  0]LogUObjectArray: 38425 objects as part of root set at end of initial load.
[2018.12.31-09.44.52:905][  0]LogUObjectAllocator: 6690864 out of 0 bytes used by permanent object pool.
[2018.12.31-09.44.52:905][  0]LogUObjectArray: CloseDisregardForGC: 0/0 objects in disregard for GC pool
[2018.12.31-09.44.53:629][  0]LogTcpMessaging: Initializing TcpMessaging bridge
[2018.12.31-09.44.53:643][  0]LogUdpMessaging: Initializing bridge on interface 0.0.0.0:0 to multicast group 230.0.0.1:6666.
[2018.12.31-09.44.53:806][  0]SourceControl: Source control is disabled
[2018.12.31-09.44.53:806][  0]SourceControl: Source control is disabled
[2018.12.31-09.44.53:807][  0]SourceControl: Source control is disabled
[2018.12.31-09.44.53:808][  0]SourceControl: Source control is disabled
[2018.12.31-09.44.53:958][  0]LogAndroidPermission: UAndroidPermissionCallbackProxy::GetInstance
[2018.12.31-09.44.54:008][  0]LogOcInput: OculusInput pre-init called
[2018.12.31-09.44.54:061][  0]LogEngine: Initializing Engine...
[2018.12.31-09.44.54:061][  0]LogHMD: Failed to initialize OpenVR with code 110
[2018.12.31-09.44.54:062][  0]LogStats: UGameplayTagsManager::ConstructGameplayTagTree: ImportINI prefixes -  0.000 s
[2018.12.31-09.44.54:062][  0]LogStats: UGameplayTagsManager::ConstructGameplayTagTree: Construct from data asset -  0.000 s
[2018.12.31-09.44.54:062][  0]LogStats: UGameplayTagsManager::ConstructGameplayTagTree: ImportINI -  0.000 s
[2018.12.31-09.44.54:062][  0]LogStats: UGameplayTagsManager::ConstructGameplayTagTree: GameplayTagTreeChangedEvent.Broadcast -  0.000 s
[2018.12.31-09.44.54:255][  0]LogInit: Initializing FReadOnlyCVARCache
[2018.12.31-09.44.54:265][  0]LogAIModule: Creating AISystem for world Untitled
[2018.12.31-09.44.54:273][  0]LogInit: XAudio2 using 'Speakers (Realtek High Definition Audio)' : 2 channels at 48 kHz using 32 bits per sample (channel mask 0x3)
[2018.12.31-09.44.54:385][  0]LogInit: FAudioDevice initialized.
[2018.12.31-09.44.54:385][  0]LogNetVersion: Set ProjectVersion to 1.0.0.0. Version Checksum will be recalculated on next use.
[2018.12.31-09.44.54:480][  0]LogDerivedDataCache: Saved boot cache 0.09s 71MB C:/Users/paulk/AppData/Local/UnrealEngine/4.20/DerivedDataCache/Boot.ddc.
[2018.12.31-09.44.54:498][  0]LogInit: Texture streaming: Enabled
[2018.12.31-09.44.54:509][  0]LogEngineSessionManager: EngineSessionManager initialized
[2018.12.31-09.44.54:519][  0]LogInit: Transaction tracking system initialized
[2018.12.31-09.44.54:532][  0]BlueprintLog: New page: Editor Load
[2018.12.31-09.44.54:580][  0]LocalizationService: Localization service is disabled
[2018.12.31-09.44.54:800][  0]LogCook: Display: Max memory allowance for cook 16384mb min free memory 0mb
[2018.12.31-09.44.54:800][  0]LogCook: Display: Mobile HDR setting 1
[2018.12.31-09.44.54:800][  0]LogGameplayTags: Display: UGameplayTagsManager::DoneAddingNativeTags. DelegateIsBound: 0
[2018.12.31-09.44.54:800][  0]LogFileCache: Scanning file cache for directory 'D:/Project Tower Defense 1/GitHub2/Keng/Unreal Engine 4/BeamBlaster/Content/' took 0.01s
[2018.12.31-09.44.54:800][  0]LogStats: UGameplayTagsManager::ConstructGameplayTagTree: ImportINI prefixes -  0.000 s
[2018.12.31-09.44.54:800][  0]LogStats: UGameplayTagsManager::ConstructGameplayTagTree: Construct from data asset -  0.000 s
[2018.12.31-09.44.54:800][  0]LogStats: UGameplayTagsManager::ConstructGameplayTagTree: ImportINI -  0.000 s
[2018.12.31-09.44.54:800][  0]LogStats: UGameplayTagsManager::ConstructGameplayTagTree: GameplayTagTreeChangedEvent.Broadcast -  0.000 s
[2018.12.31-09.44.54:890][  0]SourceControl: Source control is disabled
[2018.12.31-09.44.54:890][  0]Cmd: MAP LOAD FILE="../../../Engine/Content/Maps/Templates/Template_Default.umap" TEMPLATE=1 SHOWPROGRESS=1 FEATURELEVEL=3
[2018.12.31-09.44.54:890][  0]LightingResults: New page: Lighting Build
[2018.12.31-09.44.54:892][  0]MapCheck: New page: Map Check
[2018.12.31-09.44.54:892][  0]LightingResults: New page: Lighting Build
[2018.12.31-09.44.55:079][  0]LogAIModule: Creating AISystem for world Untitled_1
[2018.12.31-09.44.55:085][  0]LogEditorServer: Finished looking for orphan Actors (0.000 secs)
[2018.12.31-09.44.55:107][  0]Cmd: MAP CHECKDEP NOCLEARLOG
[2018.12.31-09.44.55:150][  0]MapCheck: Map check complete: 0 Error(s), 0 Warning(s), took 42.75ms to complete.
[2018.12.31-09.44.55:150][  0]LogFileHelpers: Loading map 'Template_Default' took 0.260
[2018.12.31-09.44.55:256][  0]LogSlate: Updating window title bar state: overlay mode, drag disabled, window buttons hidden, title bar hidden
[2018.12.31-09.44.55:262][  0]LogSlate: Updating window title bar state: overlay mode, drag disabled, window buttons hidden, title bar hidden
[2018.12.31-09.44.55:269][  0]LogSlate: Updating window title bar state: overlay mode, drag disabled, window buttons hidden, title bar hidden
[2018.12.31-09.44.55:276][  0]LogSlate: Updating window title bar state: overlay mode, drag disabled, window buttons hidden, title bar hidden
[2018.12.31-09.44.55:281][  0]LogCollectionManager: Loaded 0 collections in 0.000850 seconds
[2018.12.31-09.44.55:319][  0]LogFileCache: Scanning file cache for directory 'D:/Project Tower Defense 1/GitHub2/Keng/Unreal Engine 4/BeamBlaster/Saved/Collections/' took 0.01s
[2018.12.31-09.44.55:320][  0]LogFileCache: Scanning file cache for directory 'D:/Project Tower Defense 1/GitHub2/Keng/Unreal Engine 4/BeamBlaster/Content/Developers/paulk/Collections/' took 0.01s
[2018.12.31-09.44.55:320][  0]LogFileCache: Scanning file cache for directory 'D:/Project Tower Defense 1/GitHub2/Keng/Unreal Engine 4/BeamBlaster/Content/Collections/' took 0.01s
[2018.12.31-09.44.55:320][  0]LogCollectionManager: Rebuilt the GUID cache for 0 collections in 0.000000 seconds
[2018.12.31-09.44.55:330][  0]LogContentBrowser: Native class hierarchy populated in 0.0099 seconds. Added 2572 classes and 603 folders.
[2018.12.31-09.44.55:335][  0]LogContentBrowser: Native class hierarchy updated for 'WidgetCarousel' in 0.0003 seconds. Added 0 classes and 0 folders.
[2018.12.31-09.44.55:370][  0]LogContentBrowser: Native class hierarchy updated for 'AddContentDialog' in 0.0002 seconds. Added 0 classes and 0 folders.
[2018.12.31-09.44.55:373][  0]LogContentBrowser: Native class hierarchy updated for 'SceneOutliner' in 0.0002 seconds. Added 1 classes and 2 folders.
[2018.12.31-09.44.55:386][  0]LogSlate: Took 0.000201 seconds to synchronously load lazily loaded font '../../../Engine/Content/Slate/Fonts/Roboto-Regular.ttf' (155K)
[2018.12.31-09.44.55:389][  0]LogSlate: Took 0.000203 seconds to synchronously load lazily loaded font '../../../Engine/Content/Slate/Fonts/Roboto-Bold.ttf' (160K)
[2018.12.31-09.44.55:393][  0]LogSlate: Took 0.000222 seconds to synchronously load lazily loaded font '../../../Engine/Content/Editor/Slate/Fonts/FontAwesome.ttf' (139K)
[2018.12.31-09.44.55:467][  0]LogRenderer: Reallocating scene render targets to support 1208x600 Format 10 NumSamples 1 (Frame:1).
[2018.12.31-09.44.55:589][  0]LogContentBrowser: Native class hierarchy updated for 'HierarchicalLODOutliner' in 0.0003 seconds. Added 0 classes and 0 folders.
[2018.12.31-09.44.55:589][  0]LogLoad: (Engine Initialization) Total time: 7.13 seconds
[2018.12.31-09.44.55:589][  0]LogLoad: (Engine Initialization) Total Blueprint compile time: 0.00 seconds
[2018.12.31-09.44.55:599][  0]LogWindowsTextInputMethodSystem: Display: IME system now deactivated.
[2018.12.31-09.44.55:622][  0]LogContentStreaming: Texture pool size now 1000 MB
[2018.12.31-09.44.55:754][  0]LogSlate: Took 0.000206 seconds to synchronously load lazily loaded font '../../../Engine/Content/Slate/Fonts/Roboto-Light.ttf' (167K)
[2018.12.31-09.44.55:783][  1]LogAssetRegistry: Asset discovery search completed in 3.7613 seconds
[2018.12.31-09.44.55:786][  1]LogCollectionManager: Rebuilt the object cache for 0 collections in 0.000000 seconds (found 0 objects)
[2018.12.31-09.44.55:786][  1]LogCollectionManager: Fixed up redirectors for 0 collections in 0.000061 seconds (updated 0 objects)
[2018.12.31-09.44.59:126][394]LogSlate: FSceneViewport::OnFocusLost() reason 0
[2018.12.31-09.45.08:963][563]LogActorFactory: Actor Factory created BeamBlaster_Idle_beamblaster_stand
[2018.12.31-09.45.08:965][563]LogActorFactory: Actor Factory created BeamBlaster_Idle_beamblaster_canon
[2018.12.31-09.45.10:761][777]LogActorFactory: Actor Factory created BeamBlaster_Idle_beamblaster_stand
[2018.12.31-09.45.10:785][777]LogActorFactory: Actor Factory created BeamBlaster_Idle_beamblaster_canon
[2018.12.31-09.45.13:491][ 88]LogSlate: FSceneViewport::OnFocusLost() reason 0
[2018.12.31-09.45.14:880][253]Cmd: CAMERA ALIGN ACTIVEVIEWPORTONLY
[2018.12.31-09.45.25:081][453]LogEditorViewport: Clicking on Actor (context menu): StaticMeshActor (BeamBlaster_Idle_beamblaster_canon)
[2018.12.31-09.45.25:105][453]LogSlate: FSceneViewport::OnFocusLost() reason 2
[2018.12.31-09.46.01:568][437]LogSlate: Only BGRA pngs, bmps or icos are supported in by External Image Picker
[2018.12.31-09.46.01:680][438]LogTemp: Executing iPhonePackager certificates Engine -bundlename com.YourCompany.BeamBlaster
[2018.12.31-09.46.01:680][438]LogTemp: CWD: D:\Unreal Engine\UE_4.20\Engine\Binaries\DotNET\IOS
[2018.12.31-09.46.01:680][438]LogTemp: Initial Dir: D:\Unreal Engine\UE_4.20
[2018.12.31-09.46.01:680][438]LogTemp: Env CWD: D:\Unreal Engine\UE_4.20\Engine\Binaries\DotNET\IOS
[2018.12.31-09.46.01:680][438]LogTemp: BranchPath = DESKTOP-FE30NHD/D/Unreal Engine/UE_4.20/Engine/Binaries --- GameBranchPath = DESKTOP-FE30NHD/D/Unreal Engine/UE_4.20/Engine/Binaries
[2018.12.31-09.46.01:680][438]LogTemp: IPP ERROR: Could not find provision directory 'C:\Users\paulk\AppData\Local/Apple Computer/MobileDevice/Provisioning Profiles/'.
[2018.12.31-09.46.04:759][763]LogSlate: Window 'Project Settings' being destroyed
[2018.12.31-09.46.04:767][763]LogSlate: Window 'Project Settings' being destroyed
[2018.12.31-09.47.04:253][216]LogSlate: Window 'Editor Preferences' being destroyed
[2018.12.31-09.47.04:259][216]LogSlate: Window 'Editor Preferences' being destroyed
[2018.12.31-09.47.19:664][ 40]LogSlate: FSceneViewport::OnFocusLost() reason 2
[2018.12.31-09.47.34:817][846]LogSlate: FSceneViewport::OnFocusLost() reason 0
[2018.12.31-09.47.46:721][264]LogEditorViewport: Clicking on Actor (LMB): BP_Sky_Sphere_C (Sky Sphere)
[2018.12.31-09.47.48:223][436]LogSlate: Took 0.000155 seconds to synchronously load lazily loaded font '../../../Engine/Content/Slate/Fonts/Roboto-Light.ttf' (167K)
[2018.12.31-09.47.48:226][436]LogSlate: FSceneViewport::OnFocusLost() reason 2
[2018.12.31-09.47.56:793][436]LogSlate: Window 'Save Level As' being destroyed
[2018.12.31-09.47.56:904][436]LogSavePackage: Moving '../../../../../Project Tower Defense 1/GitHub2/Keng/Unreal Engine 4/BeamBlaster/Saved/BeamBlaster30E9928E4B4936E16999D2814B1F615A.tmp' to '../../../../../Project Tower Defense 1/GitHub2/Keng/Unreal Engine 4/BeamBlaster/Content/BeamBlaster.umap'
[2018.12.31-09.47.56:936][436]LogFileHelpers: Saving map 'BeamBlaster' took 0.137
[2018.12.31-09.48.23:217][588]LogEditorViewport: Clicking on Actor (LMB): StaticMeshActor (BeamBlaster_Idle_beamblaster_canon)
[2018.12.31-09.48.28:323][186]LogSlate: FSceneViewport::OnFocusLost() reason 0
[2018.12.31-09.48.31:655][572]LogActorFactory: Actor Factory created BeamBlaster_Beam_Idle
[2018.12.31-09.48.34:346][865]LogActorFactory: Actor Factory created BeamBlaster_Beam_Idle
[2018.12.31-09.48.48:447][539]LogSlate: FSceneViewport::OnFocusLost() reason 0
[2018.12.31-09.49.00:922][ 27]LogEditorViewport: Clicking on Actor (LMB): StaticMeshActor (BeamBlaster_Beam_Idle)
[2018.12.31-09.49.01:977][151]LogEditorViewport: Clicking on Actor (LMB): BP_Sky_Sphere_C (Sky Sphere)
[2018.12.31-09.49.09:009][984]LogSlate: FSceneViewport::OnFocusLost() reason 2
[2018.12.31-09.49.09:118][984]LogSavePackage: Moving '../../../../../Project Tower Defense 1/GitHub2/Keng/Unreal Engine 4/BeamBlaster/Saved/BeamBlaster43DE966F43B16CCD82F36F91FCFF095F.tmp' to '../../../../../Project Tower Defense 1/GitHub2/Keng/Unreal Engine 4/BeamBlaster/Content/BeamBlaster.umap'
[2018.12.31-09.49.09:145][984]LogFileHelpers: Saving map 'BeamBlaster' took 0.124
[2018.12.31-09.49.09:148][984]Cmd: OBJ SAVEPACKAGE PACKAGE="/Game/BeamBlaster_BuiltData" FILE="../../../../../Project Tower Defense 1/GitHub2/Keng/Unreal Engine 4/BeamBlaster/Content/BeamBlaster_BuiltData.uasset" SILENT=true
[2018.12.31-09.49.09:165][984]LogSavePackage: Moving '../../../../../Project Tower Defense 1/GitHub2/Keng/Unreal Engine 4/BeamBlaster/Saved/BeamBlaster_BuiltData1746984044D8E09893F9CE825E632151.tmp' to '../../../../../Project Tower Defense 1/GitHub2/Keng/Unreal Engine 4/BeamBlaster/Content/BeamBlaster_BuiltData.uasset'
[2018.12.31-09.49.11:761][291]LogSlate: FSceneViewport::OnFocusLost() reason 0
[2018.12.31-09.49.11:934][301]LogSlate: Window 'BeamBlaster - Unreal Editor' being destroyed
[2018.12.31-09.49.11:935][301]LogWindowsTextInputMethodSystem: Display: IME system now deactivated.
[2018.12.31-09.49.12:120][302]Cmd: QUIT_EDITOR
[2018.12.31-09.49.12:158][302]LogExit: Preparing to exit.
[2018.12.31-09.49.12:824][302]LogExit: Editor shut down
[2018.12.31-09.49.12:825][302]LogExit: Transaction tracking system shut down
[2018.12.31-09.49.13:140][302]LogExit: Object subsystem successfully closed.
[2018.12.31-09.49.13:162][302]LogShaderCompilers: Display: Shaders left to compile 0
[2018.12.31-09.49.13:165][302]LogD3D11RHI: Shutdown
[2018.12.31-09.49.13:165][302]LogD3D11RHI: CleanupD3DDevice
[2018.12.31-09.49.13:166][302]LogD3D11RHI: ~FD3D11DynamicRHI
[2018.12.31-09.49.13:177][302]LogModuleManager: Shutting down and abandoning module ExternalImagePicker (614)
[2018.12.31-09.49.13:177][302]LogModuleManager: Shutting down and abandoning module HierarchicalLODOutliner (612)
[2018.12.31-09.49.13:177][302]LogModuleManager: Shutting down and abandoning module SceneOutliner (610)
[2018.12.31-09.49.13:177][302]LogModuleManager: Shutting down and abandoning module AddContentDialog (608)
[2018.12.31-09.49.13:177][302]LogModuleManager: Shutting down and abandoning module WidgetCarousel (607)
[2018.12.31-09.49.13:177][302]LogModuleManager: Shutting down and abandoning module EditorWidgets (604)
[2018.12.31-09.49.13:177][302]LogModuleManager: Shutting down and abandoning module CollectionManager (602)
[2018.12.31-09.49.13:178][302]LogModuleManager: Shutting down and abandoning module HierarchicalLODUtilities (600)
[2018.12.31-09.49.13:178][302]LogModuleManager: Shutting down and abandoning module StatsViewer (598)
[2018.12.31-09.49.13:178][302]LogModuleManager: Shutting down and abandoning module FoliageEdit (596)
[2018.12.31-09.49.13:178][302]LogModuleManager: Shutting down and abandoning module LandscapeEditor (594)
[2018.12.31-09.49.13:178][302]LogModuleManager: Shutting down and abandoning module MeshPaintMode (592)
[2018.12.31-09.49.13:178][302]LogModuleManager: Shutting down and abandoning module SceneDepthPickerMode (590)
[2018.12.31-09.49.13:178][302]LogModuleManager: Shutting down and abandoning module ActorPickerMode (588)
[2018.12.31-09.49.13:178][302]LogModuleManager: Shutting down and abandoning module GeometryMode (586)
[2018.12.31-09.49.13:178][302]LogModuleManager: Shutting down and abandoning module TextureAlignMode (584)
[2018.12.31-09.49.13:178][302]LogModuleManager: Shutting down and abandoning module BspMode (582)
[2018.12.31-09.49.13:178][302]LogModuleManager: Shutting down and abandoning module PIEPreviewDeviceProfileSelector (580)
[2018.12.31-09.49.13:178][302]LogModuleManager: Shutting down and abandoning module SequenceRecorderSections (578)
[2018.12.31-09.49.13:178][302]LogModuleManager: Shutting down and abandoning module AutomationWorker (576)
[2018.12.31-09.49.13:178][302]LogModuleManager: Shutting down and abandoning module AudioCaptureEditor (574)
[2018.12.31-09.49.13:178][302]LogModuleManager: Shutting down and abandoning module SequenceRecorder (573)
[2018.12.31-09.49.13:178][302]LogModuleManager: Shutting down and abandoning module MatineeToLevelSequence (570)
[2018.12.31-09.49.13:178][302]LogModuleManager: Shutting down and abandoning module LevelSequenceEditor (568)
[2018.12.31-09.49.13:178][302]LogModuleManager: Shutting down and abandoning module PlacementMode (567)
[2018.12.31-09.49.13:178][302]LogModuleManager: Shutting down and abandoning module MaterialEditor (566)
[2018.12.31-09.49.13:178][302]LogModuleManager: Shutting down and abandoning module WmfMediaFactory (562)
[2018.12.31-09.49.13:178][302]LogModuleManager: Shutting down and abandoning module WmfMediaEditor (560)
[2018.12.31-09.49.13:178][302]LogModuleManager: Shutting down and abandoning module MediaPlayerEditor (558)
[2018.12.31-09.49.13:178][302]LogModuleManager: Shutting down and abandoning module OpenExrWrapper (556)
[2018.12.31-09.49.13:178][302]LogModuleManager: Shutting down and abandoning module ImgMediaFactory (554)
[2018.12.31-09.49.13:178][302]LogModuleManager: Shutting down and abandoning module ImgMediaEditor (552)
[2018.12.31-09.49.13:178][302]LogModuleManager: Shutting down and abandoning module AvfMediaFactory (550)
[2018.12.31-09.49.13:178][302]LogModuleManager: Shutting down and abandoning module AvfMediaEditor (548)
[2018.12.31-09.49.13:178][302]LogModuleManager: Shutting down and abandoning module AndroidMediaFactory (546)
[2018.12.31-09.49.13:178][302]LogModuleManager: Shutting down and abandoning module AndroidMediaEditor (544)
[2018.12.31-09.49.13:178][302]LogModuleManager: Shutting down and abandoning module MagicLeapCameraPreviewFactory (542)
[2018.12.31-09.49.13:178][302]LogModuleManager: Shutting down and abandoning module MagicLeapMediaFactory (540)
[2018.12.31-09.49.13:178][302]LogModuleManager: Shutting down and abandoning module MagicLeapMediaEditor (538)
[2018.12.31-09.49.13:178][302]LogModuleManager: Shutting down and abandoning module CharacterAI (536)
[2018.12.31-09.49.13:178][302]LogModuleManager: Shutting down and abandoning module SmartSnapping (534)
[2018.12.31-09.49.13:178][302]LogModuleManager: Shutting down and abandoning module SessionServices (532)
[2018.12.31-09.49.13:178][302]LogModuleManager: Shutting down and abandoning module ViewportSnapping (530)
[2018.12.31-09.49.13:178][302]LogModuleManager: Shutting down and abandoning module ViewportInteraction (528)
[2018.12.31-09.49.13:178][302]LogModuleManager: Shutting down and abandoning module ClothPainter (526)
[2018.12.31-09.49.13:178][302]LogModuleManager: Shutting down and abandoning module SkeletalMeshEditor (525)
[2018.12.31-09.49.13:179][302]LogModuleManager: Shutting down and abandoning module LogVisualizer (522)
[2018.12.31-09.49.13:179][302]LogModuleManager: Shutting down and abandoning module IntroTutorials (520)
[2018.12.31-09.49.13:179][302]LogModuleManager: Shutting down and abandoning module GameProjectGeneration (519)
[2018.12.31-09.49.13:179][302]LogModuleManager: Shutting down and abandoning module LuminPlatformEditor (516)
[2018.12.31-09.49.13:179][302]LogModuleManager: Shutting down and abandoning module IOSPlatformEditor (514)
[2018.12.31-09.49.13:179][302]LogModuleManager: Shutting down and abandoning module HTML5PlatformEditor (512)
[2018.12.31-09.49.13:179][302]LogModuleManager: Shutting down and abandoning module AndroidPlatformEditor (510)
[2018.12.31-09.49.13:179][302]LogModuleManager: Shutting down and abandoning module AndroidDeviceDetection (509)
[2018.12.31-09.49.13:757][302]LogModuleManager: Shutting down and abandoning module WindowsPlatformEditor (506)
[2018.12.31-09.49.13:757][302]LogModuleManager: Shutting down and abandoning module LuminRuntimeSettings (504)
[2018.12.31-09.49.13:757][302]LogModuleManager: Shutting down and abandoning module IOSRuntimeSettings (502)
[2018.12.31-09.49.13:757][302]LogModuleManager: Shutting down and abandoning module AndroidRuntimeSettings (500)
[2018.12.31-09.49.13:757][302]LogModuleManager: Shutting down and abandoning module InputBindingEditor (498)
[2018.12.31-09.49.13:757][302]LogModuleManager: Shutting down and abandoning module MergeActors (496)
[2018.12.31-09.49.13:757][302]LogModuleManager: Shutting down and abandoning module LocalizationDashboard (494)
[2018.12.31-09.49.13:757][302]LogModuleManager: Shutting down and abandoning module LocalizationService (493)
[2018.12.31-09.49.13:757][302]LogModuleManager: Shutting down and abandoning module HardwareTargeting (490)
[2018.12.31-09.49.13:757][302]LogModuleManager: Shutting down and abandoning module DeviceProfileEditor (488)
[2018.12.31-09.49.13:757][302]LogModuleManager: Shutting down and abandoning module UndoHistory (486)
[2018.12.31-09.49.13:757][302]LogModuleManager: Shutting down and abandoning module XmlParser (484)
[2018.12.31-09.49.13:757][302]LogModuleManager: Shutting down and abandoning module Blutility (482)
[2018.12.31-09.49.13:757][302]LogModuleManager: Shutting down and abandoning module ProjectSettingsViewer (480)
[2018.12.31-09.49.13:757][302]LogModuleManager: Shutting down and abandoning module ProjectTargetPlatformEditor (479)
[2018.12.31-09.49.13:758][302]LogModuleManager: Shutting down and abandoning module EditorSettingsViewer (476)
[2018.12.31-09.49.13:758][302]LogModuleManager: Shutting down and abandoning module SettingsEditor (474)
[2018.12.31-09.49.13:758][302]LogModuleManager: Shutting down and abandoning module ProjectLauncher (472)
[2018.12.31-09.49.13:758][302]LogModuleManager: Shutting down and abandoning module SessionFrontend (470)
[2018.12.31-09.49.13:758][302]LogModuleManager: Shutting down and abandoning module ProfilerClient (468)
[2018.12.31-09.49.13:758][302]LogModuleManager: Shutting down and abandoning module DeviceManager (466)
[2018.12.31-09.49.13:758][302]LogModuleManager: Shutting down and abandoning module TargetDeviceServices (465)
[2018.12.31-09.49.13:802][302]LogModuleManager: Shutting down and abandoning module AutomationController (462)
[2018.12.31-09.49.13:802][302]LogModuleManager: Shutting down and abandoning module AutomationWindow (460)
[2018.12.31-09.49.13:802][302]LogModuleManager: Shutting down and abandoning module Layers (458)
[2018.12.31-09.49.13:802][302]LogModuleManager: Shutting down and abandoning module ComponentVisualizers (456)
[2018.12.31-09.49.13:802][302]LogModuleManager: Shutting down and abandoning module DetailCustomizations (454)
[2018.12.31-09.49.13:802][302]LogModuleManager: Shutting down and abandoning module PackagesDialog (452)
[2018.12.31-09.49.13:802][302]LogModuleManager: Shutting down and abandoning module Persona (450)
[2018.12.31-09.49.13:802][302]LogModuleManager: Shutting down and abandoning module AdvancedPreviewScene (449)
[2018.12.31-09.49.13:802][302]LogModuleManager: Shutting down and abandoning module AnimGraph (447)
[2018.12.31-09.49.13:802][302]LogModuleManager: Shutting down and abandoning module Kismet (444)
[2018.12.31-09.49.13:802][302]LogModuleManager: Shutting down and abandoning module GraphEditor (442)
[2018.12.31-09.49.13:802][302]LogModuleManager: Shutting down and abandoning module ClassViewer (440)
[2018.12.31-09.49.13:802][302]LogModuleManager: Shutting down and abandoning module Toolbox (438)
[2018.12.31-09.49.13:802][302]LogModuleManager: Shutting down and abandoning module ModuleUI (436)
[2018.12.31-09.49.13:802][302]LogModuleManager: Shutting down and abandoning module MovieSceneTools (434)
[2018.12.31-09.49.13:802][302]LogModuleManager: Shutting down and abandoning module OutputLog (432)
[2018.12.31-09.49.13:802][302]LogModuleManager: Shutting down and abandoning module GammaUI (430)
[2018.12.31-09.49.13:802][302]LogModuleManager: Shutting down and abandoning module Documentation (428)
[2018.12.31-09.49.13:802][302]LogModuleManager: Shutting down and abandoning module MovieSceneTracks (426)
[2018.12.31-09.49.13:802][302]LogModuleManager: Shutting down and abandoning module MovieScene (424)
[2018.12.31-09.49.13:802][302]LogModuleManager: Shutting down and abandoning module StreamingPauseRendering (422)
[2018.12.31-09.49.13:802][302]LogModuleManager: Shutting down and abandoning module LauncherPlatform (420)
[2018.12.31-09.49.13:802][302]LogModuleManager: Shutting down and abandoning module AnalyticsET (418)
[2018.12.31-09.49.13:802][302]LogModuleManager: Shutting down and abandoning module PortalServices (416)
[2018.12.31-09.49.13:803][302]LogModuleManager: Shutting down and abandoning module PortalRpc (414)
[2018.12.31-09.49.13:803][302]LogModuleManager: Shutting down and abandoning module MessagingRpc (412)
[2018.12.31-09.49.13:803][302]LogModuleManager: Shutting down and abandoning module AIModule (410)
[2018.12.31-09.49.13:803][302]LogModuleManager: Shutting down and abandoning module GameplayDebugger (409)
[2018.12.31-09.49.13:803][302]LogModuleManager: Shutting down and abandoning module AITestSuite (407)
[2018.12.31-09.49.13:803][302]LogModuleManager: Shutting down and abandoning module NavigationSystem (405)
[2018.12.31-09.49.13:803][302]LogModuleManager: Shutting down and abandoning module DesktopPlatform (402)
[2018.12.31-09.49.13:803][302]LogModuleManager: Shutting down and abandoning module ProfilerService (400)
[2018.12.31-09.49.13:962][302]LogModuleManager: Shutting down and abandoning module TaskGraph (398)
[2018.12.31-09.49.13:962][302]LogModuleManager: Shutting down and abandoning module SteamVRController (396)
[2018.12.31-09.49.13:962][302]LogModuleManager: Shutting down and abandoning module ProceduralMeshComponentEditor (394)
[2018.12.31-09.49.13:962][302]LogModuleManager: Shutting down and abandoning module ProceduralMeshComponent (392)
[2018.12.31-09.49.13:962][302]LogModuleManager: Shutting down and abandoning module OculusInput (390)
[2018.12.31-09.49.13:962][302]LogModuleManager: Shutting down and abandoning module MobilePatchingUtils (388)
[2018.12.31-09.49.13:962][302]LogModuleManager: Shutting down and abandoning module EditableMesh (386)
[2018.12.31-09.49.13:962][302]LogModuleManager: Shutting down and abandoning module CustomMeshComponent (384)
[2018.12.31-09.49.13:962][302]LogModuleManager: Shutting down and abandoning module CableComponent (382)
[2018.12.31-09.49.13:963][302]LogModuleManager: Shutting down and abandoning module AudioCapture (380)
[2018.12.31-09.49.13:963][302]LogModuleManager: Shutting down and abandoning module ArchVisCharacter (378)
[2018.12.31-09.49.13:963][302]LogModuleManager: Shutting down and abandoning module AndroidPermission (376)
[2018.12.31-09.49.13:963][302]LogModuleManager: Shutting down and abandoning module NUTUnrealEngine4 (374)
[2018.12.31-09.49.13:963][302]LogModuleManager: Shutting down and abandoning module NetcodeUnitTest (372)
[2018.12.31-09.49.13:963][302]LogModuleManager: Shutting down and abandoning module MediaCompositingEditor (370)
[2018.12.31-09.49.13:963][302]LogModuleManager: Shutting down and abandoning module MediaCompositing (368)
[2018.12.31-09.49.13:963][302]LogModuleManager: Shutting down and abandoning module LinearTimecode (366)
[2018.12.31-09.49.13:963][302]LogModuleManager: Shutting down and abandoning module ImgMedia (364)
[2018.12.31-09.49.13:966][302]LogModuleManager: Shutting down and abandoning module HTML5Networking (362)
[2018.12.31-09.49.13:966][302]LogModuleManager: Shutting down and abandoning module GeometryCacheTracks (360)
[2018.12.31-09.49.13:966][302]LogModuleManager: Shutting down and abandoning module GeometryCacheSequencer (358)
[2018.12.31-09.49.13:966][302]LogModuleManager: Shutting down and abandoning module BackChannel (356)
[2018.12.31-09.49.13:966][302]LogModuleManager: Shutting down and abandoning module AppleVision (354)
[2018.12.31-09.49.13:966][302]LogModuleManager: Shutting down and abandoning module AppleImageUtils (352)
[2018.12.31-09.49.13:966][302]LogModuleManager: Shutting down and abandoning module AlembicImporter (350)
[2018.12.31-09.49.13:966][302]LogModuleManager: Shutting down and abandoning module AlembicLibrary (349)
[2018.12.31-09.49.13:966][302]LogModuleManager: Shutting down and abandoning module GeometryCache (348)
[2018.12.31-09.49.13:966][302]LogModuleManager: Shutting down and abandoning module GeometryCacheEd (347)
[2018.12.31-09.49.13:966][302]LogModuleManager: Shutting down and abandoning module DatasmithContentEditor (342)
[2018.12.31-09.49.13:966][302]LogModuleManager: Shutting down and abandoning module DatasmithContent (340)
[2018.12.31-09.49.13:966][302]LogModuleManager: Shutting down and abandoning module SpeedTreeImporter (338)
[2018.12.31-09.49.13:966][302]LogModuleManager: Shutting down and abandoning module PluginBrowser (336)
[2018.12.31-09.49.13:966][302]LogModuleManager: Shutting down and abandoning module MobileLauncherProfileWizard (334)
[2018.12.31-09.49.13:966][302]LogModuleManager: Shutting down and abandoning module PolygonModeling (332)
[2018.12.31-09.49.13:966][302]LogModuleManager: Shutting down and abandoning module MeshEditor (330)
[2018.12.31-09.49.13:966][302]LogModuleManager: Shutting down and abandoning module CryptoKeysOpenSSL (328)
[2018.12.31-09.49.13:966][302]LogModuleManager: Shutting down and abandoning module CryptoKeys (326)
[2018.12.31-09.49.13:966][302]LogModuleManager: Shutting down and abandoning module VisualStudioSourceCodeAccess (324)
[2018.12.31-09.49.13:966][302]LogModuleManager: Shutting down and abandoning module VisualStudioCodeSourceCodeAccess (322)
[2018.12.31-09.49.13:966][302]LogModuleManager: Shutting down and abandoning module UObjectPlugin (320)
[2018.12.31-09.49.13:966][302]LogModuleManager: Shutting down and abandoning module SubversionSourceControl (318)
[2018.12.31-09.49.13:966][302]LogModuleManager: Shutting down and abandoning module PerforceSourceControl (316)
[2018.12.31-09.49.13:966][302]LogModuleManager: Shutting down and abandoning module GitSourceControl (314)
[2018.12.31-09.49.13:966][302]LogModuleManager: Shutting down and abandoning module SourceControl (313)
[2018.12.31-09.49.13:967][302]LogModuleManager: Shutting down and abandoning module CLionSourceCodeAccess (310)
[2018.12.31-09.49.13:967][302]LogModuleManager: Shutting down and abandoning module LightPropagationVolumeEditor (308)
[2018.12.31-09.49.13:967][302]LogModuleManager: Shutting down and abandoning module PaperTiledImporter (306)
[2018.12.31-09.49.13:967][302]LogModuleManager: Shutting down and abandoning module PaperSpriteSheetImporter (304)
[2018.12.31-09.49.13:967][302]LogModuleManager: Shutting down and abandoning module Paper2DEditor (302)
[2018.12.31-09.49.13:967][302]LogModuleManager: Shutting down and abandoning module MeshPaint (301)
[2018.12.31-09.49.13:967][302]LogModuleManager: Shutting down and abandoning module RuntimePhysXCooking (298)
[2018.12.31-09.49.13:967][302]LogModuleManager: Shutting down and abandoning module PhysXVehiclesEditor (296)
[2018.12.31-09.49.13:967][302]LogModuleManager: Shutting down and abandoning module PhysXVehicles (294)
[2018.12.31-09.49.13:967][302]LogModuleManager: Shutting down and abandoning module OculusEditor (292)
[2018.12.31-09.49.13:967][302]LogModuleManager: Shutting down and abandoning module LocationServicesBPLibrary (290)
[2018.12.31-09.49.13:967][302]LogModuleManager: Shutting down and abandoning module ImmediatePhysicsEditor (288)
[2018.12.31-09.49.13:967][302]LogModuleManager: Shutting down and abandoning module ImmediatePhysics (286)
[2018.12.31-09.49.13:967][302]LogModuleManager: Shutting down and abandoning module ActorSequence (284)
[2018.12.31-09.49.13:967][302]LogModuleManager: Shutting down and abandoning module UdpMessaging (282)
[2018.12.31-09.49.14:068][302]LogModuleManager: Shutting down and abandoning module TcpMessaging (280)
[2018.12.31-09.49.14:169][302]LogModuleManager: Shutting down and abandoning module MagicLeapAudio (278)
[2018.12.31-09.49.14:169][302]LogModuleManager: Shutting down and abandoning module GameplayTagsEditor (276)
[2018.12.31-09.49.14:169][302]LogModuleManager: Shutting down and abandoning module FacialAnimationEditor (274)
[2018.12.31-09.49.14:169][302]LogModuleManager: Shutting down and abandoning module FacialAnimation (272)
[2018.12.31-09.49.14:169][302]LogModuleManager: Shutting down and abandoning module DataValidation (270)
[2018.12.31-09.49.14:169][302]LogModuleManager: Shutting down and abandoning module AssetManagerEditor (268)
[2018.12.31-09.49.14:169][302]LogModuleManager: Shutting down and abandoning module LevelEditor (267)
[2018.12.31-09.49.14:169][302]LogModuleManager: Shutting down and abandoning module PixelInspectorModule (266)
[2018.12.31-09.49.14:169][302]LogModuleManager: Shutting down and abandoning module CommonMenuExtensions (264)
[2018.12.31-09.49.14:170][302]LogModuleManager: Shutting down and abandoning module MainFrame (262)
[2018.12.31-09.49.14:170][302]LogModuleManager: Shutting down and abandoning module HotReload (261)
[2018.12.31-09.49.14:170][302]LogModuleManager: Shutting down and abandoning module ContentBrowser (257)
[2018.12.31-09.49.14:171][302]LogModuleManager: Shutting down and abandoning module TreeMap (255)
[2018.12.31-09.49.14:171][302]LogModuleManager: Shutting down and abandoning module LightPropagationVolumeRuntime (252)
[2018.12.31-09.49.14:171][302]LogModuleManager: Shutting down and abandoning module AISupportModule (250)
[2018.12.31-09.49.14:171][302]LogModuleManager: Shutting down and abandoning module Paper2D (248)
[2018.12.31-09.49.14:171][302]LogModuleManager: Shutting down and abandoning module WindowsMoviePlayer (246)
[2018.12.31-09.49.14:171][302]LogModuleManager: Shutting down and abandoning module WmfMedia (244)
[2018.12.31-09.49.14:172][302]LogModuleManager: Shutting down and abandoning module Media (243)
[2018.12.31-09.49.14:178][302]LogModuleManager: Shutting down and abandoning module PacketHandler (240)
[2018.12.31-09.49.14:178][302]LogModuleManager: Shutting down and abandoning module ClothingSystemEditor (238)
[2018.12.31-09.49.14:178][302]LogModuleManager: Shutting down and abandoning module ClothingSystemRuntime (236)
[2018.12.31-09.49.14:178][302]LogModuleManager: Shutting down and abandoning module MediaAssets (234)
[2018.12.31-09.49.14:178][302]LogModuleManager: Shutting down and abandoning module Overlay (232)
[2018.12.31-09.49.14:178][302]LogModuleManager: Shutting down and abandoning module OverlayEditor (231)
[2018.12.31-09.49.14:178][302]LogModuleManager: Shutting down and abandoning module VREditor (228)
[2018.12.31-09.49.14:178][302]LogModuleManager: Shutting down and abandoning module StringTableEditor (226)
[2018.12.31-09.49.14:178][302]LogModuleManager: Shutting down and abandoning module GameplayTasksEditor (224)
[2018.12.31-09.49.14:178][302]LogModuleManager: Shutting down and abandoning module BehaviorTreeEditor (222)
[2018.12.31-09.49.14:178][302]LogModuleManager: Shutting down and abandoning module FunctionalTesting (220)
[2018.12.31-09.49.14:178][302]LogModuleManager: Shutting down and abandoning module CollisionAnalyzer (218)
[2018.12.31-09.49.14:178][302]LogModuleManager: Shutting down and abandoning module WorkspaceMenuStructure (217)
[2018.12.31-09.49.14:178][302]LogModuleManager: Shutting down and abandoning module UMG (214)
[2018.12.31-09.49.14:178][302]LogModuleManager: Shutting down and abandoning module UMGEditor (213)
[2018.12.31-09.49.14:178][302]LogModuleManager: Shutting down and abandoning module Sequencer (212)
[2018.12.31-09.49.14:178][302]LogModuleManager: Shutting down and abandoning module MessageLog (209)
[2018.12.31-09.49.14:178][302]LogModuleManager: Shutting down and abandoning module SlateReflector (204)
[2018.12.31-09.49.14:179][302]LogModuleManager: Shutting down and abandoning module Slate (202)
[2018.12.31-09.49.14:179][302]LogModuleManager: Shutting down and abandoning module EditorStyle (200)
[2018.12.31-09.49.14:180][302]LogModuleManager: Shutting down and abandoning module MRMesh (198)
[2018.12.31-09.49.14:180][302]LogModuleManager: Shutting down and abandoning module SourceCodeAccess (196)
[2018.12.31-09.49.14:180][302]LogModuleManager: Shutting down and abandoning module HeadMountedDisplay (194)
[2018.12.31-09.49.14:180][302]LogModuleManager: Shutting down and abandoning module XAudio2 (192)
[2018.12.31-09.49.14:180][302]LogModuleManager: Shutting down and abandoning module Networking (190)
[2018.12.31-09.49.14:180][302]LogModuleManager: Shutting down and abandoning module Core (188)
[2018.12.31-09.49.14:180][302]LogModuleManager: Shutting down and abandoning module LevelSequence (186)
[2018.12.31-09.49.14:180][302]LogModuleManager: Shutting down and abandoning module KismetCompiler (184)
[2018.12.31-09.49.14:180][302]LogModuleManager: Shutting down and abandoning module MeshUtilities (182)
[2018.12.31-09.49.14:180][302]LogModuleManager: Shutting down and abandoning module MeshMergeUtilities (181)
[2018.12.31-09.49.14:180][302]LogModuleManager: Shutting down and abandoning module MeshReductionInterface (180)
[2018.12.31-09.49.14:180][302]LogModuleManager: Shutting down and abandoning module SimplygonSwarm (179)
[2018.12.31-09.49.14:180][302]LogModuleManager: Shutting down and abandoning module ProxyLODMeshReduction (177)
[2018.12.31-09.49.14:180][302]LogModuleManager: Shutting down and abandoning module SimplygonMeshReduction (175)
[2018.12.31-09.49.14:180][302]LogModuleManager: Shutting down and abandoning module QuadricMeshReduction (173)
[2018.12.31-09.49.14:180][302]LogModuleManager: Shutting down and abandoning module MaterialBaking (169)
[2018.12.31-09.49.14:181][302]LogModuleManager: Shutting down and abandoning module DirectoryWatcher (165)
[2018.12.31-09.49.14:181][302]LogModuleManager: Shutting down and abandoning module DerivedDataCache (162)
[2018.12.31-09.49.14:229][302]LogDerivedDataCache: Shutdown
[2018.12.31-09.49.14:229][302]LogModuleManager: Shutting down and abandoning module XGEController (160)
[2018.12.31-09.49.14:229][302]LogModuleManager: Shutting down and abandoning module TargetPlatform (158)
[2018.12.31-09.49.14:229][302]LogModuleManager: Shutting down and abandoning module VulkanShaderFormat (157)
[2018.12.31-09.49.14:229][302]LogModuleManager: Shutting down and abandoning module ShaderFormatVectorVM (155)
[2018.12.31-09.49.14:229][302]LogModuleManager: Shutting down and abandoning module ShaderFormatOpenGL (153)
[2018.12.31-09.49.14:229][302]LogModuleManager: Shutting down and abandoning module ShaderFormatD3D (151)
[2018.12.31-09.49.14:229][302]LogModuleManager: Shutting down and abandoning module MetalShaderFormat (149)
[2018.12.31-09.49.14:229][302]LogModuleManager: Shutting down and abandoning module TextureFormatUncompressed (147)
[2018.12.31-09.49.14:229][302]LogModuleManager: Shutting down and abandoning module TextureFormatPVR (145)
[2018.12.31-09.49.14:229][302]LogModuleManager: Shutting down and abandoning module TextureFormatDXT (143)
[2018.12.31-09.49.14:229][302]LogModuleManager: Shutting down and abandoning module TextureFormatIntelISPCTexComp (141)
[2018.12.31-09.49.14:230][302]LogModuleManager: Shutting down and abandoning module TextureFormatASTC (139)
[2018.12.31-09.49.14:230][302]LogModuleManager: Shutting down and abandoning module ImageWrapper (138)
[2018.12.31-09.49.14:230][302]LogModuleManager: Shutting down and abandoning module TextureFormatAndroid (135)
[2018.12.31-09.49.14:230][302]LogModuleManager: Shutting down and abandoning module AudioFormatOpus (133)
[2018.12.31-09.49.14:230][302]LogModuleManager: Shutting down and abandoning module AudioFormatOgg (131)
[2018.12.31-09.49.14:230][302]LogModuleManager: Shutting down and abandoning module AudioFormatADPCM (129)
[2018.12.31-09.49.14:230][302]LogModuleManager: Shutting down and abandoning module LuminTargetPlatform (127)
[2018.12.31-09.49.14:230][302]LogModuleManager: Shutting down and abandoning module LinuxTargetPlatform (125)
[2018.12.31-09.49.14:230][302]LogModuleManager: Shutting down and abandoning module LinuxServerTargetPlatform (123)
[2018.12.31-09.49.14:230][302]LogModuleManager: Shutting down and abandoning module LinuxNoEditorTargetPlatform (121)
[2018.12.31-09.49.14:230][302]LogModuleManager: Shutting down and abandoning module LinuxClientTargetPlatform (119)
[2018.12.31-09.49.14:230][302]LogModuleManager: Shutting down and abandoning module TVOSTargetPlatform (117)
[2018.12.31-09.49.14:230][302]LogModuleManager: Shutting down and abandoning module Messaging (115)
[2018.12.31-09.49.14:230][302]LogModuleManager: Shutting down and abandoning module IOSTargetPlatform (113)
[2018.12.31-09.49.14:231][302]LogModuleManager: Shutting down and abandoning module HTML5TargetPlatform (111)
[2018.12.31-09.49.14:231][302]LogModuleManager: Shutting down and abandoning module AndroidTargetPlatform (109)
[2018.12.31-09.49.14:236][302]LogModuleManager: Shutting down and abandoning module WindowsTargetPlatform (107)
[2018.12.31-09.49.14:237][302]LogModuleManager: Shutting down and abandoning module WindowsServerTargetPlatform (105)
[2018.12.31-09.49.14:237][302]LogModuleManager: Shutting down and abandoning module WindowsNoEditorTargetPlatform (103)
[2018.12.31-09.49.14:237][302]LogModuleManager: Shutting down and abandoning module WindowsClientTargetPlatform (101)
[2018.12.31-09.49.14:237][302]LogModuleManager: Shutting down and abandoning module MacTargetPlatform (99)
[2018.12.31-09.49.14:237][302]LogModuleManager: Shutting down and abandoning module MacServerTargetPlatform (97)
[2018.12.31-09.49.14:237][302]LogModuleManager: Shutting down and abandoning module MacNoEditorTargetPlatform (95)
[2018.12.31-09.49.14:237][302]LogModuleManager: Shutting down and abandoning module MacClientTargetPlatform (93)
[2018.12.31-09.49.14:237][302]LogModuleManager: Shutting down and abandoning module AllDesktopTargetPlatform (91)
[2018.12.31-09.49.14:237][302]LogModuleManager: Shutting down and abandoning module InputCore (88)
[2018.12.31-09.49.14:237][302]LogModuleManager: Shutting down and abandoning module Settings (86)
[2018.12.31-09.49.14:237][302]LogModuleManager: Shutting down and abandoning module PhysXCooking (84)
[2018.12.31-09.49.14:237][302]LogModuleManager: Shutting down and abandoning module SteamVR (82)
[2018.12.31-09.49.14:237][302]LogModuleManager: Shutting down and abandoning module OculusHMD (80)
[2018.12.31-09.49.14:237][302]LogModuleManager: Shutting down and abandoning module ExampleDeviceProfileSelector (78)
[2018.12.31-09.49.14:237][302]LogModuleManager: Shutting down and abandoning module LauncherChunkInstaller (76)
[2018.12.31-09.49.14:237][302]LogModuleManager: Shutting down and abandoning module OnlineBlueprintSupport (74)
[2018.12.31-09.49.14:237][302]LogModuleManager: Shutting down and abandoning module OnlineSubsystem (70)
[2018.12.31-09.49.14:238][302]LogModuleManager: Shutting down and abandoning module XMPP (65)
[2018.12.31-09.49.14:238][302]LogModuleManager: Shutting down and abandoning module WebSockets (64)
[2018.12.31-09.49.14:250][302]LogModuleManager: Shutting down and abandoning module HTTP (61)
[2018.12.31-09.49.14:250][302]LogHttp: Display: Http module shutting down, but needs to wait on 1 outstanding Http requests:
[2018.12.31-09.49.14:250][302]LogHttp: Display: 	verb=[POST] url=[https://datarouter.ol.epicgames.com/datarouter/api/v1/public/data?SessionID=%7B84F8FAF6-467B-74C9-0DE5-DCA246D9588D%7D&AppID=UEEditor.Rocket.Release&AppVersion=4.20.3-4369336%2B%2B%2BUE4%2BRelease-4.20&UserID=46a1420449a43d617a1dcdb2ad657c92%7Cc01168b6256d4ddfb9f91142ec348b12%7C4dbb0dfc-bb78-4e21-8ab4-899582d78ce2&AppEnvironment=datacollector-binary&UploadType=eteventstream] status=Processing
[2018.12.31-09.49.14:263][302]LogModuleManager: Shutting down and abandoning module SSL (60)
[2018.12.31-09.49.14:264][302]LogModuleManager: Shutting down and abandoning module MagicLeapEmulator (56)
[2018.12.31-09.49.14:264][302]LogModuleManager: Shutting down and abandoning module MagicLeapPrivileges (54)
[2018.12.31-09.49.14:264][302]LogModuleManager: Shutting down and abandoning module MagicLeapIdentity (52)
[2018.12.31-09.49.14:264][302]LogModuleManager: Shutting down and abandoning module MagicLeapHelperVulkan (50)
[2018.12.31-09.49.14:264][302]LogModuleManager: Shutting down and abandoning module MagicLeapHelperOpenGL (48)
[2018.12.31-09.49.14:264][302]LogModuleManager: Shutting down and abandoning module MagicLeapSecureStorage (46)
[2018.12.31-09.49.14:264][302]LogModuleManager: Shutting down and abandoning module MagicLeapGestures (44)
[2018.12.31-09.49.14:264][302]LogModuleManager: Shutting down and abandoning module MagicLeapEyeTracker (42)
[2018.12.31-09.49.14:264][302]LogModuleManager: Shutting down and abandoning module MagicLeapController (40)
[2018.12.31-09.49.14:264][302]LogSlate: Slate User Destroyed.  User Index 0, Is Virtual User: 0
[2018.12.31-09.49.14:264][302]LogModuleManager: Shutting down and abandoning module MagicLeap (38)
[2018.12.31-09.49.14:264][302]LogModuleManager: Shutting down and abandoning module AnimationModifiers (36)
[2018.12.31-09.49.14:264][302]LogModuleManager: Shutting down and abandoning module PropertyEditor (35)
[2018.12.31-09.49.14:264][302]LogModuleManager: Shutting down and abandoning module AudioEditor (32)
[2018.12.31-09.49.14:264][302]LogModuleManager: Shutting down and abandoning module TextureCompressor (30)
[2018.12.31-09.49.14:265][302]LogModuleManager: Shutting down and abandoning module ShaderCore (28)
[2018.12.31-09.49.14:265][302]LogModuleManager: Shutting down and abandoning module Landscape (26)
[2018.12.31-09.49.14:265][302]LogModuleManager: Shutting down and abandoning module SlateRHIRenderer (24)
[2018.12.31-09.49.14:265][302]LogModuleManager: Shutting down and abandoning module OpenGLDrv (22)
[2018.12.31-09.49.14:265][302]LogModuleManager: Shutting down and abandoning module D3D11RHI (20)
[2018.12.31-09.49.14:265][302]LogModuleManager: Shutting down and abandoning module AnimGraphRuntime (18)
[2018.12.31-09.49.14:265][302]LogModuleManager: Shutting down and abandoning module Renderer (16)
[2018.12.31-09.49.14:265][302]LogModuleManager: Shutting down and abandoning module Engine (14)
[2018.12.31-09.49.14:265][302]LogModuleManager: Shutting down and abandoning module CoreUObject (12)
[2018.12.31-09.49.14:265][302]LogModuleManager: Shutting down and abandoning module NetworkFile (10)
[2018.12.31-09.49.14:265][302]LogModuleManager: Shutting down and abandoning module CookedIterativeFile (8)
[2018.12.31-09.49.14:265][302]LogModuleManager: Shutting down and abandoning module StreamingFile (6)
[2018.12.31-09.49.14:265][302]LogModuleManager: Shutting down and abandoning module SandboxFile (4)
[2018.12.31-09.49.14:265][302]LogModuleManager: Shutting down and abandoning module PakFile (2)
[2018.12.31-09.49.14:270][302]LogExit: Exiting.
[2018.12.31-09.49.14:290][302]Log file closed, 12/31/18 16:49:14
