Log file open, 01/02/19 11:00:37
LogWindows: Failed to load 'aqProf.dll' (GetLastError=126)
LogWindows: File 'aqProf.dll' does not exist
LogWindows: Failed to load 'VSPerf140.dll' (GetLastError=126)
LogWindows: File 'VSPerf140.dll' does not exist
LogWindows: Failed to load 'VtuneApi.dll' (GetLastError=126)
LogWindows: File 'VtuneApi.dll' does not exist
LogWindows: Failed to load 'VtuneApi32e.dll' (GetLastError=126)
LogWindows: File 'VtuneApi32e.dll' does not exist
LogInit: Display: Running engine for game: TowerDefense1
LogPlatformFile: Not using cached read wrapper
LogTaskGraph: Started task graph with 5 named threads and 23 total threads with 3 sets of task threads.
LogStats: Stats thread started at 0.272887
LogD3D11RHI: Loaded GFSDK_Aftermath_Lib.x64.dll
LogICUInternationalization: Display: ICU TimeZone Detection - Raw Offset: +7:00, Platform Override: ''
LogPluginManager: Mounting plugin Paper2D
LogPluginManager: Mounting plugin AISupport
LogPluginManager: Mounting plugin LightPropagationVolume
LogPluginManager: Mounting plugin CLionSourceCodeAccess
LogPluginManager: Mounting plugin CodeLiteSourceCodeAccess
LogPluginManager: Mounting plugin GitSourceControl
LogPluginManager: Mounting plugin KDevelopSourceCodeAccess
LogPluginManager: Mounting plugin NullSourceCodeAccess
LogPluginManager: Mounting plugin PerforceSourceControl
LogPluginManager: Mounting plugin SubversionSourceControl
LogPluginManager: Mounting plugin UObjectPlugin
LogPluginManager: Mounting plugin VisualStudioCodeSourceCodeAccess
LogPluginManager: Mounting plugin VisualStudioSourceCodeAccess
LogPluginManager: Mounting plugin XCodeSourceCodeAccess
LogPluginManager: Mounting plugin AssetManagerEditor
LogPluginManager: Mounting plugin CryptoKeys
LogPluginManager: Mounting plugin DataValidation
LogPluginManager: Mounting plugin FacialAnimation
LogPluginManager: Mounting plugin GameplayTagsEditor
LogPluginManager: Mounting plugin MacGraphicsSwitching
LogPluginManager: Mounting plugin MeshEditor
LogPluginManager: Mounting plugin MobileLauncherProfileWizard
LogPluginManager: Mounting plugin PluginBrowser
LogPluginManager: Mounting plugin SpeedTreeImporter
LogPluginManager: Mounting plugin DatasmithContent
LogPluginManager: Mounting plugin AlembicImporter
LogPluginManager: Mounting plugin AppleImageUtils
LogPluginManager: Mounting plugin AppleVision
LogPluginManager: Mounting plugin BackChannel
LogPluginManager: Mounting plugin CharacterAI
LogPluginManager: Mounting plugin GeometryCache
LogPluginManager: Mounting plugin HTML5Networking
LogPluginManager: Mounting plugin ProxyLODPlugin
LogPluginManager: Mounting plugin MagicLeap
LogPluginManager: Mounting plugin MagicLeapEmulator
LogPluginManager: Mounting plugin MagicLeapMedia
LogPluginManager: Mounting plugin AndroidMedia
LogPluginManager: Mounting plugin AvfMedia
LogPluginManager: Mounting plugin ImgMedia
LogPluginManager: Mounting plugin LinearTimecode
LogPluginManager: Mounting plugin MediaCompositing
LogPluginManager: Mounting plugin MediaPlayerEditor
LogPluginManager: Mounting plugin WmfMedia
LogPluginManager: Mounting plugin TcpMessaging
LogPluginManager: Mounting plugin UdpMessaging
LogPluginManager: Mounting plugin ActorSequence
LogPluginManager: Mounting plugin LevelSequenceEditor
LogPluginManager: Mounting plugin MatineeToLevelSequence
LogPluginManager: Mounting plugin NetcodeUnitTest
LogPluginManager: Mounting plugin NUTUnrealEngine4
LogPluginManager: Mounting plugin OnlineSubsystemGooglePlay
LogPluginManager: Mounting plugin OnlineSubsystemIOS
LogPluginManager: Mounting plugin OnlineSubsystem
LogPluginManager: Mounting plugin OnlineSubsystemNull
LogPluginManager: Mounting plugin OnlineSubsystemUtils
LogPluginManager: Mounting plugin LauncherChunkInstaller
LogPluginManager: Mounting plugin AndroidDeviceProfileSelector
LogPluginManager: Mounting plugin AndroidMoviePlayer
LogPluginManager: Mounting plugin AndroidPermission
LogPluginManager: Mounting plugin AppleMoviePlayer
LogPluginManager: Mounting plugin ArchVisCharacter
LogPluginManager: Mounting plugin AudioCapture
LogPluginManager: Mounting plugin CableComponent
LogPluginManager: Mounting plugin CustomMeshComponent
LogPluginManager: Mounting plugin EditableMesh
LogPluginManager: Mounting plugin ExampleDeviceProfileSelector
LogPluginManager: Mounting plugin GoogleCloudMessaging
LogPluginManager: Mounting plugin ImmediatePhysics
LogPluginManager: Mounting plugin IOSDeviceProfileSelector
LogPluginManager: Mounting plugin LinuxDeviceProfileSelector
LogPluginManager: Mounting plugin LocationServicesBPLibrary
LogPluginManager: Mounting plugin MobilePatchingUtils
LogPluginManager: Mounting plugin OculusVR
LogPluginManager: Plugin shader directory ../../../Engine/Plugins/Runtime/Oculus/OculusVR/Shaders found
LogPluginManager: Mapping shader source directory ../../../Engine/Plugins/Runtime/Oculus/OculusVR/Shaders to virtual directory /Plugin/OculusVR
LogPluginManager: Mounting plugin PhysXVehicles
LogPluginManager: Mounting plugin ProceduralMeshComponent
LogPluginManager: Mounting plugin RuntimePhysXCooking
LogPluginManager: Mounting plugin SteamVR
LogPluginManager: Mounting plugin WindowsMoviePlayer
LogStreaming: Display: Took  0.087s to configure plugins.
LogInit: Using libcurl 7.55.1-DEV
LogInit:  - built for x86_64-pc-win32
LogInit:  - supports SSL with OpenSSL/1.0.2h
LogInit:  - supports HTTP deflate (compression) using libz 1.2.8
LogInit:  - other features:
LogInit:      CURL_VERSION_SSL
LogInit:      CURL_VERSION_LIBZ
LogInit:      CURL_VERSION_IPV6
LogInit:      CURL_VERSION_ASYNCHDNS
LogInit:      CURL_VERSION_LARGEFILE
LogInit:      CURL_VERSION_IDN
LogInit:  CurlRequestOptions (configurable via config and command line):
LogInit:  - bVerifyPeer = false  - Libcurl will NOT verify peer certificate
LogInit:  - bUseHttpProxy = false  - Libcurl will NOT use HTTP proxy
LogInit:  - bDontReuseConnections = false  - Libcurl will reuse connections
LogInit:  - CertBundlePath = nullptr  - Libcurl will use whatever was configured at build time.
LogInit:  - MaxHostConnections = 16  - Libcurl will limit the number of connections to a host
LogInit:  - LocalHostAddr = Default
LogInit:  - BufferSize = 65536
LogInit: WinSock: version 1.1 (2.2), MaxSocks=32767, MaxUdp=65467
LogInit: Build: ++UE4+Release-4.20-CL-4369336
LogInit: Engine Version: 4.20.3-4369336+++UE4+Release-4.20
LogInit: Compatible Engine Version: 4.20.0-4212847+++UE4+Release-4.20
LogInit: Net CL: 4212847
LogInit: OS: Windows 10 (), CPU: Intel(R) Core(TM) i7-7700HQ CPU @ 2.80GHz, GPU: Intel(R) HD Graphics 630
LogInit: Compiled (64-bit): Sep 17 2018 12:26:19
LogInit: Compiled with Visual C++: 19.13.26129.00
LogInit: Build Configuration: Development
LogInit: Branch Name: ++UE4+Release-4.20
LogInit: Command Line: 
LogInit: Base Directory: D:/Unreal Engine/UE_4.20/Engine/Binaries/Win64/
LogInit: Installed Engine Build: 1
LogDevObjectVersion: Number of dev versions registered: 20
LogDevObjectVersion:   Dev-Blueprints (B0D832E4-1F89-4F0D-ACCF-7EB736FD4AA2): 10
LogDevObjectVersion:   Dev-Build (E1C64328-A22C-4D53-A36C-8E866417BD8C): 0
LogDevObjectVersion:   Dev-Core (375EC13C-06E4-48FB-B500-84F0262A717E): 2
LogDevObjectVersion:   Dev-Editor (E4B068ED-F494-42E9-A231-DA0B2E46BB41): 24
LogDevObjectVersion:   Dev-Framework (CFFC743F-43B0-4480-9391-14DF171D2073): 34
LogDevObjectVersion:   Dev-Mobile (B02B49B5-BB20-44E9-A304-32B752E40360): 2
LogDevObjectVersion:   Dev-Networking (A4E4105C-59A1-49B5-A7C5-40C4547EDFEE): 0
LogDevObjectVersion:   Dev-Online (39C831C9-5AE6-47DC-9A44-9C173E1C8E7C): 0
LogDevObjectVersion:   Dev-Physics (78F01B33-EBEA-4F98-B9B4-84EACCB95AA2): 0
LogDevObjectVersion:   Dev-Platform (6631380F-2D4D-43E0-8009-CF276956A95A): 0
LogDevObjectVersion:   Dev-Rendering (12F88B9F-8875-4AFC-A67C-D90C383ABD29): 26
LogDevObjectVersion:   Dev-Sequencer (7B5AE74C-D270-4C10-A958-57980B212A5A): 9
LogDevObjectVersion:   Dev-VR (D7296918-1DD6-4BDD-9DE2-64A83CC13884): 2
LogDevObjectVersion:   Dev-LoadTimes (C2A15278-BFE7-4AFE-6C17-90FF531DF755): 1
LogDevObjectVersion:   Private-Geometry (6EACA3D4-40EC-4CC1-B786-8BED09428FC5): 3
LogDevObjectVersion:   Dev-AnimPhys (29E575DD-E0A3-4627-9D10-D276232CDCEA): 17
LogDevObjectVersion:   Dev-ReflectionCapture (6B266CEC-1EC7-4B8F-A30B-E4D90942FC07): 1
LogDevObjectVersion:   Dev-Automation (0DF73D61-A23F-47EA-B727-89E90C41499A): 1
LogDevObjectVersion:   FortniteMain (601D1886-AC64-4F84-AA16-D3DE0DEAC7D6): 12
LogDevObjectVersion:   Dev-Enterprise (9DFFBCD6-494F-0158-E221-12823C92A888): 1
LogStreaming: Display: Took  0.001s to delete old logs.
LogInit: Presizing for max 8388607 objects, including 0 objects not considered by GC, pre-allocating 0 bytes for permanent pool.
LogInit: Object subsystem initialized
[2019.01.02-04.00.37:806][  0]LogInit: Selected Device Profile: [Windows]
[2019.01.02-04.00.37:806][  0]LogInit: Applying CVar settings loaded from the selected device profile: [Windows]
[2019.01.02-04.00.37:818][  0]LogHAL: Display: Platform has ~ 16 GB [17093570560 / 17179869184 / 16], which maps to Larger [LargestMinGB=32, LargerMinGB=12, DefaultMinGB=8, SmallerMinGB=6, SmallestMinGB=0)
[2019.01.02-04.00.37:818][  0]LogInit: Setting Device Profile CVar: [[r.Vulkan.UseRealUBs:1]]
[2019.01.02-04.00.37:818][  0]LogInit: Going up to parent DeviceProfile []
[2019.01.02-04.00.37:819][  0]LogInit: Computer: DESKTOP-FE30NHD
[2019.01.02-04.00.37:819][  0]LogInit: User: paulk
[2019.01.02-04.00.37:819][  0]LogInit: CPU Page size=4096, Cores=4
[2019.01.02-04.00.37:819][  0]LogInit: High frequency timer resolution =2.742190 MHz
[2019.01.02-04.00.37:819][  0]LogMemory: Memory total: Physical=15.9GB (16GB approx)
[2019.01.02-04.00.37:819][  0]LogMemory: Platform Memory Stats for Windows
[2019.01.02-04.00.37:819][  0]LogMemory: Process Physical Memory: 102.97 MB used, 102.97 MB peak
[2019.01.02-04.00.37:819][  0]LogMemory: Process Virtual Memory: 91.12 MB used, 91.12 MB peak
[2019.01.02-04.00.37:819][  0]LogMemory: Physical Memory: 5885.47 MB used,  10416.23 MB free, 16301.70 MB total
[2019.01.02-04.00.37:819][  0]LogMemory: Virtual Memory: 4646.25 MB used,  10416.23 MB free, 134217728.00 MB total
[2019.01.02-04.00.37:834][  0]LogInit: Using OS detected language (en-US).
[2019.01.02-04.00.37:834][  0]LogInit: Using OS detected locale (en-US).
[2019.01.02-04.00.37:834][  0]LogTextLocalizationManager: No specific localization for 'en-US' exists, so the 'en' localization will be used.
[2019.01.02-04.00.38:184][  0]LogStreaming: Display: Took  0.350s to InitEngineTextLocalization.
[2019.01.02-04.00.38:184][  0]LogInit: Setting process to per monitor DPI aware
[2019.01.02-04.00.38:214][  0]LogSlate: New Slate User Created.  User Index 0, Is Virtual User: 0
[2019.01.02-04.00.38:214][  0]LogSlate: Slate User Registered.  User Index 0, Is Virtual User: 0
[2019.01.02-04.00.38:394][  0]LogHMD: Failed to initialize OpenVR with code 110
[2019.01.02-04.00.38:394][  0]LogD3D11RHI: D3D11 adapters:
[2019.01.02-04.00.38:464][  0]LogD3D11RHI:    0. 'NVIDIA GeForce GTX 1050 Ti' (Feature Level 11_0)
[2019.01.02-04.00.38:464][  0]LogD3D11RHI:       4021/0/8150 MB DedicatedVideo/DedicatedSystem/SharedSystem, Outputs:1, VendorId:0x10de
[2019.01.02-04.00.38:477][  0]LogD3D11RHI:    1. 'Intel(R) HD Graphics 630' (Feature Level 11_0)
[2019.01.02-04.00.38:477][  0]LogD3D11RHI:       128/0/8150 MB DedicatedVideo/DedicatedSystem/SharedSystem, Outputs:0, VendorId:0x8086
[2019.01.02-04.00.38:479][  0]LogD3D11RHI:    2. 'Microsoft Basic Render Driver' (Feature Level 11_0)
[2019.01.02-04.00.38:479][  0]LogD3D11RHI:       0/0/8150 MB DedicatedVideo/DedicatedSystem/SharedSystem, Outputs:0, VendorId:0x1414
[2019.01.02-04.00.38:479][  0]LogD3D11RHI: Chosen D3D11 Adapter: 0
[2019.01.02-04.00.38:498][  0]LogD3D11RHI: Creating new Direct3DDevice
[2019.01.02-04.00.38:498][  0]LogD3D11RHI:     GPU DeviceId: 0x1c8c (for the marketing name, search the web for "GPU Device Id")
[2019.01.02-04.00.38:498][  0]LogWindows: EnumDisplayDevices:
[2019.01.02-04.00.38:498][  0]LogWindows:    0. 'Intel(R) HD Graphics 630' (P:1 D:1)
[2019.01.02-04.00.38:498][  0]LogWindows:    1. 'Intel(R) HD Graphics 630' (P:0 D:0)
[2019.01.02-04.00.38:499][  0]LogWindows:    2. 'Intel(R) HD Graphics 630' (P:0 D:0)
[2019.01.02-04.00.38:499][  0]LogWindows: DebugString: PrimaryIsNotTheChoosenAdapter PrimaryIsNotTheChoosenAdapter PrimaryIsNotTheChoosenAdapter FoundDriverCount:0 
[2019.01.02-04.00.38:499][  0]LogD3D11RHI:     Adapter Name: NVIDIA GeForce GTX 1050 Ti
[2019.01.02-04.00.38:499][  0]LogD3D11RHI:   Driver Version: Unknown (internal:Unknown, unified:Unknown)
[2019.01.02-04.00.38:499][  0]LogD3D11RHI:      Driver Date: Unknown
[2019.01.02-04.00.38:499][  0]LogRHI: Texture pool is 2814 MB (70% of 4021 MB)
[2019.01.02-04.00.38:540][  0]LogD3D11RHI: Async texture creation enabled
[2019.01.02-04.00.38:557][  0]LogD3D11RHI: GPU Timing Frequency: 1000.000000 (Debug: 2 2)
[2019.01.02-04.00.38:558][  0]LogShaderCompilers: Guid format shader working directory is -37 characters bigger than the processId version (../../../../../Project Tower Defense 1/GitHub2/Keng/Unreal Engine 4/Tower Defense 1/Intermediate/Shaders/WorkingDirectory/9856/).
[2019.01.02-04.00.38:558][  0]LogShaderCompilers: Cleaned the shader compiler working directory 'C:/Users/paulk/AppData/Local/Temp/UnrealShaderWorkingDir/383CB00E42574081531C58B485694498/'.
[2019.01.02-04.00.38:808][  0]LogTemp: Display: Loaded TP AllDesktopTargetPlatform
[2019.01.02-04.00.38:822][  0]LogTemp: Display: Loaded TP MacClientTargetPlatform
[2019.01.02-04.00.38:836][  0]LogTemp: Display: Loaded TP MacNoEditorTargetPlatform
[2019.01.02-04.00.38:847][  0]LogTemp: Display: Loaded TP MacServerTargetPlatform
[2019.01.02-04.00.38:863][  0]LogTemp: Display: Loaded TP MacTargetPlatform
[2019.01.02-04.00.38:880][  0]LogTemp: Display: Loaded TP WindowsClientTargetPlatform
[2019.01.02-04.00.38:895][  0]LogTemp: Display: Loaded TP WindowsNoEditorTargetPlatform
[2019.01.02-04.00.38:911][  0]LogTemp: Display: Loaded TP WindowsServerTargetPlatform
[2019.01.02-04.00.38:917][  0]LogTemp: Display: Loaded TP WindowsTargetPlatform
[2019.01.02-04.00.38:988][  0]LogTemp: Display: Loaded TP AndroidTargetPlatform
[2019.01.02-04.00.38:988][  0]LogTemp: Display: Loaded TP AndroidTargetPlatform
[2019.01.02-04.00.38:988][  0]LogTemp: Display: Loaded TP AndroidTargetPlatform
[2019.01.02-04.00.38:988][  0]LogTemp: Display: Loaded TP AndroidTargetPlatform
[2019.01.02-04.00.38:989][  0]LogTemp: Display: Loaded TP AndroidTargetPlatform
[2019.01.02-04.00.38:989][  0]LogTemp: Display: Loaded TP AndroidTargetPlatform
[2019.01.02-04.00.38:989][  0]LogTemp: Display: Loaded TP AndroidTargetPlatform
[2019.01.02-04.00.38:989][  0]LogTemp: Display: Loaded TP AndroidTargetPlatform
[2019.01.02-04.00.38:989][  0]LogTemp: Display: Loaded TP AndroidTargetPlatform
[2019.01.02-04.00.38:989][  0]LogTemp: Display: Loaded TP AndroidTargetPlatform
[2019.01.02-04.00.38:989][  0]LogTemp: Display: Loaded TP AndroidTargetPlatform
[2019.01.02-04.00.38:989][  0]LogTemp: Display: Loaded TP AndroidTargetPlatform
[2019.01.02-04.00.38:989][  0]LogTemp: Display: Loaded TP AndroidTargetPlatform
[2019.01.02-04.00.38:989][  0]LogTemp: Display: Loaded TP AndroidTargetPlatform
[2019.01.02-04.00.38:989][  0]LogTemp: Display: Loaded TP AndroidTargetPlatform
[2019.01.02-04.00.38:989][  0]LogTemp: Display: Loaded TP AndroidTargetPlatform
[2019.01.02-04.00.38:989][  0]LogTemp: Display: Loaded TP AndroidTargetPlatform
[2019.01.02-04.00.38:989][  0]LogTemp: Display: Loaded TP AndroidTargetPlatform
[2019.01.02-04.00.38:990][  0]LogTemp: Display: Loaded TP HTML5TargetPlatform
[2019.01.02-04.00.39:051][  0]LogTemp: Display: Loaded TP IOSTargetPlatform
[2019.01.02-04.00.39:051][  0]LogTemp: Display: Loaded TP IOSTargetPlatform
[2019.01.02-04.00.39:072][  0]LogTemp: Display: Loaded TP TVOSTargetPlatform
[2019.01.02-04.00.39:072][  0]LogTemp: Display: Loaded TP TVOSTargetPlatform
[2019.01.02-04.00.39:083][  0]LogTemp: Display: Loaded TP LinuxClientTargetPlatform
[2019.01.02-04.00.39:094][  0]LogTemp: Display: Loaded TP LinuxNoEditorTargetPlatform
[2019.01.02-04.00.39:105][  0]LogTemp: Display: Loaded TP LinuxServerTargetPlatform
[2019.01.02-04.00.39:117][  0]LogTemp: Display: Loaded TP LinuxTargetPlatform
[2019.01.02-04.00.39:125][  0]LogTemp: Display: Loaded TP LuminTargetPlatform
[2019.01.02-04.00.39:125][  0]LogTargetPlatformManager: Display: Building Assets For Windows
[2019.01.02-04.00.39:165][  0]LogXGEController: Cannot use XGE Controller as Incredibuild is not installed on this machine.
[2019.01.02-04.00.39:165][  0]LogShaderCompilers: Cannot use XGE Shader Compiler as Incredibuild is not installed on this machine.
[2019.01.02-04.00.39:165][  0]LogShaderCompilers: Display: Using Local Shader Compiler.
[2019.01.02-04.00.39:790][  0]LogDerivedDataCache: Display: Max Cache Size: 512 MB
[2019.01.02-04.00.39:838][  0]LogDerivedDataCache: Loaded boot cache 0.05s 71MB C:/Users/paulk/AppData/Local/UnrealEngine/4.20/DerivedDataCache/Boot.ddc.
[2019.01.02-04.00.39:838][  0]LogDerivedDataCache: Display: Loaded Boot cache: C:/Users/paulk/AppData/Local/UnrealEngine/4.20/DerivedDataCache/Boot.ddc
[2019.01.02-04.00.39:838][  0]LogDerivedDataCache: FDerivedDataBackendGraph:  Pak pak cache file ../../../../../Project Tower Defense 1/GitHub2/Keng/Unreal Engine 4/Tower Defense 1/DerivedDataCache/DDC.ddp not found, will not use a pak cache.
[2019.01.02-04.00.39:838][  0]LogDerivedDataCache: Unable to find inner node Pak for hierarchical cache Hierarchy.
[2019.01.02-04.00.39:838][  0]LogDerivedDataCache: FDerivedDataBackendGraph:  CompressedPak pak cache file ../../../../../Project Tower Defense 1/GitHub2/Keng/Unreal Engine 4/Tower Defense 1/DerivedDataCache/Compressed.ddp not found, will not use a pak cache.
[2019.01.02-04.00.39:838][  0]LogDerivedDataCache: Unable to find inner node CompressedPak for hierarchical cache Hierarchy.
[2019.01.02-04.00.39:850][  0]LogDerivedDataCache: Display: Pak cache opened for reading ../../../Engine/DerivedDataCache/Compressed.ddp.
[2019.01.02-04.00.39:862][  0]LogDerivedDataCache: Using Local data cache path C:/Users/paulk/AppData/Local/UnrealEngine/Common/DerivedDataCache: Writable
[2019.01.02-04.00.39:862][  0]LogDerivedDataCache: Shared data cache path not found in *engine.ini, will not use an Shared cache.
[2019.01.02-04.00.39:862][  0]LogDerivedDataCache: Unable to find inner node Shared for hierarchical cache Hierarchy.
[2019.01.02-04.00.39:882][  0]LogMaterial: Verifying Global Shaders for PCD3D_SM5
[2019.01.02-04.00.39:883][  0]LogSlate: Using FreeType 2.6.0
[2019.01.02-04.00.39:884][  0]LogSlate: SlateFontServices - WITH_FREETYPE: 1, WITH_HARFBUZZ: 1
[2019.01.02-04.00.39:957][  0]LogAssetRegistry: FAssetRegistry took 0.0260 seconds to start up
[2019.01.02-04.00.40:250][  0]LogInit: Selected Device Profile: [Windows]
[2019.01.02-04.00.40:366][  0]LogSimplygon: Simplygon DLL not present - disabling.
[2019.01.02-04.00.40:368][  0]LogMeshReduction: Using SimplygonSwarm for distributed automatic mesh merging
[2019.01.02-04.00.40:368][  0]LogMeshReduction: Using ProxyLODMeshReduction for automatic mesh merging
[2019.01.02-04.00.40:368][  0]LogMeshReduction: Using QuadricMeshReduction for automatic static mesh reduction
[2019.01.02-04.00.40:368][  0]LogMeshReduction: No automatic skeletal mesh reduction module available
[2019.01.02-04.00.40:382][  0]LogNetVersion: TowerDefense1 1.0.0, NetCL: 4212847, EngineNetVer: 5, GameNetVer: 0 (Checksum: 1537789682)
[2019.01.02-04.00.40:852][  0]LogPackageLocalizationCache: Processed 11 localized package path(s) for 2 prioritized culture(s) in 0.083609 seconds
[2019.01.02-04.00.40:858][  0]LogUObjectArray: 38425 objects as part of root set at end of initial load.
[2019.01.02-04.00.40:858][  0]LogUObjectAllocator: 6690872 out of 0 bytes used by permanent object pool.
[2019.01.02-04.00.40:858][  0]LogUObjectArray: CloseDisregardForGC: 0/0 objects in disregard for GC pool
[2019.01.02-04.00.41:621][  0]LogTcpMessaging: Initializing TcpMessaging bridge
[2019.01.02-04.00.41:633][  0]LogUdpMessaging: Initializing bridge on interface 0.0.0.0:0 to multicast group 230.0.0.1:6666.
[2019.01.02-04.00.41:761][  0]SourceControl: Source control is disabled
[2019.01.02-04.00.41:761][  0]SourceControl: Source control is disabled
[2019.01.02-04.00.41:762][  0]SourceControl: Source control is disabled
[2019.01.02-04.00.41:763][  0]SourceControl: Source control is disabled
[2019.01.02-04.00.41:914][  0]LogAndroidPermission: UAndroidPermissionCallbackProxy::GetInstance
[2019.01.02-04.00.41:962][  0]LogOcInput: OculusInput pre-init called
[2019.01.02-04.00.42:014][  0]LogEngine: Initializing Engine...
[2019.01.02-04.00.42:015][  0]LogHMD: Failed to initialize OpenVR with code 110
[2019.01.02-04.00.42:016][  0]LogStats: UGameplayTagsManager::ConstructGameplayTagTree: ImportINI prefixes -  0.000 s
[2019.01.02-04.00.42:016][  0]LogStats: UGameplayTagsManager::ConstructGameplayTagTree: Construct from data asset -  0.000 s
[2019.01.02-04.00.42:016][  0]LogStats: UGameplayTagsManager::ConstructGameplayTagTree: ImportINI -  0.000 s
[2019.01.02-04.00.42:016][  0]LogStats: UGameplayTagsManager::ConstructGameplayTagTree: GameplayTagTreeChangedEvent.Broadcast -  0.000 s
[2019.01.02-04.00.42:215][  0]LogInit: Initializing FReadOnlyCVARCache
[2019.01.02-04.00.42:226][  0]LogAIModule: Creating AISystem for world Untitled
[2019.01.02-04.00.42:236][  0]LogInit: XAudio2 using 'Speakers (Realtek High Definition Audio)' : 2 channels at 48 kHz using 32 bits per sample (channel mask 0x3)
[2019.01.02-04.00.42:359][  0]LogInit: FAudioDevice initialized.
[2019.01.02-04.00.42:359][  0]LogNetVersion: Set ProjectVersion to 1.0.0.0. Version Checksum will be recalculated on next use.
[2019.01.02-04.00.42:454][  0]LogDerivedDataCache: Saved boot cache 0.09s 71MB C:/Users/paulk/AppData/Local/UnrealEngine/4.20/DerivedDataCache/Boot.ddc.
[2019.01.02-04.00.42:464][  0]LogInit: Texture streaming: Enabled
[2019.01.02-04.00.42:475][  0]LogEngineSessionManager: EngineSessionManager initialized
[2019.01.02-04.00.42:487][  0]LogInit: Transaction tracking system initialized
[2019.01.02-04.00.42:503][  0]BlueprintLog: New page: Editor Load
[2019.01.02-04.00.42:551][  0]LocalizationService: Localization service is disabled
[2019.01.02-04.00.42:780][  0]LogCook: Display: Max memory allowance for cook 16384mb min free memory 0mb
[2019.01.02-04.00.42:780][  0]LogCook: Display: Mobile HDR setting 1
[2019.01.02-04.00.42:780][  0]LogGameplayTags: Display: UGameplayTagsManager::DoneAddingNativeTags. DelegateIsBound: 0
[2019.01.02-04.00.42:780][  0]LogStats: UGameplayTagsManager::ConstructGameplayTagTree: ImportINI prefixes -  0.000 s
[2019.01.02-04.00.42:780][  0]LogStats: UGameplayTagsManager::ConstructGameplayTagTree: Construct from data asset -  0.000 s
[2019.01.02-04.00.42:780][  0]LogStats: UGameplayTagsManager::ConstructGameplayTagTree: ImportINI -  0.000 s
[2019.01.02-04.00.42:780][  0]LogStats: UGameplayTagsManager::ConstructGameplayTagTree: GameplayTagTreeChangedEvent.Broadcast -  0.000 s
[2019.01.02-04.00.42:874][  0]LogFileCache: Scanning file cache for directory 'D:/Project Tower Defense 1/GitHub2/Keng/Unreal Engine 4/Tower Defense 1/Content/' took 0.01s
[2019.01.02-04.00.42:875][  0]SourceControl: Source control is disabled
[2019.01.02-04.00.42:875][  0]Cmd: MAP LOAD FILE="../../../Engine/Content/Maps/Templates/Template_Default.umap" TEMPLATE=1 SHOWPROGRESS=1 FEATURELEVEL=3
[2019.01.02-04.00.42:875][  0]LightingResults: New page: Lighting Build
[2019.01.02-04.00.42:877][  0]MapCheck: New page: Map Check
[2019.01.02-04.00.42:877][  0]LightingResults: New page: Lighting Build
[2019.01.02-04.00.43:072][  0]LogAIModule: Creating AISystem for world Untitled_1
[2019.01.02-04.00.43:080][  0]LogEditorServer: Finished looking for orphan Actors (0.000 secs)
[2019.01.02-04.00.43:104][  0]Cmd: MAP CHECKDEP NOCLEARLOG
[2019.01.02-04.00.43:145][  0]MapCheck: Map check complete: 0 Error(s), 0 Warning(s), took 40.531ms to complete.
[2019.01.02-04.00.43:145][  0]LogFileHelpers: Loading map 'Template_Default' took 0.269
[2019.01.02-04.00.43:237][  0]LogSlate: Updating window title bar state: overlay mode, drag disabled, window buttons hidden, title bar hidden
[2019.01.02-04.00.43:243][  0]LogSlate: Updating window title bar state: overlay mode, drag disabled, window buttons hidden, title bar hidden
[2019.01.02-04.00.43:251][  0]LogSlate: Updating window title bar state: overlay mode, drag disabled, window buttons hidden, title bar hidden
[2019.01.02-04.00.43:257][  0]LogSlate: Updating window title bar state: overlay mode, drag disabled, window buttons hidden, title bar hidden
[2019.01.02-04.00.43:261][  0]LogCollectionManager: Loaded 0 collections in 0.000781 seconds
[2019.01.02-04.00.43:301][  0]LogFileCache: Scanning file cache for directory 'D:/Project Tower Defense 1/GitHub2/Keng/Unreal Engine 4/Tower Defense 1/Saved/Collections/' took 0.01s
[2019.01.02-04.00.43:301][  0]LogFileCache: Scanning file cache for directory 'D:/Project Tower Defense 1/GitHub2/Keng/Unreal Engine 4/Tower Defense 1/Content/Developers/paulk/Collections/' took 0.01s
[2019.01.02-04.00.43:301][  0]LogFileCache: Scanning file cache for directory 'D:/Project Tower Defense 1/GitHub2/Keng/Unreal Engine 4/Tower Defense 1/Content/Collections/' took 0.01s
[2019.01.02-04.00.43:301][  0]LogCollectionManager: Rebuilt the GUID cache for 0 collections in 0.000000 seconds
[2019.01.02-04.00.43:309][  0]LogContentBrowser: Native class hierarchy populated in 0.0078 seconds. Added 2572 classes and 603 folders.
[2019.01.02-04.00.43:313][  0]LogContentBrowser: Native class hierarchy updated for 'WidgetCarousel' in 0.0002 seconds. Added 0 classes and 0 folders.
[2019.01.02-04.00.43:344][  0]LogContentBrowser: Native class hierarchy updated for 'AddContentDialog' in 0.0003 seconds. Added 0 classes and 0 folders.
[2019.01.02-04.00.43:347][  0]LogContentBrowser: Native class hierarchy updated for 'SceneOutliner' in 0.0002 seconds. Added 1 classes and 2 folders.
[2019.01.02-04.00.43:360][  0]LogSlate: Took 0.000171 seconds to synchronously load lazily loaded font '../../../Engine/Content/Slate/Fonts/Roboto-Regular.ttf' (155K)
[2019.01.02-04.00.43:363][  0]LogSlate: Took 0.000238 seconds to synchronously load lazily loaded font '../../../Engine/Content/Slate/Fonts/Roboto-Bold.ttf' (160K)
[2019.01.02-04.00.43:370][  0]LogSlate: Took 0.000219 seconds to synchronously load lazily loaded font '../../../Engine/Content/Editor/Slate/Fonts/FontAwesome.ttf' (139K)
[2019.01.02-04.00.43:458][  0]LogRenderer: Reallocating scene render targets to support 1208x600 Format 10 NumSamples 1 (Frame:1).
[2019.01.02-04.00.43:595][  0]LogContentBrowser: Native class hierarchy updated for 'HierarchicalLODOutliner' in 0.0002 seconds. Added 0 classes and 0 folders.
[2019.01.02-04.00.43:596][  0]LogLoad: (Engine Initialization) Total time: 7.21 seconds
[2019.01.02-04.00.43:596][  0]LogLoad: (Engine Initialization) Total Blueprint compile time: 0.00 seconds
[2019.01.02-04.00.43:606][  0]LogWindowsTextInputMethodSystem: Display: IME system now deactivated.
[2019.01.02-04.00.43:628][  0]LogContentStreaming: Texture pool size now 1000 MB
[2019.01.02-04.00.43:796][  1]LogAssetRegistry: Asset discovery search completed in 3.8611 seconds
[2019.01.02-04.00.43:797][  1]LogCollectionManager: Rebuilt the object cache for 0 collections in 0.000001 seconds (found 0 objects)
[2019.01.02-04.00.43:797][  1]LogCollectionManager: Fixed up redirectors for 0 collections in 0.000044 seconds (updated 0 objects)
[2019.01.02-04.00.47:809][106]LogSlate: Took 0.000156 seconds to synchronously load lazily loaded font '../../../Engine/Content/Slate/Fonts/Roboto-Light.ttf' (167K)
[2019.01.02-04.00.48:940][134]LogSlate: FSceneViewport::OnFocusLost() reason 0
[2019.01.02-04.00.54:372][244]LogSlate: Took 0.000221 seconds to synchronously load lazily loaded font '../../../Engine/Content/Slate/Fonts/Roboto-Light.ttf' (167K)
[2019.01.02-04.00.54:512][244]LogAIModule: Creating AISystem for world BeamBlaster_Models
[2019.01.02-04.00.54:543][244]LogAssetEditorManager: Opening Asset editor for World /Game/BeamBlaster/BeamBlaster_Models.BeamBlaster_Models
[2019.01.02-04.00.54:602][244]Cmd: MAP LOAD FILE="../../../../../Project Tower Defense 1/GitHub2/Keng/Unreal Engine 4/Tower Defense 1/Content/BeamBlaster/BeamBlaster_Models.umap" TEMPLATE=0 SHOWPROGRESS=1 FEATURELEVEL=3
[2019.01.02-04.00.54:602][244]LightingResults: New page: Lighting Build
[2019.01.02-04.00.54:603][244]LoadErrors: New page: Loading map: BeamBlaster_Models.umap
[2019.01.02-04.00.54:603][244]MapCheck: New page: Map Check
[2019.01.02-04.00.54:603][244]LightingResults: New page: Lighting Build
[2019.01.02-04.00.54:627][244]LogEditorServer: Finished looking for orphan Actors (0.000 secs)
[2019.01.02-04.00.54:679][244]Cmd: MAP CHECKDEP NOCLEARLOG
[2019.01.02-04.00.54:726][244]MapCheck: Map check complete: 0 Error(s), 0 Warning(s), took 47.627ms to complete.
[2019.01.02-04.00.54:727][244]LogFileHelpers: Loading map 'BeamBlaster_Models' took 0.125
[2019.01.02-04.01.03:306][481]LogSavePackage: Moving '../../../../../Project Tower Defense 1/GitHub2/Keng/Unreal Engine 4/Tower Defense 1/Saved/BeamBlaster_ModelsAD1776A14B6A27A48133388EAC44822F.tmp' to '../../../../../Project Tower Defense 1/GitHub2/Keng/Unreal Engine 4/Tower Defense 1/Content/BeamBlaster/BeamBlaster_Models.umap'
[2019.01.02-04.01.03:377][481]LogSavePackage: Moving '../../../../../Project Tower Defense 1/GitHub2/Keng/Unreal Engine 4/Tower Defense 1/Saved/BeamBlaster_Models_BuiltData2AA869D74708488AAE01E0B6DF8B9082.tmp' to '../../../../../Project Tower Defense 1/GitHub2/Keng/Unreal Engine 4/Tower Defense 1/Content/BeamBlaster/BeamBlaster_Models_BuiltData.uasset'
[2019.01.02-04.01.15:009][725]LogD3D11RHI: Error: Result failed 
 at D:\Build\++UE4\Sync\Engine\Source\Runtime\Windows\D3D11RHI\Private\D3D11Query.cpp:146 
 with error DXGI_ERROR_DEVICE_REMOVED DXGI_ERROR_DEVICE_HUNG
[2019.01.02-04.01.15:009][725]LogD3D11RHI: [Aftermath] GDynamicRHI=000001A3FA74A0C0, GDX11NVAfterMathEnabled=0, Result=0xFFFFFFFF, bDeviceActive=0
[2019.01.02-04.01.15:009][725]LogWindows: Windows GetLastError: The operation completed successfully. (0)
[2019.01.02-04.01.15:876][725]LogWindows: Windows GetLastError: The operation completed successfully. (0)
[2019.01.02-04.01.15:876][725]LogWindows: Error: === Critical error: ===
[2019.01.02-04.01.15:876][725]LogWindows: Error: 
[2019.01.02-04.01.15:876][725]LogWindows: Error: Fatal error: [File:D:\Build\++UE4\Sync\Engine\Source\Runtime\RenderCore\Private\RenderingThread.cpp] [Line: 826] 
[2019.01.02-04.01.15:876][725]LogWindows: Error: Rendering thread exception:
[2019.01.02-04.01.15:876][725]LogWindows: Error: Fatal error: [File:D:\Build\++UE4\Sync\Engine\Source\Runtime\Windows\D3D11RHI\Private\D3D11Util.cpp] [Line: 200] 
[2019.01.02-04.01.15:876][725]LogWindows: Error: Unreal Engine is exiting due to D3D device being lost. (Error: 0x887A0006 - 'HUNG')
[2019.01.02-04.01.15:876][725]LogWindows: Error: 
[2019.01.02-04.01.15:876][725]LogWindows: Error: 
[2019.01.02-04.01.15:876][725]LogWindows: Error: [Callstack] 0x00007ffcd5e7a388 KERNELBASE.dll!UnknownFunction []
[2019.01.02-04.01.15:876][725]LogWindows: Error: [Callstack] 0x00007ffcb0906850 UE4Editor-ApplicationCore.dll!UnknownFunction []
[2019.01.02-04.01.15:876][725]LogWindows: Error: [Callstack] 0x00007ffc9c5462fc UE4Editor-Core.dll!UnknownFunction []
[2019.01.02-04.01.15:876][725]LogWindows: Error: [Callstack] 0x00007ffc9c4d51db UE4Editor-Core.dll!UnknownFunction []
[2019.01.02-04.01.15:876][725]LogWindows: Error: [Callstack] 0x00007ffc7e5cadea UE4Editor-D3D11RHI.dll!UnknownFunction []
[2019.01.02-04.01.15:876][725]LogWindows: Error: [Callstack] 0x00007ffc7e5ce6e4 UE4Editor-D3D11RHI.dll!UnknownFunction []
[2019.01.02-04.01.15:876][725]LogWindows: Error: [Callstack] 0x00007ffc7e5a5951 UE4Editor-D3D11RHI.dll!UnknownFunction []
[2019.01.02-04.01.15:876][725]LogWindows: Error: [Callstack] 0x00007ffc7e5babf8 UE4Editor-D3D11RHI.dll!UnknownFunction []
[2019.01.02-04.01.15:876][725]LogWindows: Error: [Callstack] 0x00007ffcaf45b106 UE4Editor-RHI.dll!UnknownFunction []
[2019.01.02-04.01.15:876][725]LogWindows: Error: [Callstack] 0x00007ffc7e331b42 UE4Editor-SlateRHIRenderer.dll!UnknownFunction []
[2019.01.02-04.01.15:876][725]LogWindows: Error: [Callstack] 0x00007ffc7e337d0a UE4Editor-SlateRHIRenderer.dll!UnknownFunction []
[2019.01.02-04.01.15:876][725]LogWindows: Error: [Callstack] 0x00007ffc9c361f92 UE4Editor-Core.dll!UnknownFunction []
[2019.01.02-04.01.15:876][725]LogWindows: Error: [Callstack] 0x00007ffc9c362456 UE4Editor-Core.dll!UnknownFunction []
[2019.01.02-04.01.15:876][725]LogWindows: Error: [Callstack] 0x00007ffcbd0375f9 UE4Editor-RenderCore.dll!UnknownFunction []
[2019.01.02-04.01.15:876][725]LogWindows: Error: [Callstack] 0x00007ffcbd038574 UE4Editor-RenderCore.dll!UnknownFunction []
[2019.01.02-04.01.15:876][725]LogWindows: Error: [Callstack] 0x00007ffc9c7a6b7c UE4Editor-Core.dll!UnknownFunction []
[2019.01.02-04.01.15:876][725]LogWindows: Error: [Callstack] 0x00007ffc9c7a17c7 UE4Editor-Core.dll!UnknownFunction []
[2019.01.02-04.01.15:876][725]LogWindows: Error: [Callstack] 0x00007ffcd8c23034 KERNEL32.DLL!UnknownFunction []
[2019.01.02-04.01.15:876][725]LogWindows: Error: [Callstack] 0x00007ffcd93d3691 ntdll.dll!UnknownFunction []
[2019.01.02-04.01.15:876][725]LogWindows: Error: 
[2019.01.02-04.01.15:876][725]LogWindows: Error: 
[2019.01.02-04.01.15:876][725]LogWindows: Error: 
[2019.01.02-04.01.15:876][725]LogWindows: Error: 
[2019.01.02-04.01.15:894][725]LogExit: Executing StaticShutdownAfterError
[2019.01.02-04.01.15:896][725]LogWindows: FPlatformMisc::RequestExit(1)
[2019.01.02-04.01.15:898][725]Log file closed, 01/02/19 11:01:15
