Log file open, 01/07/19 20:00:31
LogWindows: Failed to load 'aqProf.dll' (GetLastError=126)
LogWindows: File 'aqProf.dll' does not exist
LogWindows: Failed to load 'VSPerf140.dll' (GetLastError=126)
LogWindows: File 'VSPerf140.dll' does not exist
LogWindows: Failed to load 'VtuneApi.dll' (GetLastError=126)
LogWindows: File 'VtuneApi.dll' does not exist
LogWindows: Failed to load 'VtuneApi32e.dll' (GetLastError=126)
LogWindows: File 'VtuneApi32e.dll' does not exist
LogInit: Display: Running engine for game: Tower_Defense_1
LogPlatformFile: Not using cached read wrapper
LogTaskGraph: Started task graph with 5 named threads and 23 total threads with 3 sets of task threads.
LogStats: Stats thread started at 0.268237
LogD3D11RHI: Loaded GFSDK_Aftermath_Lib.x64.dll
LogICUInternationalization: Display: ICU TimeZone Detection - Raw Offset: +7:00, Platform Override: ''
LogPluginManager: Mounting plugin Paper2D
LogPluginManager: Mounting plugin AISupport
LogPluginManager: Mounting plugin LightPropagationVolume
LogPluginManager: Mounting plugin CLionSourceCodeAccess
LogPluginManager: Mounting plugin CodeLiteSourceCodeAccess
LogPluginManager: Mounting plugin GitSourceControl
LogPluginManager: Mounting plugin KDevelopSourceCodeAccess
LogPluginManager: Mounting plugin NullSourceCodeAccess
LogPluginManager: Mounting plugin PerforceSourceControl
LogPluginManager: Mounting plugin SubversionSourceControl
LogPluginManager: Mounting plugin UObjectPlugin
LogPluginManager: Mounting plugin VisualStudioCodeSourceCodeAccess
LogPluginManager: Mounting plugin VisualStudioSourceCodeAccess
LogPluginManager: Mounting plugin XCodeSourceCodeAccess
LogPluginManager: Mounting plugin AssetManagerEditor
LogPluginManager: Mounting plugin CryptoKeys
LogPluginManager: Mounting plugin DataValidation
LogPluginManager: Mounting plugin FacialAnimation
LogPluginManager: Mounting plugin GameplayTagsEditor
LogPluginManager: Mounting plugin MacGraphicsSwitching
LogPluginManager: Mounting plugin MeshEditor
LogPluginManager: Mounting plugin MobileLauncherProfileWizard
LogPluginManager: Mounting plugin PluginBrowser
LogPluginManager: Mounting plugin SpeedTreeImporter
LogPluginManager: Mounting plugin DatasmithContent
LogPluginManager: Mounting plugin AlembicImporter
LogPluginManager: Mounting plugin AppleImageUtils
LogPluginManager: Mounting plugin AppleVision
LogPluginManager: Mounting plugin BackChannel
LogPluginManager: Mounting plugin CharacterAI
LogPluginManager: Mounting plugin GeometryCache
LogPluginManager: Mounting plugin HTML5Networking
LogPluginManager: Mounting plugin ProxyLODPlugin
LogPluginManager: Mounting plugin MagicLeap
LogPluginManager: Mounting plugin MagicLeapEmulator
LogPluginManager: Mounting plugin MagicLeapMedia
LogPluginManager: Mounting plugin AndroidMedia
LogPluginManager: Mounting plugin AvfMedia
LogPluginManager: Mounting plugin ImgMedia
LogPluginManager: Mounting plugin LinearTimecode
LogPluginManager: Mounting plugin MediaCompositing
LogPluginManager: Mounting plugin MediaPlayerEditor
LogPluginManager: Mounting plugin WmfMedia
LogPluginManager: Mounting plugin TcpMessaging
LogPluginManager: Mounting plugin UdpMessaging
LogPluginManager: Mounting plugin ActorSequence
LogPluginManager: Mounting plugin LevelSequenceEditor
LogPluginManager: Mounting plugin MatineeToLevelSequence
LogPluginManager: Mounting plugin NetcodeUnitTest
LogPluginManager: Mounting plugin NUTUnrealEngine4
LogPluginManager: Mounting plugin OnlineSubsystemGooglePlay
LogPluginManager: Mounting plugin OnlineSubsystemIOS
LogPluginManager: Mounting plugin OnlineSubsystem
LogPluginManager: Mounting plugin OnlineSubsystemNull
LogPluginManager: Mounting plugin OnlineSubsystemUtils
LogPluginManager: Mounting plugin LauncherChunkInstaller
LogPluginManager: Mounting plugin AndroidDeviceProfileSelector
LogPluginManager: Mounting plugin AndroidMoviePlayer
LogPluginManager: Mounting plugin AndroidPermission
LogPluginManager: Mounting plugin AppleMoviePlayer
LogPluginManager: Mounting plugin ArchVisCharacter
LogPluginManager: Mounting plugin AudioCapture
LogPluginManager: Mounting plugin CableComponent
LogPluginManager: Mounting plugin CustomMeshComponent
LogPluginManager: Mounting plugin EditableMesh
LogPluginManager: Mounting plugin ExampleDeviceProfileSelector
LogPluginManager: Mounting plugin GoogleCloudMessaging
LogPluginManager: Mounting plugin ImmediatePhysics
LogPluginManager: Mounting plugin IOSDeviceProfileSelector
LogPluginManager: Mounting plugin LinuxDeviceProfileSelector
LogPluginManager: Mounting plugin LocationServicesBPLibrary
LogPluginManager: Mounting plugin MobilePatchingUtils
LogPluginManager: Mounting plugin OculusVR
LogPluginManager: Plugin shader directory ../../../Engine/Plugins/Runtime/Oculus/OculusVR/Shaders found
LogPluginManager: Mapping shader source directory ../../../Engine/Plugins/Runtime/Oculus/OculusVR/Shaders to virtual directory /Plugin/OculusVR
LogPluginManager: Mounting plugin PhysXVehicles
LogPluginManager: Mounting plugin ProceduralMeshComponent
LogPluginManager: Mounting plugin RuntimePhysXCooking
LogPluginManager: Mounting plugin SteamVR
LogPluginManager: Mounting plugin WindowsMoviePlayer
LogStreaming: Display: Took  0.209s to configure plugins.
LogInit: Using libcurl 7.55.1-DEV
LogInit:  - built for x86_64-pc-win32
LogInit:  - supports SSL with OpenSSL/1.0.2h
LogInit:  - supports HTTP deflate (compression) using libz 1.2.8
LogInit:  - other features:
LogInit:      CURL_VERSION_SSL
LogInit:      CURL_VERSION_LIBZ
LogInit:      CURL_VERSION_IPV6
LogInit:      CURL_VERSION_ASYNCHDNS
LogInit:      CURL_VERSION_LARGEFILE
LogInit:      CURL_VERSION_IDN
LogInit:  CurlRequestOptions (configurable via config and command line):
LogInit:  - bVerifyPeer = false  - Libcurl will NOT verify peer certificate
LogInit:  - bUseHttpProxy = false  - Libcurl will NOT use HTTP proxy
LogInit:  - bDontReuseConnections = false  - Libcurl will reuse connections
LogInit:  - CertBundlePath = nullptr  - Libcurl will use whatever was configured at build time.
LogInit:  - MaxHostConnections = 16  - Libcurl will limit the number of connections to a host
LogInit:  - LocalHostAddr = Default
LogInit:  - BufferSize = 65536
LogInit: WinSock: version 1.1 (2.2), MaxSocks=32767, MaxUdp=65467
LogInit: Build: ++UE4+Release-4.20-CL-4369336
LogInit: Engine Version: 4.20.3-4369336+++UE4+Release-4.20
LogInit: Compatible Engine Version: 4.20.0-4212847+++UE4+Release-4.20
LogInit: Net CL: 4212847
LogInit: OS: Windows 10 (), CPU: Intel(R) Core(TM) i7-7700HQ CPU @ 2.80GHz, GPU: Intel(R) HD Graphics 630
LogInit: Compiled (64-bit): Sep 17 2018 12:26:19
LogInit: Compiled with Visual C++: 19.13.26129.00
LogInit: Build Configuration: Development
LogInit: Branch Name: ++UE4+Release-4.20
LogInit: Command Line: 
LogInit: Base Directory: D:/Unreal Engine/UE_4.20/Engine/Binaries/Win64/
LogInit: Installed Engine Build: 1
LogDevObjectVersion: Number of dev versions registered: 20
LogDevObjectVersion:   Dev-Blueprints (B0D832E4-1F89-4F0D-ACCF-7EB736FD4AA2): 10
LogDevObjectVersion:   Dev-Build (E1C64328-A22C-4D53-A36C-8E866417BD8C): 0
LogDevObjectVersion:   Dev-Core (375EC13C-06E4-48FB-B500-84F0262A717E): 2
LogDevObjectVersion:   Dev-Editor (E4B068ED-F494-42E9-A231-DA0B2E46BB41): 24
LogDevObjectVersion:   Dev-Framework (CFFC743F-43B0-4480-9391-14DF171D2073): 34
LogDevObjectVersion:   Dev-Mobile (B02B49B5-BB20-44E9-A304-32B752E40360): 2
LogDevObjectVersion:   Dev-Networking (A4E4105C-59A1-49B5-A7C5-40C4547EDFEE): 0
LogDevObjectVersion:   Dev-Online (39C831C9-5AE6-47DC-9A44-9C173E1C8E7C): 0
LogDevObjectVersion:   Dev-Physics (78F01B33-EBEA-4F98-B9B4-84EACCB95AA2): 0
LogDevObjectVersion:   Dev-Platform (6631380F-2D4D-43E0-8009-CF276956A95A): 0
LogDevObjectVersion:   Dev-Rendering (12F88B9F-8875-4AFC-A67C-D90C383ABD29): 26
LogDevObjectVersion:   Dev-Sequencer (7B5AE74C-D270-4C10-A958-57980B212A5A): 9
LogDevObjectVersion:   Dev-VR (D7296918-1DD6-4BDD-9DE2-64A83CC13884): 2
LogDevObjectVersion:   Dev-LoadTimes (C2A15278-BFE7-4AFE-6C17-90FF531DF755): 1
LogDevObjectVersion:   Private-Geometry (6EACA3D4-40EC-4CC1-B786-8BED09428FC5): 3
LogDevObjectVersion:   Dev-AnimPhys (29E575DD-E0A3-4627-9D10-D276232CDCEA): 17
LogDevObjectVersion:   Dev-ReflectionCapture (6B266CEC-1EC7-4B8F-A30B-E4D90942FC07): 1
LogDevObjectVersion:   Dev-Automation (0DF73D61-A23F-47EA-B727-89E90C41499A): 1
LogDevObjectVersion:   FortniteMain (601D1886-AC64-4F84-AA16-D3DE0DEAC7D6): 12
LogDevObjectVersion:   Dev-Enterprise (9DFFBCD6-494F-0158-E221-12823C92A888): 1
LogStreaming: Display: Took  0.007s to delete old logs.
LogInit: Presizing for max 8388607 objects, including 0 objects not considered by GC, pre-allocating 0 bytes for permanent pool.
LogInit: Object subsystem initialized
[2019.01.07-13.00.31:730][  0]LogInit: Selected Device Profile: [Windows]
[2019.01.07-13.00.31:730][  0]LogInit: Applying CVar settings loaded from the selected device profile: [Windows]
[2019.01.07-13.00.31:758][  0]LogHAL: Display: Platform has ~ 16 GB [17093570560 / 17179869184 / 16], which maps to Larger [LargestMinGB=32, LargerMinGB=12, DefaultMinGB=8, SmallerMinGB=6, SmallestMinGB=0)
[2019.01.07-13.00.31:758][  0]LogInit: Setting Device Profile CVar: [[r.Vulkan.UseRealUBs:1]]
[2019.01.07-13.00.31:758][  0]LogInit: Going up to parent DeviceProfile []
[2019.01.07-13.00.31:758][  0]LogInit: Computer: DESKTOP-FE30NHD
[2019.01.07-13.00.31:758][  0]LogInit: User: paulk
[2019.01.07-13.00.31:758][  0]LogInit: CPU Page size=4096, Cores=4
[2019.01.07-13.00.31:758][  0]LogInit: High frequency timer resolution =2.742186 MHz
[2019.01.07-13.00.31:759][  0]LogMemory: Memory total: Physical=15.9GB (16GB approx)
[2019.01.07-13.00.31:759][  0]LogMemory: Platform Memory Stats for Windows
[2019.01.07-13.00.31:759][  0]LogMemory: Process Physical Memory: 102.59 MB used, 102.59 MB peak
[2019.01.07-13.00.31:759][  0]LogMemory: Process Virtual Memory: 90.99 MB used, 90.99 MB peak
[2019.01.07-13.00.31:759][  0]LogMemory: Physical Memory: 5167.54 MB used,  11134.16 MB free, 16301.70 MB total
[2019.01.07-13.00.31:759][  0]LogMemory: Virtual Memory: 4646.25 MB used,  11134.16 MB free, 134217728.00 MB total
[2019.01.07-13.00.31:776][  0]LogInit: Using OS detected language (en-US).
[2019.01.07-13.00.31:776][  0]LogInit: Using OS detected locale (en-US).
[2019.01.07-13.00.31:776][  0]LogTextLocalizationManager: No specific localization for 'en-US' exists, so the 'en' localization will be used.
[2019.01.07-13.00.32:118][  0]LogStreaming: Display: Took  0.341s to InitEngineTextLocalization.
[2019.01.07-13.00.32:118][  0]LogInit: Setting process to per monitor DPI aware
[2019.01.07-13.00.32:146][  0]LogSlate: New Slate User Created.  User Index 0, Is Virtual User: 0
[2019.01.07-13.00.32:146][  0]LogSlate: Slate User Registered.  User Index 0, Is Virtual User: 0
[2019.01.07-13.00.32:330][  0]LogHMD: Failed to initialize OpenVR with code 110
[2019.01.07-13.00.32:330][  0]LogD3D11RHI: D3D11 adapters:
[2019.01.07-13.00.32:391][  0]LogD3D11RHI:    0. 'NVIDIA GeForce GTX 1050 Ti' (Feature Level 11_0)
[2019.01.07-13.00.32:391][  0]LogD3D11RHI:       4021/0/8150 MB DedicatedVideo/DedicatedSystem/SharedSystem, Outputs:1, VendorId:0x10de
[2019.01.07-13.00.32:401][  0]LogD3D11RHI:    1. 'Intel(R) HD Graphics 630' (Feature Level 11_0)
[2019.01.07-13.00.32:401][  0]LogD3D11RHI:       128/0/8150 MB DedicatedVideo/DedicatedSystem/SharedSystem, Outputs:0, VendorId:0x8086
[2019.01.07-13.00.32:403][  0]LogD3D11RHI:    2. 'Microsoft Basic Render Driver' (Feature Level 11_0)
[2019.01.07-13.00.32:403][  0]LogD3D11RHI:       0/0/8150 MB DedicatedVideo/DedicatedSystem/SharedSystem, Outputs:0, VendorId:0x1414
[2019.01.07-13.00.32:403][  0]LogD3D11RHI: Chosen D3D11 Adapter: 0
[2019.01.07-13.00.32:421][  0]LogD3D11RHI: Creating new Direct3DDevice
[2019.01.07-13.00.32:421][  0]LogD3D11RHI:     GPU DeviceId: 0x1c8c (for the marketing name, search the web for "GPU Device Id")
[2019.01.07-13.00.32:421][  0]LogWindows: EnumDisplayDevices:
[2019.01.07-13.00.32:421][  0]LogWindows:    0. 'Intel(R) HD Graphics 630' (P:1 D:1)
[2019.01.07-13.00.32:421][  0]LogWindows:    1. 'Intel(R) HD Graphics 630' (P:0 D:0)
[2019.01.07-13.00.32:422][  0]LogWindows:    2. 'Intel(R) HD Graphics 630' (P:0 D:0)
[2019.01.07-13.00.32:422][  0]LogWindows: DebugString: PrimaryIsNotTheChoosenAdapter PrimaryIsNotTheChoosenAdapter PrimaryIsNotTheChoosenAdapter FoundDriverCount:0 
[2019.01.07-13.00.32:422][  0]LogD3D11RHI:     Adapter Name: NVIDIA GeForce GTX 1050 Ti
[2019.01.07-13.00.32:422][  0]LogD3D11RHI:   Driver Version: Unknown (internal:Unknown, unified:Unknown)
[2019.01.07-13.00.32:422][  0]LogD3D11RHI:      Driver Date: Unknown
[2019.01.07-13.00.32:422][  0]LogRHI: Texture pool is 2814 MB (70% of 4021 MB)
[2019.01.07-13.00.32:461][  0]LogD3D11RHI: Async texture creation enabled
[2019.01.07-13.00.32:477][  0]LogD3D11RHI: GPU Timing Frequency: 1000.000000 (Debug: 2 2)
[2019.01.07-13.00.32:478][  0]LogShaderCompilers: Guid format shader working directory is -38 characters bigger than the processId version (../../../../../Project Tower Defense 1/GitHub2/Keng/Unreal Engine 4/Tower_Defense_1/Intermediate/Shaders/WorkingDirectory/10760/).
[2019.01.07-13.00.32:478][  0]LogShaderCompilers: Cleaned the shader compiler working directory 'C:/Users/paulk/AppData/Local/Temp/UnrealShaderWorkingDir/E3349E0A435FF12774E47280CDADCE09/'.
[2019.01.07-13.00.32:740][  0]LogTemp: Display: Loaded TP AllDesktopTargetPlatform
[2019.01.07-13.00.32:752][  0]LogTemp: Display: Loaded TP MacClientTargetPlatform
[2019.01.07-13.00.32:763][  0]LogTemp: Display: Loaded TP MacNoEditorTargetPlatform
[2019.01.07-13.00.32:774][  0]LogTemp: Display: Loaded TP MacServerTargetPlatform
[2019.01.07-13.00.32:785][  0]LogTemp: Display: Loaded TP MacTargetPlatform
[2019.01.07-13.00.32:796][  0]LogTemp: Display: Loaded TP WindowsClientTargetPlatform
[2019.01.07-13.00.32:807][  0]LogTemp: Display: Loaded TP WindowsNoEditorTargetPlatform
[2019.01.07-13.00.32:819][  0]LogTemp: Display: Loaded TP WindowsServerTargetPlatform
[2019.01.07-13.00.32:824][  0]LogTemp: Display: Loaded TP WindowsTargetPlatform
[2019.01.07-13.00.32:905][  0]LogTemp: Display: Loaded TP AndroidTargetPlatform
[2019.01.07-13.00.32:905][  0]LogTemp: Display: Loaded TP AndroidTargetPlatform
[2019.01.07-13.00.32:905][  0]LogTemp: Display: Loaded TP AndroidTargetPlatform
[2019.01.07-13.00.32:905][  0]LogTemp: Display: Loaded TP AndroidTargetPlatform
[2019.01.07-13.00.32:905][  0]LogTemp: Display: Loaded TP AndroidTargetPlatform
[2019.01.07-13.00.32:905][  0]LogTemp: Display: Loaded TP AndroidTargetPlatform
[2019.01.07-13.00.32:905][  0]LogTemp: Display: Loaded TP AndroidTargetPlatform
[2019.01.07-13.00.32:905][  0]LogTemp: Display: Loaded TP AndroidTargetPlatform
[2019.01.07-13.00.32:905][  0]LogTemp: Display: Loaded TP AndroidTargetPlatform
[2019.01.07-13.00.32:905][  0]LogTemp: Display: Loaded TP AndroidTargetPlatform
[2019.01.07-13.00.32:905][  0]LogTemp: Display: Loaded TP AndroidTargetPlatform
[2019.01.07-13.00.32:905][  0]LogTemp: Display: Loaded TP AndroidTargetPlatform
[2019.01.07-13.00.32:905][  0]LogTemp: Display: Loaded TP AndroidTargetPlatform
[2019.01.07-13.00.32:905][  0]LogTemp: Display: Loaded TP AndroidTargetPlatform
[2019.01.07-13.00.32:905][  0]LogTemp: Display: Loaded TP AndroidTargetPlatform
[2019.01.07-13.00.32:905][  0]LogTemp: Display: Loaded TP AndroidTargetPlatform
[2019.01.07-13.00.32:905][  0]LogTemp: Display: Loaded TP AndroidTargetPlatform
[2019.01.07-13.00.32:905][  0]LogTemp: Display: Loaded TP AndroidTargetPlatform
[2019.01.07-13.00.32:906][  0]LogTemp: Display: Loaded TP HTML5TargetPlatform
[2019.01.07-13.00.32:963][  0]LogTemp: Display: Loaded TP IOSTargetPlatform
[2019.01.07-13.00.32:963][  0]LogTemp: Display: Loaded TP IOSTargetPlatform
[2019.01.07-13.00.32:987][  0]LogTemp: Display: Loaded TP TVOSTargetPlatform
[2019.01.07-13.00.32:987][  0]LogTemp: Display: Loaded TP TVOSTargetPlatform
[2019.01.07-13.00.33:002][  0]LogTemp: Display: Loaded TP LinuxClientTargetPlatform
[2019.01.07-13.00.33:013][  0]LogTemp: Display: Loaded TP LinuxNoEditorTargetPlatform
[2019.01.07-13.00.33:023][  0]LogTemp: Display: Loaded TP LinuxServerTargetPlatform
[2019.01.07-13.00.33:035][  0]LogTemp: Display: Loaded TP LinuxTargetPlatform
[2019.01.07-13.00.33:043][  0]LogTemp: Display: Loaded TP LuminTargetPlatform
[2019.01.07-13.00.33:043][  0]LogTargetPlatformManager: Display: Building Assets For Windows
[2019.01.07-13.00.33:082][  0]LogXGEController: Cannot use XGE Controller as Incredibuild is not installed on this machine.
[2019.01.07-13.00.33:082][  0]LogShaderCompilers: Cannot use XGE Shader Compiler as Incredibuild is not installed on this machine.
[2019.01.07-13.00.33:082][  0]LogShaderCompilers: Display: Using Local Shader Compiler.
[2019.01.07-13.00.33:804][  0]LogDerivedDataCache: Display: Max Cache Size: 512 MB
[2019.01.07-13.00.33:850][  0]LogDerivedDataCache: Loaded boot cache 0.05s 71MB C:/Users/paulk/AppData/Local/UnrealEngine/4.20/DerivedDataCache/Boot.ddc.
[2019.01.07-13.00.33:850][  0]LogDerivedDataCache: Display: Loaded Boot cache: C:/Users/paulk/AppData/Local/UnrealEngine/4.20/DerivedDataCache/Boot.ddc
[2019.01.07-13.00.33:850][  0]LogDerivedDataCache: FDerivedDataBackendGraph:  Pak pak cache file ../../../../../Project Tower Defense 1/GitHub2/Keng/Unreal Engine 4/Tower_Defense_1/DerivedDataCache/DDC.ddp not found, will not use a pak cache.
[2019.01.07-13.00.33:850][  0]LogDerivedDataCache: Unable to find inner node Pak for hierarchical cache Hierarchy.
[2019.01.07-13.00.33:850][  0]LogDerivedDataCache: FDerivedDataBackendGraph:  CompressedPak pak cache file ../../../../../Project Tower Defense 1/GitHub2/Keng/Unreal Engine 4/Tower_Defense_1/DerivedDataCache/Compressed.ddp not found, will not use a pak cache.
[2019.01.07-13.00.33:850][  0]LogDerivedDataCache: Unable to find inner node CompressedPak for hierarchical cache Hierarchy.
[2019.01.07-13.00.33:862][  0]LogDerivedDataCache: Display: Pak cache opened for reading ../../../Engine/DerivedDataCache/Compressed.ddp.
[2019.01.07-13.00.33:875][  0]LogDerivedDataCache: Using Local data cache path C:/Users/paulk/AppData/Local/UnrealEngine/Common/DerivedDataCache: Writable
[2019.01.07-13.00.33:875][  0]LogDerivedDataCache: Shared data cache path not found in *engine.ini, will not use an Shared cache.
[2019.01.07-13.00.33:875][  0]LogDerivedDataCache: Unable to find inner node Shared for hierarchical cache Hierarchy.
[2019.01.07-13.00.33:895][  0]LogMaterial: Verifying Global Shaders for PCD3D_SM5
[2019.01.07-13.00.33:896][  0]LogSlate: Using FreeType 2.6.0
[2019.01.07-13.00.33:897][  0]LogSlate: SlateFontServices - WITH_FREETYPE: 1, WITH_HARFBUZZ: 1
[2019.01.07-13.00.33:964][  0]LogAssetRegistry: FAssetRegistry took 0.0255 seconds to start up
[2019.01.07-13.00.34:251][  0]LogInit: Selected Device Profile: [Windows]
[2019.01.07-13.00.34:402][  0]LogSimplygon: Simplygon DLL not present - disabling.
[2019.01.07-13.00.34:405][  0]LogMeshReduction: Using SimplygonSwarm for distributed automatic mesh merging
[2019.01.07-13.00.34:405][  0]LogMeshReduction: Using ProxyLODMeshReduction for automatic mesh merging
[2019.01.07-13.00.34:406][  0]LogMeshReduction: Using QuadricMeshReduction for automatic static mesh reduction
[2019.01.07-13.00.34:406][  0]LogMeshReduction: No automatic skeletal mesh reduction module available
[2019.01.07-13.00.34:419][  0]LogNetVersion: Tower_Defense_1 1.0.0, NetCL: 4212847, EngineNetVer: 5, GameNetVer: 0 (Checksum: 2219292902)
[2019.01.07-13.00.34:938][  0]LogPackageLocalizationCache: Processed 11 localized package path(s) for 2 prioritized culture(s) in 0.136232 seconds
[2019.01.07-13.00.34:944][  0]LogUObjectArray: 38425 objects as part of root set at end of initial load.
[2019.01.07-13.00.34:944][  0]LogUObjectAllocator: 6690864 out of 0 bytes used by permanent object pool.
[2019.01.07-13.00.34:944][  0]LogUObjectArray: CloseDisregardForGC: 0/0 objects in disregard for GC pool
[2019.01.07-13.00.35:700][  0]LogTcpMessaging: Initializing TcpMessaging bridge
[2019.01.07-13.00.35:713][  0]LogUdpMessaging: Initializing bridge on interface 0.0.0.0:0 to multicast group 230.0.0.1:6666.
[2019.01.07-13.00.35:846][  0]SourceControl: Source control is disabled
[2019.01.07-13.00.35:846][  0]SourceControl: Source control is disabled
[2019.01.07-13.00.35:847][  0]SourceControl: Source control is disabled
[2019.01.07-13.00.35:848][  0]SourceControl: Source control is disabled
[2019.01.07-13.00.36:015][  0]LogAndroidPermission: UAndroidPermissionCallbackProxy::GetInstance
[2019.01.07-13.00.36:060][  0]LogOcInput: OculusInput pre-init called
[2019.01.07-13.00.36:115][  0]LogEngine: Initializing Engine...
[2019.01.07-13.00.36:115][  0]LogHMD: Failed to initialize OpenVR with code 110
[2019.01.07-13.00.36:116][  0]LogStats: UGameplayTagsManager::ConstructGameplayTagTree: ImportINI prefixes -  0.000 s
[2019.01.07-13.00.36:116][  0]LogStats: UGameplayTagsManager::ConstructGameplayTagTree: Construct from data asset -  0.000 s
[2019.01.07-13.00.36:116][  0]LogStats: UGameplayTagsManager::ConstructGameplayTagTree: ImportINI -  0.000 s
[2019.01.07-13.00.36:116][  0]LogStats: UGameplayTagsManager::ConstructGameplayTagTree: GameplayTagTreeChangedEvent.Broadcast -  0.000 s
[2019.01.07-13.00.36:313][  0]LogInit: Initializing FReadOnlyCVARCache
[2019.01.07-13.00.36:323][  0]LogAIModule: Creating AISystem for world Untitled
[2019.01.07-13.00.36:333][  0]LogInit: XAudio2 using 'Speakers (Realtek High Definition Audio)' : 2 channels at 48 kHz using 32 bits per sample (channel mask 0x3)
[2019.01.07-13.00.36:443][  0]LogInit: FAudioDevice initialized.
[2019.01.07-13.00.36:444][  0]LogNetVersion: Set ProjectVersion to 1.0.0.0. Version Checksum will be recalculated on next use.
[2019.01.07-13.00.36:534][  0]LogDerivedDataCache: Saved boot cache 0.09s 71MB C:/Users/paulk/AppData/Local/UnrealEngine/4.20/DerivedDataCache/Boot.ddc.
[2019.01.07-13.00.36:537][  0]LogInit: Texture streaming: Enabled
[2019.01.07-13.00.36:548][  0]LogEngineSessionManager: EngineSessionManager initialized
[2019.01.07-13.00.36:557][  0]LogInit: Transaction tracking system initialized
[2019.01.07-13.00.36:571][  0]BlueprintLog: New page: Editor Load
[2019.01.07-13.00.36:620][  0]LocalizationService: Localization service is disabled
[2019.01.07-13.00.36:859][  0]LogCook: Display: Max memory allowance for cook 16384mb min free memory 0mb
[2019.01.07-13.00.36:859][  0]LogCook: Display: Mobile HDR setting 1
[2019.01.07-13.00.36:859][  0]LogGameplayTags: Display: UGameplayTagsManager::DoneAddingNativeTags. DelegateIsBound: 0
[2019.01.07-13.00.36:859][  0]LogStats: UGameplayTagsManager::ConstructGameplayTagTree: ImportINI prefixes -  0.000 s
[2019.01.07-13.00.36:859][  0]LogFileCache: Scanning file cache for directory 'D:/Project Tower Defense 1/GitHub2/Keng/Unreal Engine 4/Tower_Defense_1/Content/' took 0.02s
[2019.01.07-13.00.36:859][  0]LogStats: UGameplayTagsManager::ConstructGameplayTagTree: Construct from data asset -  0.000 s
[2019.01.07-13.00.36:859][  0]LogStats: UGameplayTagsManager::ConstructGameplayTagTree: ImportINI -  0.000 s
[2019.01.07-13.00.36:859][  0]LogStats: UGameplayTagsManager::ConstructGameplayTagTree: GameplayTagTreeChangedEvent.Broadcast -  0.000 s
[2019.01.07-13.00.36:956][  0]SourceControl: Source control is disabled
[2019.01.07-13.00.36:956][  0]Cmd: MAP LOAD FILE="../../../Engine/Content/Maps/Templates/Template_Default.umap" TEMPLATE=1 SHOWPROGRESS=1 FEATURELEVEL=3
[2019.01.07-13.00.36:956][  0]LightingResults: New page: Lighting Build
[2019.01.07-13.00.36:958][  0]MapCheck: New page: Map Check
[2019.01.07-13.00.36:958][  0]LightingResults: New page: Lighting Build
[2019.01.07-13.00.37:150][  0]LogAIModule: Creating AISystem for world Untitled_1
[2019.01.07-13.00.37:155][  0]LogEditorServer: Finished looking for orphan Actors (0.000 secs)
[2019.01.07-13.00.37:178][  0]Cmd: MAP CHECKDEP NOCLEARLOG
[2019.01.07-13.00.37:217][  0]MapCheck: Map check complete: 0 Error(s), 0 Warning(s), took 39.165ms to complete.
[2019.01.07-13.00.37:217][  0]LogFileHelpers: Loading map 'Template_Default' took 0.262
[2019.01.07-13.00.37:614][  0]LogSlate: Updating window title bar state: overlay mode, drag disabled, window buttons hidden, title bar hidden
[2019.01.07-13.00.37:623][  0]LogSlate: Updating window title bar state: overlay mode, drag disabled, window buttons hidden, title bar hidden
[2019.01.07-13.00.37:632][  0]LogSlate: Updating window title bar state: overlay mode, drag disabled, window buttons hidden, title bar hidden
[2019.01.07-13.00.37:641][  0]LogSlate: Updating window title bar state: overlay mode, drag disabled, window buttons hidden, title bar hidden
[2019.01.07-13.00.37:651][  0]LogCollectionManager: Loaded 0 collections in 0.000896 seconds
[2019.01.07-13.00.37:692][  0]LogFileCache: Scanning file cache for directory 'D:/Project Tower Defense 1/GitHub2/Keng/Unreal Engine 4/Tower_Defense_1/Saved/Collections/' took 0.01s
[2019.01.07-13.00.37:692][  0]LogFileCache: Scanning file cache for directory 'D:/Project Tower Defense 1/GitHub2/Keng/Unreal Engine 4/Tower_Defense_1/Content/Developers/paulk/Collections/' took 0.01s
[2019.01.07-13.00.37:692][  0]LogFileCache: Scanning file cache for directory 'D:/Project Tower Defense 1/GitHub2/Keng/Unreal Engine 4/Tower_Defense_1/Content/Collections/' took 0.01s
[2019.01.07-13.00.37:692][  0]LogCollectionManager: Rebuilt the GUID cache for 0 collections in 0.000000 seconds
[2019.01.07-13.00.37:702][  0]LogContentBrowser: Native class hierarchy populated in 0.0098 seconds. Added 2572 classes and 603 folders.
[2019.01.07-13.00.37:707][  0]LogContentBrowser: Native class hierarchy updated for 'WidgetCarousel' in 0.0002 seconds. Added 0 classes and 0 folders.
[2019.01.07-13.00.38:737][  0]LogContentBrowser: Native class hierarchy updated for 'AddContentDialog' in 0.0002 seconds. Added 0 classes and 0 folders.
[2019.01.07-13.00.38:774][  0]LogContentBrowser: Native class hierarchy updated for 'SceneOutliner' in 0.0002 seconds. Added 1 classes and 2 folders.
[2019.01.07-13.00.38:806][  0]LogSlate: Took 0.000177 seconds to synchronously load lazily loaded font '../../../Engine/Content/Slate/Fonts/Roboto-Regular.ttf' (155K)
[2019.01.07-13.00.38:809][  0]LogSlate: Took 0.000184 seconds to synchronously load lazily loaded font '../../../Engine/Content/Slate/Fonts/Roboto-Bold.ttf' (160K)
[2019.01.07-13.00.38:829][  0]LogSlate: Took 0.014040 seconds to synchronously load lazily loaded font '../../../Engine/Content/Editor/Slate/Fonts/FontAwesome.ttf' (139K)
[2019.01.07-13.00.39:081][  0]LogRenderer: Reallocating scene render targets to support 1208x600 Format 10 NumSamples 1 (Frame:1).
[2019.01.07-13.00.39:202][  0]LogContentBrowser: Native class hierarchy updated for 'HierarchicalLODOutliner' in 0.0002 seconds. Added 0 classes and 0 folders.
[2019.01.07-13.00.39:202][  0]LogLoad: (Engine Initialization) Total time: 9.22 seconds
[2019.01.07-13.00.39:202][  0]LogLoad: (Engine Initialization) Total Blueprint compile time: 0.00 seconds
[2019.01.07-13.00.39:212][  0]LogWindowsTextInputMethodSystem: Display: IME system now deactivated.
[2019.01.07-13.00.39:234][  0]LogContentStreaming: Texture pool size now 1000 MB
[2019.01.07-13.00.39:323][  1]LogAssetRegistry: Asset discovery search completed in 5.3822 seconds
[2019.01.07-13.00.39:325][  1]LogCollectionManager: Rebuilt the object cache for 0 collections in 0.000000 seconds (found 0 objects)
[2019.01.07-13.00.39:325][  1]LogCollectionManager: Fixed up redirectors for 0 collections in 0.000053 seconds (updated 0 objects)
[2019.01.07-13.00.46:158][802]LogSlate: FSceneViewport::OnFocusLost() reason 0
[2019.01.07-13.00.55:703][499]LogSlate: Took 0.017914 seconds to synchronously load lazily loaded font '../../../Engine/Content/Slate/Fonts/Roboto-Light.ttf' (167K)
[2019.01.07-13.00.55:722][499]LogFactory: FactoryCreateFile: StaticMesh with FbxFactory (0 0 ../../../../../Project Tower Defense 1/GitHub2/Keng/Models/Beam Blaster/BeamBlaster Shoot.fbx)
[2019.01.07-13.00.55:741][499]LogFbx: Loading FBX Scene from ../../../../../Project Tower Defense 1/GitHub2/Keng/Models/Beam Blaster/BeamBlaster Shoot.fbx
[2019.01.07-13.00.55:776][499]LogFbx: FBX Scene Loaded Succesfully
[2019.01.07-13.00.57:916][499]LogSlate: Window 'FBX Import Options' being destroyed
[2019.01.07-13.00.57:934][499]LogFbx: =================================================
[2019.01.07-13.00.57:934][499]LogFbx: Dumping Node START [beamblaster_stand] 
[2019.01.07-13.00.57:934][499]LogFbx: 	Total Deformer Count 1859309056.
[2019.01.07-13.00.57:934][499]LogFbx: 	Attribute () Type (4).
[2019.01.07-13.00.57:934][499]LogFbx: 		[Node Attribute Child 1] beamblaster_stand (Type Mesh).
[2019.01.07-13.00.57:934][499]LogFbx: Dumping Node END [beamblaster_stand]
[2019.01.07-13.00.57:934][499]LogFbx: =================================================
[2019.01.07-13.00.57:934][499]LogFbx: Dumping Node START [beamblaster_connector] 
[2019.01.07-13.00.57:934][499]LogFbx: 	Total Deformer Count 2133604096.
[2019.01.07-13.00.57:934][499]LogFbx: 	Attribute () Type (4).
[2019.01.07-13.00.57:934][499]LogFbx: 		[Node Attribute Child 1] beamblaster_connector (Type Mesh).
[2019.01.07-13.00.57:934][499]LogFbx: Dumping Node END [beamblaster_connector]
[2019.01.07-13.00.57:934][499]LogFbx: =================================================
[2019.01.07-13.00.57:934][499]LogFbx: Dumping Node START [beamblaster_canon] 
[2019.01.07-13.00.57:934][499]LogFbx: 	Total Deformer Count 1859309296.
[2019.01.07-13.00.57:934][499]LogFbx: 	Attribute () Type (4).
[2019.01.07-13.00.57:934][499]LogFbx: 		[Node Attribute Child 1] beamblaster_canon (Type Mesh).
[2019.01.07-13.00.57:934][499]LogFbx: Dumping Node END [beamblaster_canon]
[2019.01.07-13.00.57:934][499]LogFbx: =================================================
[2019.01.07-13.00.57:934][499]LogFbx: Dumping Node START [beamblaster_stand] 
[2019.01.07-13.00.57:934][499]LogFbx: 	Total Deformer Count 1859309056.
[2019.01.07-13.00.57:934][499]LogFbx: 	Attribute () Type (4).
[2019.01.07-13.00.57:934][499]LogFbx: 		[Node Attribute Child 1] beamblaster_stand (Type Mesh).
[2019.01.07-13.00.57:934][499]LogFbx: Dumping Node END [beamblaster_stand]
[2019.01.07-13.00.57:934][499]LogFbx: =================================================
[2019.01.07-13.00.57:934][499]LogFbx: Dumping Node START [beamblaster_connector] 
[2019.01.07-13.00.57:934][499]LogFbx: 	Total Deformer Count 2133603808.
[2019.01.07-13.00.57:934][499]LogFbx: 	Attribute () Type (4).
[2019.01.07-13.00.57:934][499]LogFbx: 		[Node Attribute Child 1] beamblaster_connector (Type Mesh).
[2019.01.07-13.00.57:934][499]LogFbx: Dumping Node END [beamblaster_connector]
[2019.01.07-13.00.57:934][499]LogFbx: =================================================
[2019.01.07-13.00.57:934][499]LogFbx: Dumping Node START [beamblaster_canon] 
[2019.01.07-13.00.57:934][499]LogFbx: 	Total Deformer Count 1859309856.
[2019.01.07-13.00.57:934][499]LogFbx: 	Attribute () Type (4).
[2019.01.07-13.00.57:934][499]LogFbx: 		[Node Attribute Child 1] beamblaster_canon (Type Mesh).
[2019.01.07-13.00.57:934][499]LogFbx: Dumping Node END [beamblaster_canon]
[2019.01.07-13.00.57:935][499]LogFbx: =================================================
[2019.01.07-13.00.57:935][499]LogFbx: Dumping Node START [beamblaster_stand] 
[2019.01.07-13.00.57:935][499]LogFbx: 	Total Deformer Count 1859309056.
[2019.01.07-13.00.57:935][499]LogFbx: 	Attribute () Type (4).
[2019.01.07-13.00.57:935][499]LogFbx: 		[Node Attribute Child 1] beamblaster_stand (Type Mesh).
[2019.01.07-13.00.57:935][499]LogFbx: Dumping Node END [beamblaster_stand]
[2019.01.07-13.00.57:935][499]LogFbx: =================================================
[2019.01.07-13.00.57:935][499]LogFbx: Dumping Node START [beamblaster_connector] 
[2019.01.07-13.00.57:935][499]LogFbx: 	Total Deformer Count 2133593728.
[2019.01.07-13.00.57:935][499]LogFbx: 	Attribute () Type (4).
[2019.01.07-13.00.57:935][499]LogFbx: 		[Node Attribute Child 1] beamblaster_connector (Type Mesh).
[2019.01.07-13.00.57:935][499]LogFbx: Dumping Node END [beamblaster_connector]
[2019.01.07-13.00.57:935][499]LogFbx: =================================================
[2019.01.07-13.00.57:935][499]LogFbx: Dumping Node START [beamblaster_canon] 
[2019.01.07-13.00.57:935][499]LogFbx: 	Total Deformer Count 1859310736.
[2019.01.07-13.00.57:935][499]LogFbx: 	Attribute () Type (4).
[2019.01.07-13.00.57:935][499]LogFbx: 		[Node Attribute Child 1] beamblaster_canon (Type Mesh).
[2019.01.07-13.00.57:935][499]LogFbx: Dumping Node END [beamblaster_canon]
[2019.01.07-13.00.57:935][499]LogFbx: =================================================
[2019.01.07-13.00.57:935][499]LogFbx: Dumping Node START [beamblaster_connector] 
[2019.01.07-13.00.57:935][499]LogFbx: 	Total Deformer Count 2133593728.
[2019.01.07-13.00.57:935][499]LogFbx: 	Attribute () Type (4).
[2019.01.07-13.00.57:935][499]LogFbx: 		[Node Attribute Child 1] beamblaster_connector (Type Mesh).
[2019.01.07-13.00.57:935][499]LogFbx: Dumping Node END [beamblaster_connector]
[2019.01.07-13.00.57:935][499]LogFbx: =================================================
[2019.01.07-13.00.57:935][499]LogFbx: Dumping Node START [beamblaster_canon] 
[2019.01.07-13.00.57:935][499]LogFbx: 	Total Deformer Count 1859310736.
[2019.01.07-13.00.57:935][499]LogFbx: 	Attribute () Type (4).
[2019.01.07-13.00.57:935][499]LogFbx: 		[Node Attribute Child 1] beamblaster_canon (Type Mesh).
[2019.01.07-13.00.57:935][499]LogFbx: Dumping Node END [beamblaster_canon]
[2019.01.07-13.00.57:935][499]LogFbx: =================================================
[2019.01.07-13.00.57:935][499]LogFbx: Dumping Node START [beamblaster_canon] 
[2019.01.07-13.00.57:935][499]LogFbx: 	Total Deformer Count 1859310736.
[2019.01.07-13.00.57:935][499]LogFbx: 	Attribute () Type (4).
[2019.01.07-13.00.57:935][499]LogFbx: 		[Node Attribute Child 1] beamblaster_canon (Type Mesh).
[2019.01.07-13.00.57:935][499]LogFbx: Dumping Node END [beamblaster_canon]
[2019.01.07-13.00.58:033][499]LogMaterial: Warning: Material /Game/Animations/beamblaster_stand1.beamblaster_stand1 needed to have new flag set bUsedWithSkeletalMesh !
[2019.01.07-13.00.58:036][499]LogMaterial: Display: Missing cached shader map for material beamblaster_stand1, compiling. 
[2019.01.07-13.00.58:102][499]LogShaderCompilers: Display: Shaders left to compile 60
[2019.01.07-13.00.58:102][499]LogShaderCompilers: Display: Shaders left to compile 50
[2019.01.07-13.00.58:102][499]LogShaderCompilers: Display: Shaders left to compile 40
[2019.01.07-13.00.58:102][499]LogShaderCompilers: Display: Shaders left to compile 30
[2019.01.07-13.00.58:103][499]LogLinker: Can't find file '/Game/Animations/Beam_Blaster_stand'
[2019.01.07-13.00.58:104][499]LogLinker: Can't find file '/Game/Animations/Beam_Blaster_stand'
[2019.01.07-13.00.58:170][499]LogTexture: Display: Building textures: Beam_Blaster_stand (AutoDXT, 512X512)
[2019.01.07-13.00.58:276][499]LogMaterial: Display: Missing cached shader map for material beamblaster_stand1, compiling. 
[2019.01.07-13.00.58:312][499]LogFbx: Triangulating skeletal mesh beamblaster_stand
[2019.01.07-13.00.58:315][499]LogFbx: Triangulating skeletal mesh beamblaster_connector
[2019.01.07-13.00.58:327][499]LogMaterial: Warning: Material /Game/Animations/beamblaster_canon1.beamblaster_canon1 needed to have new flag set bUsedWithSkeletalMesh !
[2019.01.07-13.00.58:329][499]LogMaterial: Display: Missing cached shader map for material beamblaster_canon1, compiling. 
[2019.01.07-13.00.58:364][499]LogLinker: Can't find file '/Game/Animations/Beam_Blaster_canon'
[2019.01.07-13.00.58:365][499]LogLinker: Can't find file '/Game/Animations/Beam_Blaster_canon'
[2019.01.07-13.00.58:789][499]LogTexture: Display: Building textures: Beam_Blaster_canon (AutoDXT, 512X512)
[2019.01.07-13.00.58:888][499]LogMaterial: Display: Missing cached shader map for material beamblaster_canon1, compiling. 
[2019.01.07-13.00.58:915][499]LogFbx: Triangulating skeletal mesh beamblaster_canon
[2019.01.07-13.00.58:945][499]LogFbx: Warning: Bones digested - 4  Depth of hierarchy - 4
[2019.01.07-13.00.58:973][499]LogSkeletalMesh: Section 0: 257 vertices, 2 active bones
[2019.01.07-13.00.58:974][499]LogSkeletalMesh: Section 1: 545 vertices, 1 active bones
[2019.01.07-13.00.58:974][499]LogSkeletalMesh: Section 0: Material=0, 338 triangles
[2019.01.07-13.00.58:974][499]LogSkeletalMesh: Section 1: Material=1, 888 triangles
[2019.01.07-13.00.58:975][499]LogSkeletalMesh: Building Skeletal Mesh BeamBlaster_Shoot...
[2019.01.07-13.00.58:976][499]LogSkeletalMesh: Built Skeletal Mesh [0.00s] /Game/Animations/BeamBlaster_Shoot.BeamBlaster_Shoot
[2019.01.07-13.00.58:977][499]LogLinker: Can't find file '/Game/Animations/BeamBlaster_Shoot_Skeleton'
[2019.01.07-13.00.58:977][499]LogLinker: Can't find file '/Game/Animations/BeamBlaster_Shoot_Skeleton'
[2019.01.07-13.00.58:979][499]LogLinker: Can't find file '/Game/Animations/BeamBlaster_Shoot_PhysicsAsset'
[2019.01.07-13.00.58:979][499]LogLinker: Can't find file '/Game/Animations/BeamBlaster_Shoot_PhysicsAsset'
[2019.01.07-13.00.58:986][499]LogFbx: =================================================
[2019.01.07-13.00.58:986][499]LogFbx: Dumping Node START [beamblaster_stand] 
[2019.01.07-13.00.58:986][499]LogFbx: 	Total Deformer Count 104363280.
[2019.01.07-13.00.58:986][499]LogFbx: 	Attribute () Type (4).
[2019.01.07-13.00.58:986][499]LogFbx: 		[Node Attribute Child 1] beamblaster_stand (Type Mesh).
[2019.01.07-13.00.58:986][499]LogFbx: Dumping Node END [beamblaster_stand]
[2019.01.07-13.00.58:986][499]LogFbx: =================================================
[2019.01.07-13.00.58:986][499]LogFbx: Dumping Node START [beamblaster_connector] 
[2019.01.07-13.00.58:986][499]LogFbx: 	Total Deformer Count 104411680.
[2019.01.07-13.00.58:986][499]LogFbx: 	Attribute () Type (4).
[2019.01.07-13.00.58:986][499]LogFbx: 		[Node Attribute Child 1] beamblaster_connector (Type Mesh).
[2019.01.07-13.00.58:986][499]LogFbx: Dumping Node END [beamblaster_connector]
[2019.01.07-13.00.58:986][499]LogFbx: =================================================
[2019.01.07-13.00.58:986][499]LogFbx: Dumping Node START [beamblaster_canon] 
[2019.01.07-13.00.58:986][499]LogFbx: 	Total Deformer Count 104363120.
[2019.01.07-13.00.58:986][499]LogFbx: 	Attribute () Type (4).
[2019.01.07-13.00.58:986][499]LogFbx: 		[Node Attribute Child 1] beamblaster_canon (Type Mesh).
[2019.01.07-13.00.58:986][499]LogFbx: Dumping Node END [beamblaster_canon]
[2019.01.07-13.00.58:986][499]LogFbx: =================================================
[2019.01.07-13.00.58:986][499]LogFbx: Dumping Node START [beamblaster_stand] 
[2019.01.07-13.00.58:986][499]LogFbx: 	Total Deformer Count 104363280.
[2019.01.07-13.00.58:986][499]LogFbx: 	Attribute () Type (4).
[2019.01.07-13.00.58:986][499]LogFbx: 		[Node Attribute Child 1] beamblaster_stand (Type Mesh).
[2019.01.07-13.00.58:986][499]LogFbx: Dumping Node END [beamblaster_stand]
[2019.01.07-13.00.58:986][499]LogFbx: =================================================
[2019.01.07-13.00.58:986][499]LogFbx: Dumping Node START [beamblaster_connector] 
[2019.01.07-13.00.58:986][499]LogFbx: 	Total Deformer Count 104411008.
[2019.01.07-13.00.58:986][499]LogFbx: 	Attribute () Type (4).
[2019.01.07-13.00.58:986][499]LogFbx: 		[Node Attribute Child 1] beamblaster_connector (Type Mesh).
[2019.01.07-13.00.58:986][499]LogFbx: Dumping Node END [beamblaster_connector]
[2019.01.07-13.00.58:986][499]LogFbx: =================================================
[2019.01.07-13.00.58:987][499]LogFbx: Dumping Node START [beamblaster_canon] 
[2019.01.07-13.00.58:987][499]LogFbx: 	Total Deformer Count 104362880.
[2019.01.07-13.00.58:987][499]LogFbx: 	Attribute () Type (4).
[2019.01.07-13.00.58:987][499]LogFbx: 		[Node Attribute Child 1] beamblaster_canon (Type Mesh).
[2019.01.07-13.00.58:987][499]LogFbx: Dumping Node END [beamblaster_canon]
[2019.01.07-13.00.58:987][499]LogFbx: =================================================
[2019.01.07-13.00.58:987][499]LogFbx: Dumping Node START [beamblaster_stand] 
[2019.01.07-13.00.58:987][499]LogFbx: 	Total Deformer Count 104363280.
[2019.01.07-13.00.58:987][499]LogFbx: 	Attribute () Type (4).
[2019.01.07-13.00.58:987][499]LogFbx: 		[Node Attribute Child 1] beamblaster_stand (Type Mesh).
[2019.01.07-13.00.58:987][499]LogFbx: Dumping Node END [beamblaster_stand]
[2019.01.07-13.00.58:987][499]LogFbx: =================================================
[2019.01.07-13.00.58:987][499]LogFbx: Dumping Node START [beamblaster_connector] 
[2019.01.07-13.00.58:987][499]LogFbx: 	Total Deformer Count 104410432.
[2019.01.07-13.00.58:987][499]LogFbx: 	Attribute () Type (4).
[2019.01.07-13.00.58:987][499]LogFbx: 		[Node Attribute Child 1] beamblaster_connector (Type Mesh).
[2019.01.07-13.00.58:987][499]LogFbx: Dumping Node END [beamblaster_connector]
[2019.01.07-13.00.58:987][499]LogFbx: =================================================
[2019.01.07-13.00.58:987][499]LogFbx: Dumping Node START [beamblaster_canon] 
[2019.01.07-13.00.58:987][499]LogFbx: 	Total Deformer Count 104362640.
[2019.01.07-13.00.58:987][499]LogFbx: 	Attribute () Type (4).
[2019.01.07-13.00.58:987][499]LogFbx: 		[Node Attribute Child 1] beamblaster_canon (Type Mesh).
[2019.01.07-13.00.58:987][499]LogFbx: Dumping Node END [beamblaster_canon]
[2019.01.07-13.00.58:987][499]LogFbx: =================================================
[2019.01.07-13.00.58:987][499]LogFbx: Dumping Node START [beamblaster_connector] 
[2019.01.07-13.00.58:987][499]LogFbx: 	Total Deformer Count 104410432.
[2019.01.07-13.00.58:987][499]LogFbx: 	Attribute () Type (4).
[2019.01.07-13.00.58:987][499]LogFbx: 		[Node Attribute Child 1] beamblaster_connector (Type Mesh).
[2019.01.07-13.00.58:987][499]LogFbx: Dumping Node END [beamblaster_connector]
[2019.01.07-13.00.58:987][499]LogFbx: =================================================
[2019.01.07-13.00.58:987][499]LogFbx: Dumping Node START [beamblaster_canon] 
[2019.01.07-13.00.58:987][499]LogFbx: 	Total Deformer Count 104362640.
[2019.01.07-13.00.58:987][499]LogFbx: 	Attribute () Type (4).
[2019.01.07-13.00.58:987][499]LogFbx: 		[Node Attribute Child 1] beamblaster_canon (Type Mesh).
[2019.01.07-13.00.58:987][499]LogFbx: Dumping Node END [beamblaster_canon]
[2019.01.07-13.00.58:987][499]LogFbx: =================================================
[2019.01.07-13.00.58:987][499]LogFbx: Dumping Node START [beamblaster_canon] 
[2019.01.07-13.00.58:987][499]LogFbx: 	Total Deformer Count 104362640.
[2019.01.07-13.00.58:987][499]LogFbx: 	Attribute () Type (4).
[2019.01.07-13.00.58:987][499]LogFbx: 		[Node Attribute Child 1] beamblaster_canon (Type Mesh).
[2019.01.07-13.00.58:987][499]LogFbx: Dumping Node END [beamblaster_canon]
[2019.01.07-13.00.58:987][499]LogFbx: SortedLinks :(0) Beam_Blaster_Tower_Geo
[2019.01.07-13.00.58:987][499]LogFbx: SortedLinks :(1) beamblaster_stand
[2019.01.07-13.00.58:987][499]LogFbx: SortedLinks :(2) beamblaster_connector
[2019.01.07-13.00.58:987][499]LogFbx: SortedLinks :(3) beamblaster_canon
[2019.01.07-13.00.58:987][499]LogFbx: Parsing AnimStack Take 001
[2019.01.07-13.00.58:988][499]LogLinker: Can't find file '/Game/Animations/BeamBlaster_Shoot_Anim'
[2019.01.07-13.00.58:988][499]LogLinker: Can't find file '/Game/Animations/BeamBlaster_Shoot_Anim'
[2019.01.07-13.00.59:000][499]LogAnimationCompression: Building Anim DDC data for AnimSequence /Game/Animations/BeamBlaster_Shoot_Anim.BeamBlaster_Shoot_Anim
[2019.01.07-13.00.59:000][499]LogAnimationCompression: Recompressing (AnimSequence /Engine/Transient.BeamBlaster_Shoot_Anim) using current/default (AnimCompress_BitwiseCompressOnly_0) bFirstRecompressUsingCurrentOrDefault(1) bTryAlternateCompressor(0) IsCompressedDataValid(0)
[2019.01.07-13.00.59:003][499]LogSkeletalMesh: Building Skeletal Mesh BeamBlaster_Shoot...
[2019.01.07-13.00.59:004][499]LogSkeletalMesh: Built Skeletal Mesh [0.00s] /Game/Animations/BeamBlaster_Shoot.BeamBlaster_Shoot
[2019.01.07-13.00.59:009][499]FBXImport: Warning: No smoothing group information was found in this FBX scene.  Please make sure to enable the 'Export Smoothing Groups' option in the FBX Exporter plug-in before exporting the file.  Even for tools that don't support smoothing groups, the FBX Exporter will generate appropriate smoothing data at export-time so that correct vertex normals can be inferred while importing. 
[2019.01.07-13.00.59:009][499]FBXImport: Warning: Could not find the bind pose.  It will use time 0 as bind pose. 
[2019.01.07-13.00.59:016][499]LogSkeletalMesh: Building Skeletal Mesh BeamBlaster_Shoot...
[2019.01.07-13.00.59:017][499]LogSkeletalMesh: Built Skeletal Mesh [0.00s] /Game/Animations/BeamBlaster_Shoot.BeamBlaster_Shoot
[2019.01.07-13.00.59:035][499]LogSlate: Took 0.000162 seconds to synchronously load lazily loaded font '../../../Engine/Content/Slate/Fonts/Roboto-Light.ttf' (167K)
[2019.01.07-13.01.02:184][813]LogSlate: Window 'Message Log' being destroyed
[2019.01.07-13.01.02:191][813]LogSlate: Window 'Message Log' being destroyed
[2019.01.07-13.01.02:856][887]LogShaderCompilers: Display: Shaders left to compile 120
[2019.01.07-13.01.04:134][  6]LogShaderCompilers: Display: Shaders left to compile 110
[2019.01.07-13.01.05:374][122]LogShaderCompilers: Display: Shaders left to compile 100
[2019.01.07-13.01.06:206][206]LogShaderCompilers: Display: Shaders left to compile 90
[2019.01.07-13.01.06:667][252]LogShaderCompilers: Display: Shaders left to compile 80
[2019.01.07-13.01.09:034][491]LogShaderCompilers: Display: Shaders left to compile 70
[2019.01.07-13.01.10:078][586]LogShaderCompilers: Display: Shaders left to compile 60
[2019.01.07-13.01.10:376][613]LogShaderCompilers: Display: Shaders left to compile 50
[2019.01.07-13.01.12:216][793]LogShaderCompilers: Display: Shaders left to compile 40
[2019.01.07-13.01.13:870][954]LogShaderCompilers: Display: Shaders left to compile 30
[2019.01.07-13.01.14:144][964]LogShaderCompilers: Display: Shaders left to compile 20
[2019.01.07-13.01.15:282][964]LogShaderCompilers: Display: Shaders left to compile 10
[2019.01.07-13.01.15:944][964]LogSlate: Window 'Delete Assets' being destroyed
[2019.01.07-13.01.16:569][964]LogMaterial: Display: Missing cached shader map for material beamblaster_canon1, compiling. 
[2019.01.07-13.01.16:570][964]LogMaterial: Warning: /Game/Animations/beamblaster_canon1.beamblaster_canon1 (no disk path found): Failed to compile Material for platform PCD3D_SM5, Default Material will be used in game.
[2019.01.07-13.01.16:570][964]LogMaterial: 	(Node TextureSample) Texture Sample> Missing input texture
[2019.01.07-13.01.16:573][964]LogMaterial: Display: Missing cached shader map for material beamblaster_stand1, compiling. 
[2019.01.07-13.01.16:573][964]LogMaterial: Warning: /Game/Animations/beamblaster_stand1.beamblaster_stand1 (no disk path found): Failed to compile Material for platform PCD3D_SM5, Default Material will be used in game.
[2019.01.07-13.01.16:573][964]LogMaterial: 	(Node TextureSample) Texture Sample> Missing input texture
[2019.01.07-13.01.20:090][119]LogSlate: Window 'Delete Assets' being destroyed
[2019.01.07-13.01.20:179][119]LogSkeletalMesh: Building Skeletal Mesh BeamBlaster_Shoot...
[2019.01.07-13.01.20:180][119]LogSkeletalMesh: Built Skeletal Mesh [0.00s] /Game/Animations/BeamBlaster_Shoot.BeamBlaster_Shoot
[2019.01.07-13.01.23:830][315]LogSlate: Window 'Delete Assets' being destroyed
[2019.01.07-13.01.23:914][315]LogSkeletalMesh: Building Skeletal Mesh BeamBlaster_Shoot...
[2019.01.07-13.01.23:915][315]LogSkeletalMesh: Built Skeletal Mesh [0.00s] /Game/Animations/BeamBlaster_Shoot.BeamBlaster_Shoot
[2019.01.07-13.01.26:326][565]LogAssetEditorManager: Opening Asset editor for AnimSequence /Game/Animations/BeamBlaster_Shoot_Anim.BeamBlaster_Shoot_Anim
[2019.01.07-13.01.26:444][565]LogContentBrowser: Native class hierarchy updated for 'SkeletonEditor' in 0.0003 seconds. Added 1 classes and 2 folders.
[2019.01.07-13.01.27:007][565]LogActorComponent: RegisterComponentWithWorld: (/Engine/Transient.World_5:PersistentLevel.AnimationEditorPreviewActor_0.DebugSkelMeshComponent_0) Already registered. Aborting.
[2019.01.07-13.01.27:019][565]LogContentBrowser: Native class hierarchy updated for 'PinnedCommandList' in 0.0002 seconds. Added 1 classes and 0 folders.
[2019.01.07-13.01.27:089][565]LogSkeletalMesh: USkeletalMeshComponent::InitArticulated : Bodies already created (/Engine/Transient.World_5:PersistentLevel.AnimationEditorPreviewActor_0.DebugSkelMeshComponent_0) - call TermArticulated first.
[2019.01.07-13.01.27:507][565]LogContentBrowser: Native class hierarchy updated for 'ClothingSystemEditorInterface' in 0.0003 seconds. Added 1 classes and 0 folders.
[2019.01.07-13.01.27:510][565]LogContentBrowser: Verbose: The majority of assets in the view are of type: AnimSequence
[2019.01.07-13.01.44:513][ 22]LogSlate: Window 'BeamBlaster_Shoot_Anim*' being destroyed
[2019.01.07-13.01.44:520][ 22]LogSlate: Window 'BeamBlaster_Shoot_Anim*' being destroyed
[2019.01.07-13.01.45:901][148]LogAssetEditorManager: Opening Asset editor for SkeletalMesh /Game/Animations/BeamBlaster_Shoot.BeamBlaster_Shoot
[2019.01.07-13.01.45:914][148]LogActorComponent: RegisterComponentWithWorld: (/Engine/Transient.World_8:PersistentLevel.AnimationEditorPreviewActor_0.DebugSkelMeshComponent_0) Already registered. Aborting.
[2019.01.07-13.01.45:950][148]LogSkeletalMesh: USkeletalMeshComponent::InitArticulated : Bodies already created (/Engine/Transient.World_8:PersistentLevel.AnimationEditorPreviewActor_0.DebugSkelMeshComponent_0) - call TermArticulated first.
[2019.01.07-13.01.46:243][148]LogSlate: Took 0.015289 seconds to synchronously load lazily loaded font '../../../Engine/Content/Slate/Fonts/Roboto-Italic.ttf' (157K)
[2019.01.07-13.01.46:294][148]LogRenderer: Reallocating scene render targets to support 1208x928 Format 10 NumSamples 1 (Frame:1).
[2019.01.07-13.01.51:247][581]LogHttp: Warning: 0000026F5B8BF4C0: request failed, libcurl error: 6 (Couldn't resolve host name)
[2019.01.07-13.01.51:247][581]LogHttp: Warning: 0000026F5B8BF4C0: libcurl info message cache 0 (Could not resolve host: datarouter.ol.epicgames.com)
[2019.01.07-13.01.51:247][581]LogHttp: Warning: 0000026F5B8BF4C0: libcurl info message cache 1 (Closing connection 0)
[2019.01.07-13.01.53:180][741]LogSkeletalMesh: Building Skeletal Mesh BeamBlaster_Shoot...
[2019.01.07-13.01.53:181][741]LogSkeletalMesh: Built Skeletal Mesh [0.00s] /Game/Animations/BeamBlaster_Shoot.BeamBlaster_Shoot
[2019.01.07-13.01.56:493][  2]LogSkeletalMesh: Building Skeletal Mesh BeamBlaster_Shoot...
[2019.01.07-13.01.56:494][  2]LogSkeletalMesh: Built Skeletal Mesh [0.00s] /Game/Animations/BeamBlaster_Shoot.BeamBlaster_Shoot
[2019.01.07-13.02.00:190][307]LogSkeletalMesh: Building Skeletal Mesh BeamBlaster_Shoot...
[2019.01.07-13.02.00:192][307]LogSkeletalMesh: Built Skeletal Mesh [0.00s] /Game/Animations/BeamBlaster_Shoot.BeamBlaster_Shoot
[2019.01.07-13.02.03:528][564]LogSavePackage: Moving '../../../../../Project Tower Defense 1/GitHub2/Keng/Unreal Engine 4/Tower_Defense_1/Saved/BeamBlaster_Shoot949946D341ED2ADABF7B09BEAD9E8C1C.tmp' to '../../../../../Project Tower Defense 1/GitHub2/Keng/Unreal Engine 4/Tower_Defense_1/Content/Animations/BeamBlaster_Shoot.uasset'
[2019.01.07-13.02.05:294][715]LogSlate: Window 'BeamBlaster_Shoot' being destroyed
[2019.01.07-13.02.05:300][715]LogSlate: Window 'BeamBlaster_Shoot' being destroyed
[2019.01.07-13.02.09:545][164]LogAssetEditorManager: Opening Asset editor for AnimSequence /Game/Animations/BeamBlaster_Shoot_Anim.BeamBlaster_Shoot_Anim
[2019.01.07-13.02.09:559][164]LogActorComponent: RegisterComponentWithWorld: (/Engine/Transient.World_9:PersistentLevel.AnimationEditorPreviewActor_0.DebugSkelMeshComponent_0) Already registered. Aborting.
[2019.01.07-13.02.09:581][164]LogSkeletalMesh: USkeletalMeshComponent::InitArticulated : Bodies already created (/Engine/Transient.World_9:PersistentLevel.AnimationEditorPreviewActor_0.DebugSkelMeshComponent_0) - call TermArticulated first.
[2019.01.07-13.02.09:896][164]LogContentBrowser: Verbose: The majority of assets in the view are of type: AnimSequence
[2019.01.07-13.02.16:814][713]LogSlate: FSceneViewport::OnFocusLost() reason 0
[2019.01.07-13.02.27:992][554]Cmd: TRANSACTION UNDO
[2019.01.07-13.02.27:992][554]LogEditorTransaction: Undo Translate Bone
[2019.01.07-13.02.28:077][554]LogActorComponent: RegisterComponentWithWorld: (/Engine/Transient.World_9:PersistentLevel.AnimationEditorPreviewActor_0.DebugSkelMeshComponent_0) Already registered. Aborting.
[2019.01.07-13.02.32:648][890]LogSlate: FSceneViewport::OnFocusLost() reason 0
[2019.01.07-13.02.32:737][898]LogSlate: Window 'BeamBlaster_Shoot_Anim*' being destroyed
[2019.01.07-13.02.32:745][898]LogSlate: Window 'BeamBlaster_Shoot_Anim*' being destroyed
[2019.01.07-13.02.34:306][ 35]LogSavePackage: Moving '../../../../../Project Tower Defense 1/GitHub2/Keng/Unreal Engine 4/Tower_Defense_1/Saved/BeamBlaster_Shoot_Anim3661F86E49130E19040145BF9DC5A3D0.tmp' to '../../../../../Project Tower Defense 1/GitHub2/Keng/Unreal Engine 4/Tower_Defense_1/Content/Animations/BeamBlaster_Shoot_Anim.uasset'
[2019.01.07-13.02.35:908][214]LogSavePackage: Moving '../../../../../Project Tower Defense 1/GitHub2/Keng/Unreal Engine 4/Tower_Defense_1/Saved/BeamBlaster_Shoot_PhysicsAsset443F4C944AE64D21DD8CFFBB1165C3E8.tmp' to '../../../../../Project Tower Defense 1/GitHub2/Keng/Unreal Engine 4/Tower_Defense_1/Content/Animations/BeamBlaster_Shoot_PhysicsAsset.uasset'
[2019.01.07-13.02.35:920][214]LogSavePackage: Moving '../../../../../Project Tower Defense 1/GitHub2/Keng/Unreal Engine 4/Tower_Defense_1/Saved/BeamBlaster_Shoot_Skeleton566AE21A4058FDAD385C97943D7D16BF.tmp' to '../../../../../Project Tower Defense 1/GitHub2/Keng/Unreal Engine 4/Tower_Defense_1/Content/Animations/BeamBlaster_Shoot_Skeleton.uasset'
[2019.01.07-13.02.43:231][ 53]LogSlate: Window 'Tower_Defense_1 - Unreal Editor' being destroyed
[2019.01.07-13.02.43:232][ 53]LogWindowsTextInputMethodSystem: Display: IME system now deactivated.
[2019.01.07-13.02.43:406][ 54]Cmd: QUIT_EDITOR
[2019.01.07-13.02.43:445][ 54]LogExit: Preparing to exit.
[2019.01.07-13.02.43:799][ 54]LogExit: Editor shut down
[2019.01.07-13.02.43:799][ 54]LogExit: Transaction tracking system shut down
[2019.01.07-13.02.43:983][ 54]LogExit: Object subsystem successfully closed.
[2019.01.07-13.02.44:008][ 54]LogShaderCompilers: Display: Shaders left to compile 0
[2019.01.07-13.02.44:011][ 54]LogD3D11RHI: Shutdown
[2019.01.07-13.02.44:011][ 54]LogD3D11RHI: CleanupD3DDevice
[2019.01.07-13.02.44:012][ 54]LogD3D11RHI: ~FD3D11DynamicRHI
[2019.01.07-13.02.44:021][ 54]LogModuleManager: Shutting down and abandoning module ClothingSystemEditorInterface (620)
[2019.01.07-13.02.44:021][ 54]LogModuleManager: Shutting down and abandoning module PinnedCommandList (618)
[2019.01.07-13.02.44:021][ 54]LogModuleManager: Shutting down and abandoning module SkeletonEditor (616)
[2019.01.07-13.02.44:021][ 54]LogModuleManager: Shutting down and abandoning module AnimationEditor (614)
[2019.01.07-13.02.44:021][ 54]LogModuleManager: Shutting down and abandoning module HierarchicalLODOutliner (612)
[2019.01.07-13.02.44:021][ 54]LogModuleManager: Shutting down and abandoning module SceneOutliner (610)
[2019.01.07-13.02.44:021][ 54]LogModuleManager: Shutting down and abandoning module AddContentDialog (608)
[2019.01.07-13.02.44:027][ 54]LogModuleManager: Shutting down and abandoning module WidgetCarousel (607)
[2019.01.07-13.02.44:027][ 54]LogModuleManager: Shutting down and abandoning module EditorWidgets (604)
[2019.01.07-13.02.44:027][ 54]LogModuleManager: Shutting down and abandoning module CollectionManager (602)
[2019.01.07-13.02.44:027][ 54]LogModuleManager: Shutting down and abandoning module HierarchicalLODUtilities (600)
[2019.01.07-13.02.44:027][ 54]LogModuleManager: Shutting down and abandoning module StatsViewer (598)
[2019.01.07-13.02.44:027][ 54]LogModuleManager: Shutting down and abandoning module FoliageEdit (596)
[2019.01.07-13.02.44:027][ 54]LogModuleManager: Shutting down and abandoning module LandscapeEditor (594)
[2019.01.07-13.02.44:027][ 54]LogModuleManager: Shutting down and abandoning module MeshPaintMode (592)
[2019.01.07-13.02.44:027][ 54]LogModuleManager: Shutting down and abandoning module SceneDepthPickerMode (590)
[2019.01.07-13.02.44:027][ 54]LogModuleManager: Shutting down and abandoning module ActorPickerMode (588)
[2019.01.07-13.02.44:027][ 54]LogModuleManager: Shutting down and abandoning module GeometryMode (586)
[2019.01.07-13.02.44:027][ 54]LogModuleManager: Shutting down and abandoning module TextureAlignMode (584)
[2019.01.07-13.02.44:027][ 54]LogModuleManager: Shutting down and abandoning module BspMode (582)
[2019.01.07-13.02.44:027][ 54]LogModuleManager: Shutting down and abandoning module PIEPreviewDeviceProfileSelector (580)
[2019.01.07-13.02.44:027][ 54]LogModuleManager: Shutting down and abandoning module SequenceRecorderSections (578)
[2019.01.07-13.02.44:027][ 54]LogModuleManager: Shutting down and abandoning module AutomationWorker (576)
[2019.01.07-13.02.44:027][ 54]LogModuleManager: Shutting down and abandoning module AudioCaptureEditor (574)
[2019.01.07-13.02.44:027][ 54]LogModuleManager: Shutting down and abandoning module SequenceRecorder (573)
[2019.01.07-13.02.44:027][ 54]LogModuleManager: Shutting down and abandoning module MatineeToLevelSequence (570)
[2019.01.07-13.02.44:027][ 54]LogModuleManager: Shutting down and abandoning module LevelSequenceEditor (568)
[2019.01.07-13.02.44:027][ 54]LogModuleManager: Shutting down and abandoning module PlacementMode (567)
[2019.01.07-13.02.44:027][ 54]LogModuleManager: Shutting down and abandoning module MaterialEditor (566)
[2019.01.07-13.02.44:027][ 54]LogModuleManager: Shutting down and abandoning module WmfMediaFactory (562)
[2019.01.07-13.02.44:027][ 54]LogModuleManager: Shutting down and abandoning module WmfMediaEditor (560)
[2019.01.07-13.02.44:027][ 54]LogModuleManager: Shutting down and abandoning module MediaPlayerEditor (558)
[2019.01.07-13.02.44:027][ 54]LogModuleManager: Shutting down and abandoning module OpenExrWrapper (556)
[2019.01.07-13.02.44:027][ 54]LogModuleManager: Shutting down and abandoning module ImgMediaFactory (554)
[2019.01.07-13.02.44:028][ 54]LogModuleManager: Shutting down and abandoning module ImgMediaEditor (552)
[2019.01.07-13.02.44:028][ 54]LogModuleManager: Shutting down and abandoning module AvfMediaFactory (550)
[2019.01.07-13.02.44:028][ 54]LogModuleManager: Shutting down and abandoning module AvfMediaEditor (548)
[2019.01.07-13.02.44:028][ 54]LogModuleManager: Shutting down and abandoning module AndroidMediaFactory (546)
[2019.01.07-13.02.44:028][ 54]LogModuleManager: Shutting down and abandoning module AndroidMediaEditor (544)
[2019.01.07-13.02.44:028][ 54]LogModuleManager: Shutting down and abandoning module MagicLeapCameraPreviewFactory (542)
[2019.01.07-13.02.44:028][ 54]LogModuleManager: Shutting down and abandoning module MagicLeapMediaFactory (540)
[2019.01.07-13.02.44:028][ 54]LogModuleManager: Shutting down and abandoning module MagicLeapMediaEditor (538)
[2019.01.07-13.02.44:028][ 54]LogModuleManager: Shutting down and abandoning module CharacterAI (536)
[2019.01.07-13.02.44:028][ 54]LogModuleManager: Shutting down and abandoning module SmartSnapping (534)
[2019.01.07-13.02.44:028][ 54]LogModuleManager: Shutting down and abandoning module SessionServices (532)
[2019.01.07-13.02.44:028][ 54]LogModuleManager: Shutting down and abandoning module ViewportSnapping (530)
[2019.01.07-13.02.44:028][ 54]LogModuleManager: Shutting down and abandoning module ViewportInteraction (528)
[2019.01.07-13.02.44:028][ 54]LogModuleManager: Shutting down and abandoning module ClothPainter (526)
[2019.01.07-13.02.44:028][ 54]LogModuleManager: Shutting down and abandoning module SkeletalMeshEditor (525)
[2019.01.07-13.02.44:028][ 54]LogModuleManager: Shutting down and abandoning module LogVisualizer (522)
[2019.01.07-13.02.44:028][ 54]LogModuleManager: Shutting down and abandoning module IntroTutorials (520)
[2019.01.07-13.02.44:028][ 54]LogModuleManager: Shutting down and abandoning module GameProjectGeneration (519)
[2019.01.07-13.02.44:028][ 54]LogModuleManager: Shutting down and abandoning module LuminPlatformEditor (516)
[2019.01.07-13.02.44:028][ 54]LogModuleManager: Shutting down and abandoning module IOSPlatformEditor (514)
[2019.01.07-13.02.44:028][ 54]LogModuleManager: Shutting down and abandoning module HTML5PlatformEditor (512)
[2019.01.07-13.02.44:028][ 54]LogModuleManager: Shutting down and abandoning module AndroidPlatformEditor (510)
[2019.01.07-13.02.44:028][ 54]LogModuleManager: Shutting down and abandoning module AndroidDeviceDetection (509)
[2019.01.07-13.02.44:719][ 54]LogModuleManager: Shutting down and abandoning module WindowsPlatformEditor (506)
[2019.01.07-13.02.44:719][ 54]LogModuleManager: Shutting down and abandoning module LuminRuntimeSettings (504)
[2019.01.07-13.02.44:719][ 54]LogModuleManager: Shutting down and abandoning module IOSRuntimeSettings (502)
[2019.01.07-13.02.44:719][ 54]LogModuleManager: Shutting down and abandoning module AndroidRuntimeSettings (500)
[2019.01.07-13.02.44:719][ 54]LogModuleManager: Shutting down and abandoning module InputBindingEditor (498)
[2019.01.07-13.02.44:719][ 54]LogModuleManager: Shutting down and abandoning module MergeActors (496)
[2019.01.07-13.02.44:719][ 54]LogModuleManager: Shutting down and abandoning module LocalizationDashboard (494)
[2019.01.07-13.02.44:720][ 54]LogModuleManager: Shutting down and abandoning module LocalizationService (493)
[2019.01.07-13.02.44:720][ 54]LogModuleManager: Shutting down and abandoning module HardwareTargeting (490)
[2019.01.07-13.02.44:720][ 54]LogModuleManager: Shutting down and abandoning module DeviceProfileEditor (488)
[2019.01.07-13.02.44:720][ 54]LogModuleManager: Shutting down and abandoning module UndoHistory (486)
[2019.01.07-13.02.44:720][ 54]LogModuleManager: Shutting down and abandoning module XmlParser (484)
[2019.01.07-13.02.44:720][ 54]LogModuleManager: Shutting down and abandoning module Blutility (482)
[2019.01.07-13.02.44:720][ 54]LogModuleManager: Shutting down and abandoning module ProjectSettingsViewer (480)
[2019.01.07-13.02.44:720][ 54]LogModuleManager: Shutting down and abandoning module ProjectTargetPlatformEditor (479)
[2019.01.07-13.02.44:720][ 54]LogModuleManager: Shutting down and abandoning module EditorSettingsViewer (476)
[2019.01.07-13.02.44:720][ 54]LogModuleManager: Shutting down and abandoning module SettingsEditor (474)
[2019.01.07-13.02.44:720][ 54]LogModuleManager: Shutting down and abandoning module ProjectLauncher (472)
[2019.01.07-13.02.44:720][ 54]LogModuleManager: Shutting down and abandoning module SessionFrontend (470)
[2019.01.07-13.02.44:720][ 54]LogModuleManager: Shutting down and abandoning module ProfilerClient (468)
[2019.01.07-13.02.44:720][ 54]LogModuleManager: Shutting down and abandoning module DeviceManager (466)
[2019.01.07-13.02.44:720][ 54]LogModuleManager: Shutting down and abandoning module TargetDeviceServices (465)
[2019.01.07-13.02.44:764][ 54]LogModuleManager: Shutting down and abandoning module AutomationController (462)
[2019.01.07-13.02.44:764][ 54]LogModuleManager: Shutting down and abandoning module AutomationWindow (460)
[2019.01.07-13.02.44:764][ 54]LogModuleManager: Shutting down and abandoning module Layers (458)
[2019.01.07-13.02.44:764][ 54]LogModuleManager: Shutting down and abandoning module ComponentVisualizers (456)
[2019.01.07-13.02.44:764][ 54]LogModuleManager: Shutting down and abandoning module DetailCustomizations (454)
[2019.01.07-13.02.44:764][ 54]LogModuleManager: Shutting down and abandoning module PackagesDialog (452)
[2019.01.07-13.02.44:764][ 54]LogModuleManager: Shutting down and abandoning module Persona (450)
[2019.01.07-13.02.44:764][ 54]LogModuleManager: Shutting down and abandoning module AdvancedPreviewScene (449)
[2019.01.07-13.02.44:764][ 54]LogModuleManager: Shutting down and abandoning module AnimGraph (447)
[2019.01.07-13.02.44:764][ 54]LogModuleManager: Shutting down and abandoning module Kismet (444)
[2019.01.07-13.02.44:764][ 54]LogModuleManager: Shutting down and abandoning module GraphEditor (442)
[2019.01.07-13.02.44:764][ 54]LogModuleManager: Shutting down and abandoning module ClassViewer (440)
[2019.01.07-13.02.44:764][ 54]LogModuleManager: Shutting down and abandoning module Toolbox (438)
[2019.01.07-13.02.44:764][ 54]LogModuleManager: Shutting down and abandoning module ModuleUI (436)
[2019.01.07-13.02.44:764][ 54]LogModuleManager: Shutting down and abandoning module MovieSceneTools (434)
[2019.01.07-13.02.44:764][ 54]LogModuleManager: Shutting down and abandoning module OutputLog (432)
[2019.01.07-13.02.44:764][ 54]LogModuleManager: Shutting down and abandoning module GammaUI (430)
[2019.01.07-13.02.44:764][ 54]LogModuleManager: Shutting down and abandoning module Documentation (428)
[2019.01.07-13.02.44:764][ 54]LogModuleManager: Shutting down and abandoning module MovieSceneTracks (426)
[2019.01.07-13.02.44:764][ 54]LogModuleManager: Shutting down and abandoning module MovieScene (424)
[2019.01.07-13.02.44:764][ 54]LogModuleManager: Shutting down and abandoning module StreamingPauseRendering (422)
[2019.01.07-13.02.44:764][ 54]LogModuleManager: Shutting down and abandoning module LauncherPlatform (420)
[2019.01.07-13.02.44:764][ 54]LogModuleManager: Shutting down and abandoning module AnalyticsET (418)
[2019.01.07-13.02.44:764][ 54]LogModuleManager: Shutting down and abandoning module PortalServices (416)
[2019.01.07-13.02.44:764][ 54]LogModuleManager: Shutting down and abandoning module PortalRpc (414)
[2019.01.07-13.02.44:765][ 54]LogModuleManager: Shutting down and abandoning module MessagingRpc (412)
[2019.01.07-13.02.44:765][ 54]LogModuleManager: Shutting down and abandoning module AIModule (410)
[2019.01.07-13.02.44:765][ 54]LogModuleManager: Shutting down and abandoning module GameplayDebugger (409)
[2019.01.07-13.02.44:765][ 54]LogModuleManager: Shutting down and abandoning module AITestSuite (407)
[2019.01.07-13.02.44:765][ 54]LogModuleManager: Shutting down and abandoning module NavigationSystem (405)
[2019.01.07-13.02.44:765][ 54]LogModuleManager: Shutting down and abandoning module DesktopPlatform (402)
[2019.01.07-13.02.44:765][ 54]LogModuleManager: Shutting down and abandoning module ProfilerService (400)
[2019.01.07-13.02.44:837][ 54]LogModuleManager: Shutting down and abandoning module TaskGraph (398)
[2019.01.07-13.02.44:837][ 54]LogModuleManager: Shutting down and abandoning module SteamVRController (396)
[2019.01.07-13.02.44:837][ 54]LogModuleManager: Shutting down and abandoning module ProceduralMeshComponentEditor (394)
[2019.01.07-13.02.44:838][ 54]LogModuleManager: Shutting down and abandoning module ProceduralMeshComponent (392)
[2019.01.07-13.02.44:838][ 54]LogModuleManager: Shutting down and abandoning module OculusInput (390)
[2019.01.07-13.02.44:838][ 54]LogModuleManager: Shutting down and abandoning module MobilePatchingUtils (388)
[2019.01.07-13.02.44:838][ 54]LogModuleManager: Shutting down and abandoning module EditableMesh (386)
[2019.01.07-13.02.44:838][ 54]LogModuleManager: Shutting down and abandoning module CustomMeshComponent (384)
[2019.01.07-13.02.44:838][ 54]LogModuleManager: Shutting down and abandoning module CableComponent (382)
[2019.01.07-13.02.44:838][ 54]LogModuleManager: Shutting down and abandoning module AudioCapture (380)
[2019.01.07-13.02.44:838][ 54]LogModuleManager: Shutting down and abandoning module ArchVisCharacter (378)
[2019.01.07-13.02.44:838][ 54]LogModuleManager: Shutting down and abandoning module AndroidPermission (376)
[2019.01.07-13.02.44:838][ 54]LogModuleManager: Shutting down and abandoning module NUTUnrealEngine4 (374)
[2019.01.07-13.02.44:838][ 54]LogModuleManager: Shutting down and abandoning module NetcodeUnitTest (372)
[2019.01.07-13.02.44:838][ 54]LogModuleManager: Shutting down and abandoning module MediaCompositingEditor (370)
[2019.01.07-13.02.44:838][ 54]LogModuleManager: Shutting down and abandoning module MediaCompositing (368)
[2019.01.07-13.02.44:838][ 54]LogModuleManager: Shutting down and abandoning module LinearTimecode (366)
[2019.01.07-13.02.44:838][ 54]LogModuleManager: Shutting down and abandoning module ImgMedia (364)
[2019.01.07-13.02.44:843][ 54]LogModuleManager: Shutting down and abandoning module HTML5Networking (362)
[2019.01.07-13.02.44:843][ 54]LogModuleManager: Shutting down and abandoning module GeometryCacheTracks (360)
[2019.01.07-13.02.44:845][ 54]LogModuleManager: Shutting down and abandoning module GeometryCacheSequencer (358)
[2019.01.07-13.02.44:848][ 54]LogModuleManager: Shutting down and abandoning module BackChannel (356)
[2019.01.07-13.02.44:848][ 54]LogModuleManager: Shutting down and abandoning module AppleVision (354)
[2019.01.07-13.02.44:848][ 54]LogModuleManager: Shutting down and abandoning module AppleImageUtils (352)
[2019.01.07-13.02.44:848][ 54]LogModuleManager: Shutting down and abandoning module AlembicImporter (350)
[2019.01.07-13.02.44:848][ 54]LogModuleManager: Shutting down and abandoning module AlembicLibrary (349)
[2019.01.07-13.02.44:848][ 54]LogModuleManager: Shutting down and abandoning module GeometryCache (348)
[2019.01.07-13.02.44:848][ 54]LogModuleManager: Shutting down and abandoning module GeometryCacheEd (347)
[2019.01.07-13.02.44:849][ 54]LogModuleManager: Shutting down and abandoning module DatasmithContentEditor (342)
[2019.01.07-13.02.44:849][ 54]LogModuleManager: Shutting down and abandoning module DatasmithContent (340)
[2019.01.07-13.02.44:849][ 54]LogModuleManager: Shutting down and abandoning module SpeedTreeImporter (338)
[2019.01.07-13.02.44:849][ 54]LogModuleManager: Shutting down and abandoning module PluginBrowser (336)
[2019.01.07-13.02.44:850][ 54]LogModuleManager: Shutting down and abandoning module MobileLauncherProfileWizard (334)
[2019.01.07-13.02.44:850][ 54]LogModuleManager: Shutting down and abandoning module PolygonModeling (332)
[2019.01.07-13.02.44:850][ 54]LogModuleManager: Shutting down and abandoning module MeshEditor (330)
[2019.01.07-13.02.44:850][ 54]LogModuleManager: Shutting down and abandoning module CryptoKeysOpenSSL (328)
[2019.01.07-13.02.44:850][ 54]LogModuleManager: Shutting down and abandoning module CryptoKeys (326)
[2019.01.07-13.02.44:850][ 54]LogModuleManager: Shutting down and abandoning module VisualStudioSourceCodeAccess (324)
[2019.01.07-13.02.44:850][ 54]LogModuleManager: Shutting down and abandoning module VisualStudioCodeSourceCodeAccess (322)
[2019.01.07-13.02.44:850][ 54]LogModuleManager: Shutting down and abandoning module UObjectPlugin (320)
[2019.01.07-13.02.44:850][ 54]LogModuleManager: Shutting down and abandoning module SubversionSourceControl (318)
[2019.01.07-13.02.44:850][ 54]LogModuleManager: Shutting down and abandoning module PerforceSourceControl (316)
[2019.01.07-13.02.44:850][ 54]LogModuleManager: Shutting down and abandoning module GitSourceControl (314)
[2019.01.07-13.02.44:850][ 54]LogModuleManager: Shutting down and abandoning module SourceControl (313)
[2019.01.07-13.02.44:850][ 54]LogModuleManager: Shutting down and abandoning module CLionSourceCodeAccess (310)
[2019.01.07-13.02.44:850][ 54]LogModuleManager: Shutting down and abandoning module LightPropagationVolumeEditor (308)
[2019.01.07-13.02.44:850][ 54]LogModuleManager: Shutting down and abandoning module PaperTiledImporter (306)
[2019.01.07-13.02.44:850][ 54]LogModuleManager: Shutting down and abandoning module PaperSpriteSheetImporter (304)
[2019.01.07-13.02.44:850][ 54]LogModuleManager: Shutting down and abandoning module Paper2DEditor (302)
[2019.01.07-13.02.44:850][ 54]LogModuleManager: Shutting down and abandoning module MeshPaint (301)
[2019.01.07-13.02.44:850][ 54]LogModuleManager: Shutting down and abandoning module RuntimePhysXCooking (298)
[2019.01.07-13.02.44:850][ 54]LogModuleManager: Shutting down and abandoning module PhysXVehiclesEditor (296)
[2019.01.07-13.02.44:850][ 54]LogModuleManager: Shutting down and abandoning module PhysXVehicles (294)
[2019.01.07-13.02.44:850][ 54]LogModuleManager: Shutting down and abandoning module OculusEditor (292)
[2019.01.07-13.02.44:850][ 54]LogModuleManager: Shutting down and abandoning module LocationServicesBPLibrary (290)
[2019.01.07-13.02.44:850][ 54]LogModuleManager: Shutting down and abandoning module ImmediatePhysicsEditor (288)
[2019.01.07-13.02.44:850][ 54]LogModuleManager: Shutting down and abandoning module ImmediatePhysics (286)
[2019.01.07-13.02.44:850][ 54]LogModuleManager: Shutting down and abandoning module ActorSequence (284)
[2019.01.07-13.02.44:850][ 54]LogModuleManager: Shutting down and abandoning module UdpMessaging (282)
[2019.01.07-13.02.44:952][ 54]LogModuleManager: Shutting down and abandoning module TcpMessaging (280)
[2019.01.07-13.02.45:052][ 54]LogModuleManager: Shutting down and abandoning module MagicLeapAudio (278)
[2019.01.07-13.02.45:052][ 54]LogModuleManager: Shutting down and abandoning module GameplayTagsEditor (276)
[2019.01.07-13.02.45:052][ 54]LogModuleManager: Shutting down and abandoning module FacialAnimationEditor (274)
[2019.01.07-13.02.45:052][ 54]LogModuleManager: Shutting down and abandoning module FacialAnimation (272)
[2019.01.07-13.02.45:052][ 54]LogModuleManager: Shutting down and abandoning module DataValidation (270)
[2019.01.07-13.02.45:052][ 54]LogModuleManager: Shutting down and abandoning module AssetManagerEditor (268)
[2019.01.07-13.02.45:052][ 54]LogModuleManager: Shutting down and abandoning module LevelEditor (267)
[2019.01.07-13.02.45:052][ 54]LogModuleManager: Shutting down and abandoning module PixelInspectorModule (266)
[2019.01.07-13.02.45:052][ 54]LogModuleManager: Shutting down and abandoning module CommonMenuExtensions (264)
[2019.01.07-13.02.45:053][ 54]LogModuleManager: Shutting down and abandoning module MainFrame (262)
[2019.01.07-13.02.45:053][ 54]LogModuleManager: Shutting down and abandoning module HotReload (261)
[2019.01.07-13.02.45:053][ 54]LogModuleManager: Shutting down and abandoning module ContentBrowser (257)
[2019.01.07-13.02.45:054][ 54]LogModuleManager: Shutting down and abandoning module TreeMap (255)
[2019.01.07-13.02.45:054][ 54]LogModuleManager: Shutting down and abandoning module LightPropagationVolumeRuntime (252)
[2019.01.07-13.02.45:054][ 54]LogModuleManager: Shutting down and abandoning module AISupportModule (250)
[2019.01.07-13.02.45:054][ 54]LogModuleManager: Shutting down and abandoning module Paper2D (248)
[2019.01.07-13.02.45:054][ 54]LogModuleManager: Shutting down and abandoning module WindowsMoviePlayer (246)
[2019.01.07-13.02.45:054][ 54]LogModuleManager: Shutting down and abandoning module WmfMedia (244)
[2019.01.07-13.02.45:058][ 54]LogModuleManager: Shutting down and abandoning module Media (243)
[2019.01.07-13.02.45:064][ 54]LogModuleManager: Shutting down and abandoning module PacketHandler (240)
[2019.01.07-13.02.45:064][ 54]LogModuleManager: Shutting down and abandoning module ClothingSystemEditor (238)
[2019.01.07-13.02.45:064][ 54]LogModuleManager: Shutting down and abandoning module ClothingSystemRuntime (236)
[2019.01.07-13.02.45:064][ 54]LogModuleManager: Shutting down and abandoning module MediaAssets (234)
[2019.01.07-13.02.45:064][ 54]LogModuleManager: Shutting down and abandoning module Overlay (232)
[2019.01.07-13.02.45:064][ 54]LogModuleManager: Shutting down and abandoning module OverlayEditor (231)
[2019.01.07-13.02.45:064][ 54]LogModuleManager: Shutting down and abandoning module VREditor (228)
[2019.01.07-13.02.45:064][ 54]LogModuleManager: Shutting down and abandoning module StringTableEditor (226)
[2019.01.07-13.02.45:064][ 54]LogModuleManager: Shutting down and abandoning module GameplayTasksEditor (224)
[2019.01.07-13.02.45:064][ 54]LogModuleManager: Shutting down and abandoning module BehaviorTreeEditor (222)
[2019.01.07-13.02.45:064][ 54]LogModuleManager: Shutting down and abandoning module FunctionalTesting (220)
[2019.01.07-13.02.45:064][ 54]LogModuleManager: Shutting down and abandoning module CollisionAnalyzer (218)
[2019.01.07-13.02.45:065][ 54]LogModuleManager: Shutting down and abandoning module WorkspaceMenuStructure (217)
[2019.01.07-13.02.45:065][ 54]LogModuleManager: Shutting down and abandoning module UMG (214)
[2019.01.07-13.02.45:065][ 54]LogModuleManager: Shutting down and abandoning module UMGEditor (213)
[2019.01.07-13.02.45:065][ 54]LogModuleManager: Shutting down and abandoning module Sequencer (212)
[2019.01.07-13.02.45:065][ 54]LogModuleManager: Shutting down and abandoning module MessageLog (209)
[2019.01.07-13.02.45:065][ 54]LogModuleManager: Shutting down and abandoning module SlateReflector (204)
[2019.01.07-13.02.45:065][ 54]LogModuleManager: Shutting down and abandoning module Slate (202)
[2019.01.07-13.02.45:065][ 54]LogModuleManager: Shutting down and abandoning module EditorStyle (200)
[2019.01.07-13.02.45:066][ 54]LogModuleManager: Shutting down and abandoning module MRMesh (198)
[2019.01.07-13.02.45:067][ 54]LogModuleManager: Shutting down and abandoning module SourceCodeAccess (196)
[2019.01.07-13.02.45:067][ 54]LogModuleManager: Shutting down and abandoning module HeadMountedDisplay (194)
[2019.01.07-13.02.45:067][ 54]LogModuleManager: Shutting down and abandoning module XAudio2 (192)
[2019.01.07-13.02.45:067][ 54]LogModuleManager: Shutting down and abandoning module Networking (190)
[2019.01.07-13.02.45:067][ 54]LogModuleManager: Shutting down and abandoning module Core (188)
[2019.01.07-13.02.45:067][ 54]LogModuleManager: Shutting down and abandoning module LevelSequence (186)
[2019.01.07-13.02.45:067][ 54]LogModuleManager: Shutting down and abandoning module KismetCompiler (184)
[2019.01.07-13.02.45:067][ 54]LogModuleManager: Shutting down and abandoning module MeshUtilities (182)
[2019.01.07-13.02.45:067][ 54]LogModuleManager: Shutting down and abandoning module MeshMergeUtilities (181)
[2019.01.07-13.02.45:067][ 54]LogModuleManager: Shutting down and abandoning module MeshReductionInterface (180)
[2019.01.07-13.02.45:067][ 54]LogModuleManager: Shutting down and abandoning module SimplygonSwarm (179)
[2019.01.07-13.02.45:067][ 54]LogModuleManager: Shutting down and abandoning module ProxyLODMeshReduction (177)
[2019.01.07-13.02.45:067][ 54]LogModuleManager: Shutting down and abandoning module SimplygonMeshReduction (175)
[2019.01.07-13.02.45:067][ 54]LogModuleManager: Shutting down and abandoning module QuadricMeshReduction (173)
[2019.01.07-13.02.45:067][ 54]LogModuleManager: Shutting down and abandoning module MaterialBaking (169)
[2019.01.07-13.02.45:067][ 54]LogModuleManager: Shutting down and abandoning module DirectoryWatcher (165)
[2019.01.07-13.02.45:067][ 54]LogModuleManager: Shutting down and abandoning module DerivedDataCache (162)
[2019.01.07-13.02.45:156][ 54]LogDerivedDataCache: Shutdown
[2019.01.07-13.02.45:156][ 54]LogModuleManager: Shutting down and abandoning module XGEController (160)
[2019.01.07-13.02.45:156][ 54]LogModuleManager: Shutting down and abandoning module TargetPlatform (158)
[2019.01.07-13.02.45:156][ 54]LogModuleManager: Shutting down and abandoning module VulkanShaderFormat (157)
[2019.01.07-13.02.45:156][ 54]LogModuleManager: Shutting down and abandoning module ShaderFormatVectorVM (155)
[2019.01.07-13.02.45:156][ 54]LogModuleManager: Shutting down and abandoning module ShaderFormatOpenGL (153)
[2019.01.07-13.02.45:156][ 54]LogModuleManager: Shutting down and abandoning module ShaderFormatD3D (151)
[2019.01.07-13.02.45:156][ 54]LogModuleManager: Shutting down and abandoning module MetalShaderFormat (149)
[2019.01.07-13.02.45:156][ 54]LogModuleManager: Shutting down and abandoning module TextureFormatUncompressed (147)
[2019.01.07-13.02.45:156][ 54]LogModuleManager: Shutting down and abandoning module TextureFormatPVR (145)
[2019.01.07-13.02.45:156][ 54]LogModuleManager: Shutting down and abandoning module TextureFormatDXT (143)
[2019.01.07-13.02.45:156][ 54]LogModuleManager: Shutting down and abandoning module TextureFormatIntelISPCTexComp (141)
[2019.01.07-13.02.45:157][ 54]LogModuleManager: Shutting down and abandoning module TextureFormatASTC (139)
[2019.01.07-13.02.45:157][ 54]LogModuleManager: Shutting down and abandoning module ImageWrapper (138)
[2019.01.07-13.02.45:157][ 54]LogModuleManager: Shutting down and abandoning module TextureFormatAndroid (135)
[2019.01.07-13.02.45:157][ 54]LogModuleManager: Shutting down and abandoning module AudioFormatOpus (133)
[2019.01.07-13.02.45:157][ 54]LogModuleManager: Shutting down and abandoning module AudioFormatOgg (131)
[2019.01.07-13.02.45:157][ 54]LogModuleManager: Shutting down and abandoning module AudioFormatADPCM (129)
[2019.01.07-13.02.45:157][ 54]LogModuleManager: Shutting down and abandoning module LuminTargetPlatform (127)
[2019.01.07-13.02.45:157][ 54]LogModuleManager: Shutting down and abandoning module LinuxTargetPlatform (125)
[2019.01.07-13.02.45:157][ 54]LogModuleManager: Shutting down and abandoning module LinuxServerTargetPlatform (123)
[2019.01.07-13.02.45:157][ 54]LogModuleManager: Shutting down and abandoning module LinuxNoEditorTargetPlatform (121)
[2019.01.07-13.02.45:157][ 54]LogModuleManager: Shutting down and abandoning module LinuxClientTargetPlatform (119)
[2019.01.07-13.02.45:157][ 54]LogModuleManager: Shutting down and abandoning module TVOSTargetPlatform (117)
[2019.01.07-13.02.45:157][ 54]LogModuleManager: Shutting down and abandoning module Messaging (115)
[2019.01.07-13.02.45:157][ 54]LogModuleManager: Shutting down and abandoning module IOSTargetPlatform (113)
[2019.01.07-13.02.45:158][ 54]LogModuleManager: Shutting down and abandoning module HTML5TargetPlatform (111)
[2019.01.07-13.02.45:158][ 54]LogModuleManager: Shutting down and abandoning module AndroidTargetPlatform (109)
[2019.01.07-13.02.45:163][ 54]LogModuleManager: Shutting down and abandoning module WindowsTargetPlatform (107)
[2019.01.07-13.02.45:163][ 54]LogModuleManager: Shutting down and abandoning module WindowsServerTargetPlatform (105)
[2019.01.07-13.02.45:163][ 54]LogModuleManager: Shutting down and abandoning module WindowsNoEditorTargetPlatform (103)
[2019.01.07-13.02.45:163][ 54]LogModuleManager: Shutting down and abandoning module WindowsClientTargetPlatform (101)
[2019.01.07-13.02.45:163][ 54]LogModuleManager: Shutting down and abandoning module MacTargetPlatform (99)
[2019.01.07-13.02.45:163][ 54]LogModuleManager: Shutting down and abandoning module MacServerTargetPlatform (97)
[2019.01.07-13.02.45:163][ 54]LogModuleManager: Shutting down and abandoning module MacNoEditorTargetPlatform (95)
[2019.01.07-13.02.45:163][ 54]LogModuleManager: Shutting down and abandoning module MacClientTargetPlatform (93)
[2019.01.07-13.02.45:163][ 54]LogModuleManager: Shutting down and abandoning module AllDesktopTargetPlatform (91)
[2019.01.07-13.02.45:163][ 54]LogModuleManager: Shutting down and abandoning module InputCore (88)
[2019.01.07-13.02.45:163][ 54]LogModuleManager: Shutting down and abandoning module Settings (86)
[2019.01.07-13.02.45:163][ 54]LogModuleManager: Shutting down and abandoning module PhysXCooking (84)
[2019.01.07-13.02.45:163][ 54]LogModuleManager: Shutting down and abandoning module SteamVR (82)
[2019.01.07-13.02.45:164][ 54]LogModuleManager: Shutting down and abandoning module OculusHMD (80)
[2019.01.07-13.02.45:164][ 54]LogModuleManager: Shutting down and abandoning module ExampleDeviceProfileSelector (78)
[2019.01.07-13.02.45:164][ 54]LogModuleManager: Shutting down and abandoning module LauncherChunkInstaller (76)
[2019.01.07-13.02.45:164][ 54]LogModuleManager: Shutting down and abandoning module OnlineBlueprintSupport (74)
[2019.01.07-13.02.45:164][ 54]LogModuleManager: Shutting down and abandoning module OnlineSubsystem (70)
[2019.01.07-13.02.45:164][ 54]LogModuleManager: Shutting down and abandoning module XMPP (65)
[2019.01.07-13.02.45:164][ 54]LogModuleManager: Shutting down and abandoning module WebSockets (64)
[2019.01.07-13.02.45:175][ 54]LogModuleManager: Shutting down and abandoning module HTTP (61)
[2019.01.07-13.02.45:175][ 54]LogHttp: Display: Http module shutting down, but needs to wait on 1 outstanding Http requests:
[2019.01.07-13.02.45:175][ 54]LogHttp: Display: 	verb=[POST] url=[https://datarouter.ol.epicgames.com/datarouter/api/v1/public/data?SessionID=%7BF509EE9E-44D5-8C2A-C3F2-B7BF491FDCAA%7D&AppID=UEEditor.Rocket.Release&AppVersion=4.20.3-4369336%2B%2B%2BUE4%2BRelease-4.20&UserID=46a1420449a43d617a1dcdb2ad657c92%7Cc01168b6256d4ddfb9f91142ec348b12%7C4dbb0dfc-bb78-4e21-8ab4-899582d78ce2&AppEnvironment=datacollector-binary&UploadType=eteventstream] status=Processing
[2019.01.07-13.02.45:175][ 54]LogHttp: Display: Sleeping 0.5s to wait for 1 outstanding Http requests.
[2019.01.07-13.02.45:683][ 54]LogHttp: Display: Sleeping 0.5s to wait for 1 outstanding Http requests.
[2019.01.07-13.02.46:183][ 54]LogHttp: Display: Sleeping 0.5s to wait for 1 outstanding Http requests.
[2019.01.07-13.02.46:684][ 54]LogHttp: Display: Sleeping 0.5s to wait for 1 outstanding Http requests.
[2019.01.07-13.02.47:185][ 54]LogHttp: Display: Sleeping 0.5s to wait for 1 outstanding Http requests.
[2019.01.07-13.02.47:685][ 54]LogHttp: Display: Sleeping 0.5s to wait for 1 outstanding Http requests.
[2019.01.07-13.02.48:186][ 54]LogHttp: Display: Sleeping 0.5s to wait for 1 outstanding Http requests.
[2019.01.07-13.02.48:687][ 54]LogHttp: Display: Sleeping 0.5s to wait for 1 outstanding Http requests.
[2019.01.07-13.02.49:187][ 54]LogHttp: Display: Sleeping 0.5s to wait for 1 outstanding Http requests.
[2019.01.07-13.02.49:689][ 54]LogHttp: Display: Sleeping 0.5s to wait for 1 outstanding Http requests.
[2019.01.07-13.02.50:190][ 54]LogHttp: Display: Sleeping 0.5s to wait for 1 outstanding Http requests.
[2019.01.07-13.02.50:690][ 54]LogHttp: Display: Sleeping 0.5s to wait for 1 outstanding Http requests.
[2019.01.07-13.02.51:191][ 54]LogHttp: Display: Sleeping 0.5s to wait for 1 outstanding Http requests.
[2019.01.07-13.02.51:692][ 54]LogHttp: Display: Sleeping 0.5s to wait for 1 outstanding Http requests.
[2019.01.07-13.02.52:192][ 54]LogHttp: Display: Sleeping 0.5s to wait for 1 outstanding Http requests.
[2019.01.07-13.02.52:693][ 54]LogHttp: Display: Sleeping 0.5s to wait for 1 outstanding Http requests.
[2019.01.07-13.02.53:194][ 54]LogHttp: Display: Sleeping 0.5s to wait for 1 outstanding Http requests.
[2019.01.07-13.02.53:694][ 54]LogHttp: Display: Sleeping 0.5s to wait for 1 outstanding Http requests.
[2019.01.07-13.02.54:195][ 54]LogHttp: Display: Sleeping 0.5s to wait for 1 outstanding Http requests.
[2019.01.07-13.02.54:696][ 54]LogHttp: Display: Sleeping 0.5s to wait for 1 outstanding Http requests.
[2019.01.07-13.02.55:196][ 54]LogHttp: Display: Sleeping 0.5s to wait for 1 outstanding Http requests.
[2019.01.07-13.02.55:697][ 54]LogHttp: Warning: 0000026F5CC75300: request failed, libcurl error: 6 (Couldn't resolve host name)
[2019.01.07-13.02.55:697][ 54]LogHttp: Warning: 0000026F5CC75300: libcurl info message cache 0 (Could not resolve host: datarouter.ol.epicgames.com)
[2019.01.07-13.02.55:697][ 54]LogHttp: Warning: 0000026F5CC75300: libcurl info message cache 1 (Closing connection 1)
[2019.01.07-13.02.55:727][ 54]LogModuleManager: Shutting down and abandoning module SSL (60)
[2019.01.07-13.02.55:727][ 54]LogModuleManager: Shutting down and abandoning module MagicLeapEmulator (56)
[2019.01.07-13.02.55:727][ 54]LogModuleManager: Shutting down and abandoning module MagicLeapPrivileges (54)
[2019.01.07-13.02.55:727][ 54]LogModuleManager: Shutting down and abandoning module MagicLeapIdentity (52)
[2019.01.07-13.02.55:727][ 54]LogModuleManager: Shutting down and abandoning module MagicLeapHelperVulkan (50)
[2019.01.07-13.02.55:727][ 54]LogModuleManager: Shutting down and abandoning module MagicLeapHelperOpenGL (48)
[2019.01.07-13.02.55:727][ 54]LogModuleManager: Shutting down and abandoning module MagicLeapSecureStorage (46)
[2019.01.07-13.02.55:727][ 54]LogModuleManager: Shutting down and abandoning module MagicLeapGestures (44)
[2019.01.07-13.02.55:728][ 54]LogModuleManager: Shutting down and abandoning module MagicLeapEyeTracker (42)
[2019.01.07-13.02.55:728][ 54]LogModuleManager: Shutting down and abandoning module MagicLeapController (40)
[2019.01.07-13.02.55:728][ 54]LogSlate: Slate User Destroyed.  User Index 0, Is Virtual User: 0
[2019.01.07-13.02.55:728][ 54]LogModuleManager: Shutting down and abandoning module MagicLeap (38)
[2019.01.07-13.02.55:728][ 54]LogModuleManager: Shutting down and abandoning module AnimationModifiers (36)
[2019.01.07-13.02.55:728][ 54]LogModuleManager: Shutting down and abandoning module PropertyEditor (35)
[2019.01.07-13.02.55:728][ 54]LogModuleManager: Shutting down and abandoning module AudioEditor (32)
[2019.01.07-13.02.55:728][ 54]LogModuleManager: Shutting down and abandoning module TextureCompressor (30)
[2019.01.07-13.02.55:728][ 54]LogModuleManager: Shutting down and abandoning module ShaderCore (28)
[2019.01.07-13.02.55:728][ 54]LogModuleManager: Shutting down and abandoning module Landscape (26)
[2019.01.07-13.02.55:728][ 54]LogModuleManager: Shutting down and abandoning module SlateRHIRenderer (24)
[2019.01.07-13.02.55:728][ 54]LogModuleManager: Shutting down and abandoning module OpenGLDrv (22)
[2019.01.07-13.02.55:728][ 54]LogModuleManager: Shutting down and abandoning module D3D11RHI (20)
[2019.01.07-13.02.55:728][ 54]LogModuleManager: Shutting down and abandoning module AnimGraphRuntime (18)
[2019.01.07-13.02.55:728][ 54]LogModuleManager: Shutting down and abandoning module Renderer (16)
[2019.01.07-13.02.55:728][ 54]LogModuleManager: Shutting down and abandoning module Engine (14)
[2019.01.07-13.02.55:728][ 54]LogModuleManager: Shutting down and abandoning module CoreUObject (12)
[2019.01.07-13.02.55:728][ 54]LogModuleManager: Shutting down and abandoning module NetworkFile (10)
[2019.01.07-13.02.55:728][ 54]LogModuleManager: Shutting down and abandoning module CookedIterativeFile (8)
[2019.01.07-13.02.55:728][ 54]LogModuleManager: Shutting down and abandoning module StreamingFile (6)
[2019.01.07-13.02.55:728][ 54]LogModuleManager: Shutting down and abandoning module SandboxFile (4)
[2019.01.07-13.02.55:728][ 54]LogModuleManager: Shutting down and abandoning module PakFile (2)
[2019.01.07-13.02.55:737][ 54]LogExit: Exiting.
[2019.01.07-13.02.55:756][ 54]Log file closed, 01/07/19 20:02:55
